2024-06-20 10:26:42.374 +01:00 [INF] Seeding database...
2024-06-20 10:26:42.406 +01:00 [INF] Done seeding database. Exiting.
2024-06-20 10:26:43.342 +01:00 [WRN] Entity 'ApplicationUser' has a global query filter defined and is the required end of a relationship with the entity 'ApplicationUserClaim'. This may lead to unexpected results when the required entity is filtered out. Either configure the navigation as optional, or define matching query filters for both entities in the navigation. See https://go.microsoft.com/fwlink/?linkid=2131316 for more information.
2024-06-20 10:26:43.350 +01:00 [WRN] Entity 'ApplicationUser' has a global query filter defined and is the required end of a relationship with the entity 'ApplicationUserLogin'. This may lead to unexpected results when the required entity is filtered out. Either configure the navigation as optional, or define matching query filters for both entities in the navigation. See https://go.microsoft.com/fwlink/?linkid=2131316 for more information.
2024-06-20 10:26:43.354 +01:00 [WRN] Entity 'ApplicationUser' has a global query filter defined and is the required end of a relationship with the entity 'ApplicationUserRole'. This may lead to unexpected results when the required entity is filtered out. Either configure the navigation as optional, or define matching query filters for both entities in the navigation. See https://go.microsoft.com/fwlink/?linkid=2131316 for more information.
2024-06-20 10:26:43.356 +01:00 [WRN] Entity 'ApplicationUser' has a global query filter defined and is the required end of a relationship with the entity 'ApplicationUserToken'. This may lead to unexpected results when the required entity is filtered out. Either configure the navigation as optional, or define matching query filters for both entities in the navigation. See https://go.microsoft.com/fwlink/?linkid=2131316 for more information.
2024-06-20 10:26:47.429 +01:00 [INF] Now listening on: http://localhost:4480
2024-06-20 10:26:47.432 +01:00 [INF] Application started. Press Ctrl+C to shut down.
2024-06-20 10:26:47.433 +01:00 [INF] Hosting environment: Development
2024-06-20 10:26:47.434 +01:00 [INF] Content root path: C:\Users\chara\source\repos\SchoolSaas\src\SchoolSaas.Web.IdentityService
2024-06-20 10:26:49.699 +01:00 [WRN] Unable to identify tenant from query string. Falling back to default.
2024-06-20 10:26:49.884 +01:00 [WRN] Unable to identify tenant from query string. Falling back to default.
2024-06-20 10:26:53.316 +01:00 [WRN] Unable to identify tenant from query string. Falling back to default.
2024-06-20 10:26:53.325 +01:00 [WRN] Unable to identify tenant from query string. Falling back to default.
2024-06-20 10:26:53.482 +01:00 [WRN] Unable to identify tenant from query string. Falling back to default.
2024-06-20 10:26:53.492 +01:00 [WRN] Failed to determine the https port for redirect.
2024-06-20 10:26:53.723 +01:00 [DBG] The event OpenIddict.Server.OpenIddictServerEvents+ProcessRequestContext was successfully processed by OpenIddict.Server.AspNetCore.OpenIddictServerAspNetCoreHandlers+ResolveRequestUri.
2024-06-20 10:26:53.727 +01:00 [DBG] The event OpenIddict.Server.OpenIddictServerEvents+ProcessRequestContext was successfully processed by OpenIddict.Server.OpenIddictServerHandlers+InferEndpointType.
2024-06-20 10:26:53.729 +01:00 [DBG] The event OpenIddict.Server.OpenIddictServerEvents+ProcessRequestContext was successfully processed by OpenIddict.Server.AspNetCore.OpenIddictServerAspNetCoreHandlers+ValidateHostHeader.
2024-06-20 10:26:53.754 +01:00 [DBG] The event OpenIddict.Validation.OpenIddictValidationEvents+ProcessRequestContext was successfully processed by OpenIddict.Validation.AspNetCore.OpenIddictValidationAspNetCoreHandlers+ResolveRequestUri.
2024-06-20 10:26:53.761 +01:00 [DBG] AuthenticationScheme: Identity.Application was not authenticated.
2024-06-20 10:26:53.778 +01:00 [WRN] Unable to identify tenant from query string. Falling back to default.
2024-06-20 10:26:53.785 +01:00 [DBG] The event OpenIddict.Server.OpenIddictServerEvents+ProcessRequestContext was successfully processed by OpenIddict.Server.AspNetCore.OpenIddictServerAspNetCoreHandlers+ResolveRequestUri.
2024-06-20 10:26:53.786 +01:00 [DBG] The event OpenIddict.Server.OpenIddictServerEvents+ProcessRequestContext was successfully processed by OpenIddict.Server.OpenIddictServerHandlers+InferEndpointType.
2024-06-20 10:26:53.788 +01:00 [DBG] The event OpenIddict.Server.OpenIddictServerEvents+ProcessRequestContext was successfully processed by OpenIddict.Server.AspNetCore.OpenIddictServerAspNetCoreHandlers+ValidateHostHeader.
2024-06-20 10:26:53.790 +01:00 [DBG] The event OpenIddict.Validation.OpenIddictValidationEvents+ProcessRequestContext was successfully processed by OpenIddict.Validation.AspNetCore.OpenIddictValidationAspNetCoreHandlers+ResolveRequestUri.
2024-06-20 10:26:53.791 +01:00 [DBG] AuthenticationScheme: Identity.Application was not authenticated.
2024-06-20 10:26:53.912 +01:00 [WRN] Unable to identify tenant from query string. Falling back to default.
2024-06-20 10:26:53.914 +01:00 [DBG] The event OpenIddict.Server.OpenIddictServerEvents+ProcessRequestContext was successfully processed by OpenIddict.Server.AspNetCore.OpenIddictServerAspNetCoreHandlers+ResolveRequestUri.
2024-06-20 10:26:53.915 +01:00 [DBG] The event OpenIddict.Server.OpenIddictServerEvents+ProcessRequestContext was successfully processed by OpenIddict.Server.OpenIddictServerHandlers+InferEndpointType.
2024-06-20 10:26:53.916 +01:00 [DBG] The event OpenIddict.Server.OpenIddictServerEvents+ProcessRequestContext was successfully processed by OpenIddict.Server.AspNetCore.OpenIddictServerAspNetCoreHandlers+ValidateHostHeader.
2024-06-20 10:26:53.917 +01:00 [DBG] The event OpenIddict.Validation.OpenIddictValidationEvents+ProcessRequestContext was successfully processed by OpenIddict.Validation.AspNetCore.OpenIddictValidationAspNetCoreHandlers+ResolveRequestUri.
2024-06-20 10:26:53.918 +01:00 [DBG] AuthenticationScheme: Identity.Application was not authenticated.
2024-06-20 10:26:53.922 +01:00 [WRN] Unable to identify tenant from query string. Falling back to default.
2024-06-20 10:26:53.924 +01:00 [DBG] The event OpenIddict.Server.OpenIddictServerEvents+ProcessRequestContext was successfully processed by OpenIddict.Server.AspNetCore.OpenIddictServerAspNetCoreHandlers+ResolveRequestUri.
2024-06-20 10:26:53.925 +01:00 [DBG] The event OpenIddict.Server.OpenIddictServerEvents+ProcessRequestContext was successfully processed by OpenIddict.Server.OpenIddictServerHandlers+InferEndpointType.
2024-06-20 10:26:53.926 +01:00 [DBG] The event OpenIddict.Server.OpenIddictServerEvents+ProcessRequestContext was successfully processed by OpenIddict.Server.AspNetCore.OpenIddictServerAspNetCoreHandlers+ValidateHostHeader.
2024-06-20 10:26:53.927 +01:00 [DBG] The event OpenIddict.Validation.OpenIddictValidationEvents+ProcessRequestContext was successfully processed by OpenIddict.Validation.AspNetCore.OpenIddictValidationAspNetCoreHandlers+ResolveRequestUri.
2024-06-20 10:26:53.928 +01:00 [DBG] AuthenticationScheme: Identity.Application was not authenticated.
2024-06-20 10:26:53.996 +01:00 [WRN] Unable to identify tenant from query string. Falling back to default.
2024-06-20 10:26:54.014 +01:00 [WRN] Unable to identify tenant from query string. Falling back to default.
2024-06-20 10:28:00.307 +01:00 [WRN] Unable to identify tenant from query string. Falling back to default.
2024-06-20 10:28:00.314 +01:00 [DBG] The event OpenIddict.Server.OpenIddictServerEvents+ProcessRequestContext was successfully processed by OpenIddict.Server.AspNetCore.OpenIddictServerAspNetCoreHandlers+ResolveRequestUri.
2024-06-20 10:28:00.316 +01:00 [DBG] The event OpenIddict.Server.OpenIddictServerEvents+ProcessRequestContext was successfully processed by OpenIddict.Server.OpenIddictServerHandlers+InferEndpointType.
2024-06-20 10:28:00.317 +01:00 [DBG] The event OpenIddict.Server.OpenIddictServerEvents+ProcessRequestContext was successfully processed by OpenIddict.Server.AspNetCore.OpenIddictServerAspNetCoreHandlers+ValidateHostHeader.
2024-06-20 10:28:00.319 +01:00 [DBG] The event OpenIddict.Validation.OpenIddictValidationEvents+ProcessRequestContext was successfully processed by OpenIddict.Validation.AspNetCore.OpenIddictValidationAspNetCoreHandlers+ResolveRequestUri.
2024-06-20 10:28:00.320 +01:00 [DBG] AuthenticationScheme: Identity.Application was not authenticated.
2024-06-20 10:28:00.325 +01:00 [DBG] The event OpenIddict.Validation.OpenIddictValidationEvents+ProcessAuthenticationContext was successfully processed by OpenIddict.Validation.AspNetCore.OpenIddictValidationAspNetCoreHandlers+ValidateHostHeader.
2024-06-20 10:28:00.327 +01:00 [DBG] The event OpenIddict.Validation.OpenIddictValidationEvents+ProcessAuthenticationContext was successfully processed by OpenIddict.Validation.OpenIddictValidationHandlers+EvaluateValidatedTokens.
2024-06-20 10:28:00.329 +01:00 [DBG] The event OpenIddict.Validation.OpenIddictValidationEvents+ProcessAuthenticationContext was successfully processed by OpenIddict.Validation.AspNetCore.OpenIddictValidationAspNetCoreHandlers+ExtractAccessTokenFromAuthorizationHeader.
2024-06-20 10:28:00.331 +01:00 [DBG] The event OpenIddict.Validation.OpenIddictValidationEvents+ProcessAuthenticationContext was successfully processed by OpenIddict.Validation.AspNetCore.OpenIddictValidationAspNetCoreHandlers+ExtractAccessTokenFromBodyForm.
2024-06-20 10:28:00.333 +01:00 [DBG] The event OpenIddict.Validation.OpenIddictValidationEvents+ProcessAuthenticationContext was successfully processed by OpenIddict.Validation.AspNetCore.OpenIddictValidationAspNetCoreHandlers+ExtractAccessTokenFromQueryString.
2024-06-20 10:28:00.334 +01:00 [DBG] The event OpenIddict.Validation.OpenIddictValidationEvents+ProcessAuthenticationContext was successfully processed by OpenIddict.Validation.OpenIddictValidationHandlers+ValidateRequiredTokens.
2024-06-20 10:28:00.336 +01:00 [DBG] The event OpenIddict.Validation.OpenIddictValidationEvents+ProcessAuthenticationContext was successfully processed by OpenIddict.Validation.OpenIddictValidationHandlers+ResolveServerConfiguration.
2024-06-20 10:28:00.337 +01:00 [DBG] The event OpenIddict.Validation.OpenIddictValidationEvents+ProcessAuthenticationContext was successfully processed by OpenIddict.Validation.OpenIddictValidationHandlers+ResolveIntrospectionEndpoint.
2024-06-20 10:28:00.338 +01:00 [DBG] The event OpenIddict.Validation.OpenIddictValidationEvents+ProcessAuthenticationContext was successfully processed by OpenIddict.Validation.OpenIddictValidationHandlers+EvaluateIntrospectionRequest.
2024-06-20 10:28:00.345 +01:00 [DBG] The event OpenIddict.Validation.OpenIddictValidationEvents+ValidateTokenContext was successfully processed by OpenIddict.Validation.OpenIddictValidationHandlers+Protection+ResolveTokenValidationParameters.
2024-06-20 10:28:00.402 +01:00 [DBG] The event OpenIddict.Validation.OpenIddictValidationEvents+ValidateTokenContext was successfully processed by OpenIddict.Validation.OpenIddictValidationHandlers+Protection+ValidateIdentityModelToken.
2024-06-20 10:28:00.403 +01:00 [DBG] The event OpenIddict.Validation.OpenIddictValidationEvents+ValidateTokenContext was marked as rejected by OpenIddict.Validation.OpenIddictValidationHandlers+Protection+ValidateIdentityModelToken.
2024-06-20 10:28:00.404 +01:00 [DBG] The event OpenIddict.Validation.OpenIddictValidationEvents+ProcessAuthenticationContext was successfully processed by OpenIddict.Validation.OpenIddictValidationHandlers+ValidateAccessToken.
2024-06-20 10:28:00.405 +01:00 [DBG] The event OpenIddict.Validation.OpenIddictValidationEvents+ProcessAuthenticationContext was marked as rejected by OpenIddict.Validation.OpenIddictValidationHandlers+ValidateAccessToken.
2024-06-20 10:28:00.407 +01:00 [INF] OpenIddict.Validation.AspNetCore was not authenticated. Failure message: An error occurred while authenticating the current request.
2024-06-20 10:28:00.416 +01:00 [DBG] The event OpenIddict.Validation.OpenIddictValidationEvents+ProcessChallengeContext was successfully processed by OpenIddict.Validation.AspNetCore.OpenIddictValidationAspNetCoreHandlers+ResolveHostChallengeProperties.
2024-06-20 10:28:00.420 +01:00 [DBG] The event OpenIddict.Validation.OpenIddictValidationEvents+ProcessChallengeContext was successfully processed by OpenIddict.Validation.AspNetCore.OpenIddictValidationAspNetCoreHandlers+AttachHostChallengeError.
2024-06-20 10:28:00.423 +01:00 [DBG] The event OpenIddict.Validation.OpenIddictValidationEvents+ProcessChallengeContext was successfully processed by OpenIddict.Validation.OpenIddictValidationHandlers+AttachDefaultChallengeError.
2024-06-20 10:28:00.425 +01:00 [DBG] The event OpenIddict.Validation.OpenIddictValidationEvents+ProcessChallengeContext was successfully processed by OpenIddict.Validation.OpenIddictValidationHandlers+AttachCustomChallengeParameters.
2024-06-20 10:28:00.426 +01:00 [DBG] The event OpenIddict.Validation.OpenIddictValidationEvents+ProcessChallengeContext was successfully processed by OpenIddict.Validation.AspNetCore.OpenIddictValidationAspNetCoreHandlers+AttachHttpResponseCode`1[[OpenIddict.Validation.OpenIddictValidationEvents+ProcessChallengeContext, OpenIddict.Validation, Version=5.2.0.0, Culture=neutral, PublicKeyToken=35a561290d20de2f]].
2024-06-20 10:28:00.428 +01:00 [DBG] The event OpenIddict.Validation.OpenIddictValidationEvents+ProcessChallengeContext was successfully processed by OpenIddict.Validation.AspNetCore.OpenIddictValidationAspNetCoreHandlers+AttachCacheControlHeader`1[[OpenIddict.Validation.OpenIddictValidationEvents+ProcessChallengeContext, OpenIddict.Validation, Version=5.2.0.0, Culture=neutral, PublicKeyToken=35a561290d20de2f]].
2024-06-20 10:28:00.432 +01:00 [DBG] The event OpenIddict.Validation.OpenIddictValidationEvents+ProcessChallengeContext was successfully processed by OpenIddict.Validation.AspNetCore.OpenIddictValidationAspNetCoreHandlers+AttachWwwAuthenticateHeader`1[[OpenIddict.Validation.OpenIddictValidationEvents+ProcessChallengeContext, OpenIddict.Validation, Version=5.2.0.0, Culture=neutral, PublicKeyToken=35a561290d20de2f]].
2024-06-20 10:28:00.436 +01:00 [INF] The response was successfully returned as a challenge response: {
  "error": "invalid_token",
  "error_description": "The signing key associated to the specified token was not found.",
  "error_uri": "https://documentation.openiddict.com/errors/ID2090"
}.
2024-06-20 10:28:00.438 +01:00 [DBG] The event OpenIddict.Validation.OpenIddictValidationEvents+ProcessChallengeContext was successfully processed by OpenIddict.Validation.AspNetCore.OpenIddictValidationAspNetCoreHandlers+ProcessChallengeErrorResponse`1[[OpenIddict.Validation.OpenIddictValidationEvents+ProcessChallengeContext, OpenIddict.Validation, Version=5.2.0.0, Culture=neutral, PublicKeyToken=35a561290d20de2f]].
2024-06-20 10:28:00.439 +01:00 [DBG] The event OpenIddict.Validation.OpenIddictValidationEvents+ProcessChallengeContext was marked as handled by OpenIddict.Validation.AspNetCore.OpenIddictValidationAspNetCoreHandlers+ProcessChallengeErrorResponse`1[[OpenIddict.Validation.OpenIddictValidationEvents+ProcessChallengeContext, OpenIddict.Validation, Version=5.2.0.0, Culture=neutral, PublicKeyToken=35a561290d20de2f]].
2024-06-20 10:28:00.440 +01:00 [INF] AuthenticationScheme: OpenIddict.Validation.AspNetCore was challenged.
2024-06-20 10:28:13.330 +01:00 [WRN] Unable to identify tenant from query string. Falling back to default.
2024-06-20 10:28:13.332 +01:00 [DBG] The event OpenIddict.Server.OpenIddictServerEvents+ProcessRequestContext was successfully processed by OpenIddict.Server.AspNetCore.OpenIddictServerAspNetCoreHandlers+ResolveRequestUri.
2024-06-20 10:28:13.334 +01:00 [INF] The request URI matched a server endpoint: "Token".
2024-06-20 10:28:13.338 +01:00 [DBG] The event OpenIddict.Server.OpenIddictServerEvents+ProcessRequestContext was successfully processed by OpenIddict.Server.OpenIddictServerHandlers+InferEndpointType.
2024-06-20 10:28:13.339 +01:00 [DBG] The event OpenIddict.Server.OpenIddictServerEvents+ProcessRequestContext was successfully processed by OpenIddict.Server.AspNetCore.OpenIddictServerAspNetCoreHandlers+ValidateHostHeader.
2024-06-20 10:28:13.347 +01:00 [DBG] The event OpenIddict.Server.OpenIddictServerEvents+ExtractTokenRequestContext was successfully processed by OpenIddict.Server.AspNetCore.OpenIddictServerAspNetCoreHandlers+ExtractPostRequest`1[[OpenIddict.Server.OpenIddictServerEvents+ExtractTokenRequestContext, OpenIddict.Server, Version=5.2.0.0, Culture=neutral, PublicKeyToken=35a561290d20de2f]].
2024-06-20 10:28:13.349 +01:00 [DBG] The event OpenIddict.Server.OpenIddictServerEvents+ExtractTokenRequestContext was successfully processed by OpenIddict.Server.AspNetCore.OpenIddictServerAspNetCoreHandlers+ValidateClientAuthenticationMethod`1[[OpenIddict.Server.OpenIddictServerEvents+ExtractTokenRequestContext, OpenIddict.Server, Version=5.2.0.0, Culture=neutral, PublicKeyToken=35a561290d20de2f]].
2024-06-20 10:28:13.351 +01:00 [DBG] The event OpenIddict.Server.OpenIddictServerEvents+ExtractTokenRequestContext was successfully processed by OpenIddict.Server.AspNetCore.OpenIddictServerAspNetCoreHandlers+ExtractBasicAuthenticationCredentials`1[[OpenIddict.Server.OpenIddictServerEvents+ExtractTokenRequestContext, OpenIddict.Server, Version=5.2.0.0, Culture=neutral, PublicKeyToken=35a561290d20de2f]].
2024-06-20 10:28:13.353 +01:00 [INF] The token request was successfully extracted: {
  "scope": "EConculsatMA",
  "grant_type": "password",
  "client_id": "m2m.SchoolSaas.Backoffice",
  "client_secret": "[redacted]",
  "username": "SuperAdmin@eConsulatMA",
  "password": "[redacted]"
}.
2024-06-20 10:28:13.354 +01:00 [DBG] The event OpenIddict.Server.OpenIddictServerEvents+ProcessRequestContext was successfully processed by OpenIddict.Server.OpenIddictServerHandlers+Exchange+ExtractTokenRequest.
2024-06-20 10:28:13.358 +01:00 [DBG] The event OpenIddict.Server.OpenIddictServerEvents+ValidateTokenRequestContext was successfully processed by OpenIddict.Server.OpenIddictServerHandlers+Exchange+ValidateGrantType.
2024-06-20 10:28:13.359 +01:00 [DBG] The event OpenIddict.Server.OpenIddictServerEvents+ValidateTokenRequestContext was successfully processed by OpenIddict.Server.OpenIddictServerHandlers+Exchange+ValidateClientIdParameter.
2024-06-20 10:28:13.361 +01:00 [DBG] The event OpenIddict.Server.OpenIddictServerEvents+ValidateTokenRequestContext was successfully processed by OpenIddict.Server.OpenIddictServerHandlers+Exchange+ValidateAuthorizationCodeParameter.
2024-06-20 10:28:13.362 +01:00 [DBG] The event OpenIddict.Server.OpenIddictServerEvents+ValidateTokenRequestContext was successfully processed by OpenIddict.Server.OpenIddictServerHandlers+Exchange+ValidateClientCredentialsParameters.
2024-06-20 10:28:13.363 +01:00 [DBG] The event OpenIddict.Server.OpenIddictServerEvents+ValidateTokenRequestContext was successfully processed by OpenIddict.Server.OpenIddictServerHandlers+Exchange+ValidateDeviceCodeParameter.
2024-06-20 10:28:13.365 +01:00 [DBG] The event OpenIddict.Server.OpenIddictServerEvents+ValidateTokenRequestContext was successfully processed by OpenIddict.Server.OpenIddictServerHandlers+Exchange+ValidateRefreshTokenParameter.
2024-06-20 10:28:13.366 +01:00 [DBG] The event OpenIddict.Server.OpenIddictServerEvents+ValidateTokenRequestContext was successfully processed by OpenIddict.Server.OpenIddictServerHandlers+Exchange+ValidateResourceOwnerCredentialsParameters.
2024-06-20 10:28:13.368 +01:00 [DBG] The event OpenIddict.Server.OpenIddictServerEvents+ValidateTokenRequestContext was successfully processed by OpenIddict.Server.OpenIddictServerHandlers+Exchange+ValidateScopeParameter.
2024-06-20 10:28:13.369 +01:00 [DBG] The event OpenIddict.Server.OpenIddictServerEvents+ValidateTokenRequestContext was successfully processed by OpenIddict.Server.OpenIddictServerHandlers+Exchange+ValidateProofKeyForCodeExchangeParameters.
2024-06-20 10:28:13.372 +01:00 [DBG] The event OpenIddict.Server.OpenIddictServerEvents+ProcessAuthenticationContext was successfully processed by OpenIddict.Server.OpenIddictServerHandlers+ValidateAuthenticationDemand.
2024-06-20 10:28:13.375 +01:00 [DBG] The event OpenIddict.Server.OpenIddictServerEvents+ProcessAuthenticationContext was successfully processed by OpenIddict.Server.OpenIddictServerHandlers+EvaluateValidatedTokens.
2024-06-20 10:28:13.376 +01:00 [DBG] The event OpenIddict.Server.OpenIddictServerEvents+ProcessAuthenticationContext was successfully processed by OpenIddict.Server.OpenIddictServerHandlers+ResolveValidatedTokens.
2024-06-20 10:28:13.378 +01:00 [DBG] The event OpenIddict.Server.OpenIddictServerEvents+ProcessAuthenticationContext was successfully processed by OpenIddict.Server.OpenIddictServerHandlers+ValidateRequiredTokens.
2024-06-20 10:28:13.379 +01:00 [DBG] The event OpenIddict.Server.OpenIddictServerEvents+ProcessAuthenticationContext was successfully processed by OpenIddict.Server.OpenIddictServerHandlers+ValidateClientAssertion.
2024-06-20 10:28:13.472 +01:00 [DBG] The event OpenIddict.Server.OpenIddictServerEvents+ProcessAuthenticationContext was successfully processed by OpenIddict.Server.OpenIddictServerHandlers+ValidateClientId.
2024-06-20 10:28:13.476 +01:00 [DBG] The event OpenIddict.Server.OpenIddictServerEvents+ProcessAuthenticationContext was successfully processed by OpenIddict.Server.OpenIddictServerHandlers+ValidateClientType.
2024-06-20 10:28:13.491 +01:00 [DBG] The event OpenIddict.Server.OpenIddictServerEvents+ProcessAuthenticationContext was successfully processed by OpenIddict.Server.OpenIddictServerHandlers+ValidateClientSecret.
2024-06-20 10:28:13.494 +01:00 [DBG] The event OpenIddict.Server.OpenIddictServerEvents+ProcessAuthenticationContext was successfully processed by OpenIddict.Server.OpenIddictServerHandlers+ResolveHostAuthenticationProperties.
2024-06-20 10:28:13.495 +01:00 [DBG] The event OpenIddict.Server.OpenIddictServerEvents+ValidateTokenRequestContext was successfully processed by OpenIddict.Server.OpenIddictServerHandlers+Exchange+ValidateAuthentication.
2024-06-20 10:28:13.500 +01:00 [DBG] The event OpenIddict.Server.OpenIddictServerEvents+ValidateTokenRequestContext was successfully processed by OpenIddict.Server.OpenIddictServerHandlers+Exchange+ValidateEndpointPermissions.
2024-06-20 10:28:13.503 +01:00 [DBG] The event OpenIddict.Server.OpenIddictServerEvents+ValidateTokenRequestContext was successfully processed by OpenIddict.Server.OpenIddictServerHandlers+Exchange+ValidateGrantTypePermissions.
2024-06-20 10:28:13.505 +01:00 [DBG] The event OpenIddict.Server.OpenIddictServerEvents+ValidateTokenRequestContext was successfully processed by OpenIddict.Server.OpenIddictServerHandlers+Exchange+ValidateScopePermissions.
2024-06-20 10:28:13.507 +01:00 [DBG] The event OpenIddict.Server.OpenIddictServerEvents+ValidateTokenRequestContext was successfully processed by OpenIddict.Server.OpenIddictServerHandlers+Exchange+ValidateProofKeyForCodeExchangeRequirement.
2024-06-20 10:28:13.509 +01:00 [DBG] The event OpenIddict.Server.OpenIddictServerEvents+ValidateTokenRequestContext was successfully processed by OpenIddict.Server.OpenIddictServerHandlers+Exchange+ValidatePresenters.
2024-06-20 10:28:13.510 +01:00 [DBG] The event OpenIddict.Server.OpenIddictServerEvents+ValidateTokenRequestContext was successfully processed by OpenIddict.Server.OpenIddictServerHandlers+Exchange+ValidateRedirectUri.
2024-06-20 10:28:13.511 +01:00 [DBG] The event OpenIddict.Server.OpenIddictServerEvents+ValidateTokenRequestContext was successfully processed by OpenIddict.Server.OpenIddictServerHandlers+Exchange+ValidateCodeVerifier.
2024-06-20 10:28:13.513 +01:00 [DBG] The event OpenIddict.Server.OpenIddictServerEvents+ValidateTokenRequestContext was successfully processed by OpenIddict.Server.OpenIddictServerHandlers+Exchange+ValidateGrantedScopes.
2024-06-20 10:28:13.514 +01:00 [INF] The token request was successfully validated.
2024-06-20 10:28:13.515 +01:00 [DBG] The event OpenIddict.Server.OpenIddictServerEvents+ProcessRequestContext was successfully processed by OpenIddict.Server.OpenIddictServerHandlers+Exchange+ValidateTokenRequest.
2024-06-20 10:28:13.518 +01:00 [DBG] The event OpenIddict.Server.OpenIddictServerEvents+HandleTokenRequestContext was successfully processed by OpenIddict.Server.OpenIddictServerHandlers+Exchange+AttachPrincipal.
2024-06-20 10:28:13.519 +01:00 [DBG] The event OpenIddict.Server.OpenIddictServerEvents+HandleTokenRequestContext was successfully processed by OpenIddict.Server.AspNetCore.OpenIddictServerAspNetCoreHandlers+EnablePassthroughMode`2[[OpenIddict.Server.OpenIddictServerEvents+HandleTokenRequestContext, OpenIddict.Server, Version=5.2.0.0, Culture=neutral, PublicKeyToken=35a561290d20de2f],[OpenIddict.Server.AspNetCore.OpenIddictServerAspNetCoreHandlerFilters+RequireTokenEndpointPassthroughEnabled, OpenIddict.Server.AspNetCore, Version=5.2.0.0, Culture=neutral, PublicKeyToken=35a561290d20de2f]].
2024-06-20 10:28:13.520 +01:00 [DBG] The event OpenIddict.Server.OpenIddictServerEvents+HandleTokenRequestContext was marked as skipped by OpenIddict.Server.AspNetCore.OpenIddictServerAspNetCoreHandlers+EnablePassthroughMode`2[[OpenIddict.Server.OpenIddictServerEvents+HandleTokenRequestContext, OpenIddict.Server, Version=5.2.0.0, Culture=neutral, PublicKeyToken=35a561290d20de2f],[OpenIddict.Server.AspNetCore.OpenIddictServerAspNetCoreHandlerFilters+RequireTokenEndpointPassthroughEnabled, OpenIddict.Server.AspNetCore, Version=5.2.0.0, Culture=neutral, PublicKeyToken=35a561290d20de2f]].
2024-06-20 10:28:13.522 +01:00 [DBG] The event OpenIddict.Server.OpenIddictServerEvents+ProcessRequestContext was successfully processed by OpenIddict.Server.OpenIddictServerHandlers+Exchange+HandleTokenRequest.
2024-06-20 10:28:13.523 +01:00 [DBG] The event OpenIddict.Server.OpenIddictServerEvents+ProcessRequestContext was marked as skipped by OpenIddict.Server.OpenIddictServerHandlers+Exchange+HandleTokenRequest.
2024-06-20 10:28:13.524 +01:00 [DBG] The event OpenIddict.Validation.OpenIddictValidationEvents+ProcessRequestContext was successfully processed by OpenIddict.Validation.AspNetCore.OpenIddictValidationAspNetCoreHandlers+ResolveRequestUri.
2024-06-20 10:28:13.525 +01:00 [DBG] AuthenticationScheme: Identity.Application was not authenticated.
2024-06-20 10:28:13.629 +01:00 [WRN] Compiling a query which loads related collections for more than one collection navigation, either via 'Include' or through projection, but no 'QuerySplittingBehavior' has been configured. By default, Entity Framework will use 'QuerySplittingBehavior.SingleQuery', which can potentially result in slow query performance. See https://go.microsoft.com/fwlink/?linkid=2134277 for more information. To identify the query that's triggering this warning call 'ConfigureWarnings(w => w.Throw(RelationalEventId.MultipleCollectionIncludeWarning))'.
2024-06-20 10:28:14.139 +01:00 [WRN] Compiling a query which loads related collections for more than one collection navigation, either via 'Include' or through projection, but no 'QuerySplittingBehavior' has been configured. By default, Entity Framework will use 'QuerySplittingBehavior.SingleQuery', which can potentially result in slow query performance. See https://go.microsoft.com/fwlink/?linkid=2134277 for more information. To identify the query that's triggering this warning call 'ConfigureWarnings(w => w.Throw(RelationalEventId.MultipleCollectionIncludeWarning))'.
2024-06-20 10:28:14.474 +01:00 [DBG] The event OpenIddict.Server.OpenIddictServerEvents+ProcessSignInContext was successfully processed by OpenIddict.Server.AspNetCore.OpenIddictServerAspNetCoreHandlers+ResolveHostSignInProperties.
2024-06-20 10:28:14.479 +01:00 [DBG] The event OpenIddict.Server.OpenIddictServerEvents+ProcessSignInContext was successfully processed by OpenIddict.Server.OpenIddictServerHandlers+ValidateSignInDemand.
2024-06-20 10:28:14.484 +01:00 [DBG] The event OpenIddict.Server.OpenIddictServerEvents+ProcessSignInContext was successfully processed by OpenIddict.Server.OpenIddictServerHandlers+RedeemTokenEntry.
2024-06-20 10:28:14.486 +01:00 [DBG] The event OpenIddict.Server.OpenIddictServerEvents+ProcessSignInContext was successfully processed by OpenIddict.Server.OpenIddictServerHandlers+RestoreInternalClaims.
2024-06-20 10:28:14.487 +01:00 [DBG] The event OpenIddict.Server.OpenIddictServerEvents+ProcessSignInContext was successfully processed by OpenIddict.Server.OpenIddictServerHandlers+AttachHostProperties.
2024-06-20 10:28:14.488 +01:00 [DBG] The event OpenIddict.Server.OpenIddictServerEvents+ProcessSignInContext was successfully processed by OpenIddict.Server.OpenIddictServerHandlers+AttachDefaultScopes.
2024-06-20 10:28:14.490 +01:00 [DBG] The event OpenIddict.Server.OpenIddictServerEvents+ProcessSignInContext was successfully processed by OpenIddict.Server.OpenIddictServerHandlers+AttachDefaultPresenters.
2024-06-20 10:28:14.491 +01:00 [DBG] The event OpenIddict.Server.OpenIddictServerEvents+ProcessSignInContext was successfully processed by OpenIddict.Server.OpenIddictServerHandlers+InferResources.
2024-06-20 10:28:14.492 +01:00 [DBG] The event OpenIddict.Server.OpenIddictServerEvents+ProcessSignInContext was successfully processed by OpenIddict.Server.OpenIddictServerHandlers+EvaluateGeneratedTokens.
2024-06-20 10:28:14.495 +01:00 [DBG] The event OpenIddict.Server.OpenIddictServerEvents+ProcessSignInContext was successfully processed by OpenIddict.Server.OpenIddictServerHandlers+AttachAuthorization.
2024-06-20 10:28:14.502 +01:00 [DBG] The event OpenIddict.Server.OpenIddictServerEvents+ProcessSignInContext was successfully processed by OpenIddict.Server.OpenIddictServerHandlers+PrepareAccessTokenPrincipal.
2024-06-20 10:28:14.506 +01:00 [DBG] The event OpenIddict.Server.OpenIddictServerEvents+GenerateTokenContext was successfully processed by OpenIddict.Server.OpenIddictServerHandlers+Protection+AttachSecurityCredentials.
2024-06-20 10:28:14.748 +01:00 [DBG] The event OpenIddict.Server.OpenIddictServerEvents+GenerateTokenContext was successfully processed by OpenIddict.Server.OpenIddictServerHandlers+Protection+CreateTokenEntry.
2024-06-20 10:28:14.761 +01:00 [DBG] The event OpenIddict.Server.OpenIddictServerEvents+GenerateTokenContext was successfully processed by OpenIddict.Server.OpenIddictServerHandlers+Protection+GenerateIdentityModelToken.
2024-06-20 10:28:14.763 +01:00 [DBG] The event OpenIddict.Server.OpenIddictServerEvents+GenerateTokenContext was successfully processed by OpenIddict.Server.OpenIddictServerHandlers+Protection+BeautifyToken.
2024-06-20 10:28:14.764 +01:00 [DBG] The event OpenIddict.Server.OpenIddictServerEvents+ProcessSignInContext was successfully processed by OpenIddict.Server.OpenIddictServerHandlers+GenerateAccessToken.
2024-06-20 10:28:14.765 +01:00 [DBG] The event OpenIddict.Server.OpenIddictServerEvents+ProcessSignInContext was successfully processed by OpenIddict.Server.OpenIddictServerHandlers+AttachCustomSignInParameters.
2024-06-20 10:28:14.768 +01:00 [DBG] The event OpenIddict.Server.OpenIddictServerEvents+ProcessSignInContext was successfully processed by OpenIddict.Server.OpenIddictServerHandlers+AttachSignInParameters.
2024-06-20 10:28:14.770 +01:00 [DBG] The event OpenIddict.Server.OpenIddictServerEvents+ApplyTokenResponseContext was successfully processed by OpenIddict.Server.OpenIddictServerHandlers+Exchange+NormalizeErrorResponse.
2024-06-20 10:28:14.772 +01:00 [DBG] The event OpenIddict.Server.OpenIddictServerEvents+ApplyTokenResponseContext was successfully processed by OpenIddict.Server.AspNetCore.OpenIddictServerAspNetCoreHandlers+AttachHttpResponseCode`1[[OpenIddict.Server.OpenIddictServerEvents+ApplyTokenResponseContext, OpenIddict.Server, Version=5.2.0.0, Culture=neutral, PublicKeyToken=35a561290d20de2f]].
2024-06-20 10:28:14.774 +01:00 [DBG] The event OpenIddict.Server.OpenIddictServerEvents+ApplyTokenResponseContext was successfully processed by OpenIddict.Server.AspNetCore.OpenIddictServerAspNetCoreHandlers+AttachCacheControlHeader`1[[OpenIddict.Server.OpenIddictServerEvents+ApplyTokenResponseContext, OpenIddict.Server, Version=5.2.0.0, Culture=neutral, PublicKeyToken=35a561290d20de2f]].
2024-06-20 10:28:14.776 +01:00 [DBG] The event OpenIddict.Server.OpenIddictServerEvents+ApplyTokenResponseContext was successfully processed by OpenIddict.Server.AspNetCore.OpenIddictServerAspNetCoreHandlers+AttachWwwAuthenticateHeader`1[[OpenIddict.Server.OpenIddictServerEvents+ApplyTokenResponseContext, OpenIddict.Server, Version=5.2.0.0, Culture=neutral, PublicKeyToken=35a561290d20de2f]].
2024-06-20 10:28:14.778 +01:00 [INF] The response was successfully returned as a JSON document: {
  "access_token": "[redacted]",
  "token_type": "Bearer",
  "expires_in": 431999
}.
2024-06-20 10:28:14.780 +01:00 [DBG] The event OpenIddict.Server.OpenIddictServerEvents+ApplyTokenResponseContext was successfully processed by OpenIddict.Server.AspNetCore.OpenIddictServerAspNetCoreHandlers+ProcessJsonResponse`1[[OpenIddict.Server.OpenIddictServerEvents+ApplyTokenResponseContext, OpenIddict.Server, Version=5.2.0.0, Culture=neutral, PublicKeyToken=35a561290d20de2f]].
2024-06-20 10:28:14.781 +01:00 [DBG] The event OpenIddict.Server.OpenIddictServerEvents+ApplyTokenResponseContext was marked as handled by OpenIddict.Server.AspNetCore.OpenIddictServerAspNetCoreHandlers+ProcessJsonResponse`1[[OpenIddict.Server.OpenIddictServerEvents+ApplyTokenResponseContext, OpenIddict.Server, Version=5.2.0.0, Culture=neutral, PublicKeyToken=35a561290d20de2f]].
2024-06-20 10:28:14.782 +01:00 [DBG] The event OpenIddict.Server.OpenIddictServerEvents+ProcessSignInContext was successfully processed by OpenIddict.Server.OpenIddictServerHandlers+Exchange+ApplyTokenResponse`1[[OpenIddict.Server.OpenIddictServerEvents+ProcessSignInContext, OpenIddict.Server, Version=5.2.0.0, Culture=neutral, PublicKeyToken=35a561290d20de2f]].
2024-06-20 10:28:14.783 +01:00 [DBG] The event OpenIddict.Server.OpenIddictServerEvents+ProcessSignInContext was marked as handled by OpenIddict.Server.OpenIddictServerHandlers+Exchange+ApplyTokenResponse`1[[OpenIddict.Server.OpenIddictServerEvents+ProcessSignInContext, OpenIddict.Server, Version=5.2.0.0, Culture=neutral, PublicKeyToken=35a561290d20de2f]].
2024-06-20 10:28:28.844 +01:00 [WRN] Unable to identify tenant from query string. Falling back to default.
2024-06-20 10:28:28.848 +01:00 [DBG] The event OpenIddict.Server.OpenIddictServerEvents+ProcessRequestContext was successfully processed by OpenIddict.Server.AspNetCore.OpenIddictServerAspNetCoreHandlers+ResolveRequestUri.
2024-06-20 10:28:28.849 +01:00 [DBG] The event OpenIddict.Server.OpenIddictServerEvents+ProcessRequestContext was successfully processed by OpenIddict.Server.OpenIddictServerHandlers+InferEndpointType.
2024-06-20 10:28:28.850 +01:00 [DBG] The event OpenIddict.Server.OpenIddictServerEvents+ProcessRequestContext was successfully processed by OpenIddict.Server.AspNetCore.OpenIddictServerAspNetCoreHandlers+ValidateHostHeader.
2024-06-20 10:28:28.852 +01:00 [DBG] The event OpenIddict.Validation.OpenIddictValidationEvents+ProcessRequestContext was successfully processed by OpenIddict.Validation.AspNetCore.OpenIddictValidationAspNetCoreHandlers+ResolveRequestUri.
2024-06-20 10:28:28.854 +01:00 [DBG] AuthenticationScheme: Identity.Application was not authenticated.
2024-06-20 10:28:28.856 +01:00 [DBG] The event OpenIddict.Validation.OpenIddictValidationEvents+ProcessAuthenticationContext was successfully processed by OpenIddict.Validation.AspNetCore.OpenIddictValidationAspNetCoreHandlers+ValidateHostHeader.
2024-06-20 10:28:28.858 +01:00 [DBG] The event OpenIddict.Validation.OpenIddictValidationEvents+ProcessAuthenticationContext was successfully processed by OpenIddict.Validation.OpenIddictValidationHandlers+EvaluateValidatedTokens.
2024-06-20 10:28:28.859 +01:00 [DBG] The event OpenIddict.Validation.OpenIddictValidationEvents+ProcessAuthenticationContext was successfully processed by OpenIddict.Validation.AspNetCore.OpenIddictValidationAspNetCoreHandlers+ExtractAccessTokenFromAuthorizationHeader.
2024-06-20 10:28:28.860 +01:00 [DBG] The event OpenIddict.Validation.OpenIddictValidationEvents+ProcessAuthenticationContext was successfully processed by OpenIddict.Validation.AspNetCore.OpenIddictValidationAspNetCoreHandlers+ExtractAccessTokenFromBodyForm.
2024-06-20 10:28:28.861 +01:00 [DBG] The event OpenIddict.Validation.OpenIddictValidationEvents+ProcessAuthenticationContext was successfully processed by OpenIddict.Validation.AspNetCore.OpenIddictValidationAspNetCoreHandlers+ExtractAccessTokenFromQueryString.
2024-06-20 10:28:28.862 +01:00 [DBG] The event OpenIddict.Validation.OpenIddictValidationEvents+ProcessAuthenticationContext was successfully processed by OpenIddict.Validation.OpenIddictValidationHandlers+ValidateRequiredTokens.
2024-06-20 10:28:28.863 +01:00 [DBG] The event OpenIddict.Validation.OpenIddictValidationEvents+ProcessAuthenticationContext was successfully processed by OpenIddict.Validation.OpenIddictValidationHandlers+ResolveServerConfiguration.
2024-06-20 10:28:28.864 +01:00 [DBG] The event OpenIddict.Validation.OpenIddictValidationEvents+ProcessAuthenticationContext was successfully processed by OpenIddict.Validation.OpenIddictValidationHandlers+ResolveIntrospectionEndpoint.
2024-06-20 10:28:28.865 +01:00 [DBG] The event OpenIddict.Validation.OpenIddictValidationEvents+ProcessAuthenticationContext was successfully processed by OpenIddict.Validation.OpenIddictValidationHandlers+EvaluateIntrospectionRequest.
2024-06-20 10:28:28.866 +01:00 [DBG] The event OpenIddict.Validation.OpenIddictValidationEvents+ValidateTokenContext was successfully processed by OpenIddict.Validation.OpenIddictValidationHandlers+Protection+ResolveTokenValidationParameters.
2024-06-20 10:28:28.873 +01:00 [DBG] The event OpenIddict.Validation.OpenIddictValidationEvents+ValidateTokenContext was successfully processed by OpenIddict.Validation.OpenIddictValidationHandlers+Protection+ValidateIdentityModelToken.
2024-06-20 10:28:28.875 +01:00 [DBG] The event OpenIddict.Validation.OpenIddictValidationEvents+ValidateTokenContext was successfully processed by OpenIddict.Validation.OpenIddictValidationHandlers+Protection+NormalizeScopeClaims.
2024-06-20 10:28:28.876 +01:00 [DBG] The event OpenIddict.Validation.OpenIddictValidationEvents+ValidateTokenContext was successfully processed by OpenIddict.Validation.OpenIddictValidationHandlers+Protection+MapInternalClaims.
2024-06-20 10:28:28.878 +01:00 [DBG] The event OpenIddict.Validation.OpenIddictValidationEvents+ValidateTokenContext was successfully processed by OpenIddict.Validation.OpenIddictValidationHandlers+Protection+ValidatePrincipal.
2024-06-20 10:28:28.879 +01:00 [DBG] The event OpenIddict.Validation.OpenIddictValidationEvents+ValidateTokenContext was successfully processed by OpenIddict.Validation.OpenIddictValidationHandlers+Protection+ValidateExpirationDate.
2024-06-20 10:28:28.880 +01:00 [DBG] The event OpenIddict.Validation.OpenIddictValidationEvents+ValidateTokenContext was successfully processed by OpenIddict.Validation.OpenIddictValidationHandlers+Protection+ValidateAudience.
2024-06-20 10:28:28.881 +01:00 [DBG] The event OpenIddict.Validation.OpenIddictValidationEvents+ProcessAuthenticationContext was successfully processed by OpenIddict.Validation.OpenIddictValidationHandlers+ValidateAccessToken.
2024-06-20 10:28:28.882 +01:00 [DBG] AuthenticationScheme: OpenIddict.Validation.AspNetCore was successfully authenticated.
2024-06-20 10:28:28.913 +01:00 [INF] SchoolSaas Request: GetUsersByPermissionQuery 1605fdee-1f66-4892-aea3-b8d0614474b2 superadmin@eConsulatMA
2024-06-20 10:28:39.068 +01:00 [WRN] SchoolSaas Long Running Request: GetUsersByPermissionQuery (10146 milliseconds) 1605fdee-1f66-4892-aea3-b8d0614474b2 superadmin@eConsulatMA
2024-06-20 10:29:31.080 +01:00 [INF] Seeding database...
2024-06-20 10:29:31.115 +01:00 [INF] Done seeding database. Exiting.
2024-06-20 10:29:31.879 +01:00 [WRN] Entity 'ApplicationUser' has a global query filter defined and is the required end of a relationship with the entity 'ApplicationUserClaim'. This may lead to unexpected results when the required entity is filtered out. Either configure the navigation as optional, or define matching query filters for both entities in the navigation. See https://go.microsoft.com/fwlink/?linkid=2131316 for more information.
2024-06-20 10:29:31.883 +01:00 [WRN] Entity 'ApplicationUser' has a global query filter defined and is the required end of a relationship with the entity 'ApplicationUserLogin'. This may lead to unexpected results when the required entity is filtered out. Either configure the navigation as optional, or define matching query filters for both entities in the navigation. See https://go.microsoft.com/fwlink/?linkid=2131316 for more information.
2024-06-20 10:29:31.884 +01:00 [WRN] Entity 'ApplicationUser' has a global query filter defined and is the required end of a relationship with the entity 'ApplicationUserRole'. This may lead to unexpected results when the required entity is filtered out. Either configure the navigation as optional, or define matching query filters for both entities in the navigation. See https://go.microsoft.com/fwlink/?linkid=2131316 for more information.
2024-06-20 10:29:31.885 +01:00 [WRN] Entity 'ApplicationUser' has a global query filter defined and is the required end of a relationship with the entity 'ApplicationUserToken'. This may lead to unexpected results when the required entity is filtered out. Either configure the navigation as optional, or define matching query filters for both entities in the navigation. See https://go.microsoft.com/fwlink/?linkid=2131316 for more information.
2024-06-20 10:29:37.087 +01:00 [INF] Now listening on: http://localhost:4480
2024-06-20 10:29:37.090 +01:00 [INF] Application started. Press Ctrl+C to shut down.
2024-06-20 10:29:37.091 +01:00 [INF] Hosting environment: Development
2024-06-20 10:29:37.092 +01:00 [INF] Content root path: C:\Users\chara\source\repos\SchoolSaas\src\SchoolSaas.Web.IdentityService
2024-06-20 10:29:38.238 +01:00 [WRN] Unable to identify tenant from query string. Falling back to default.
2024-06-20 10:29:38.443 +01:00 [WRN] Unable to identify tenant from query string. Falling back to default.
2024-06-20 10:29:38.764 +01:00 [WRN] Unable to identify tenant from query string. Falling back to default.
2024-06-20 10:29:38.779 +01:00 [WRN] Unable to identify tenant from query string. Falling back to default.
2024-06-20 10:29:38.983 +01:00 [WRN] Unable to identify tenant from query string. Falling back to default.
2024-06-20 10:29:38.997 +01:00 [WRN] Failed to determine the https port for redirect.
2024-06-20 10:29:39.367 +01:00 [DBG] The event OpenIddict.Server.OpenIddictServerEvents+ProcessRequestContext was successfully processed by OpenIddict.Server.AspNetCore.OpenIddictServerAspNetCoreHandlers+ResolveRequestUri.
2024-06-20 10:29:39.381 +01:00 [DBG] The event OpenIddict.Server.OpenIddictServerEvents+ProcessRequestContext was successfully processed by OpenIddict.Server.OpenIddictServerHandlers+InferEndpointType.
2024-06-20 10:29:39.394 +01:00 [DBG] The event OpenIddict.Server.OpenIddictServerEvents+ProcessRequestContext was successfully processed by OpenIddict.Server.AspNetCore.OpenIddictServerAspNetCoreHandlers+ValidateHostHeader.
2024-06-20 10:29:39.447 +01:00 [DBG] The event OpenIddict.Validation.OpenIddictValidationEvents+ProcessRequestContext was successfully processed by OpenIddict.Validation.AspNetCore.OpenIddictValidationAspNetCoreHandlers+ResolveRequestUri.
2024-06-20 10:29:39.462 +01:00 [DBG] AuthenticationScheme: Identity.Application was not authenticated.
2024-06-20 10:29:39.487 +01:00 [WRN] Unable to identify tenant from query string. Falling back to default.
2024-06-20 10:29:39.504 +01:00 [DBG] The event OpenIddict.Server.OpenIddictServerEvents+ProcessRequestContext was successfully processed by OpenIddict.Server.AspNetCore.OpenIddictServerAspNetCoreHandlers+ResolveRequestUri.
2024-06-20 10:29:39.508 +01:00 [DBG] The event OpenIddict.Server.OpenIddictServerEvents+ProcessRequestContext was successfully processed by OpenIddict.Server.OpenIddictServerHandlers+InferEndpointType.
2024-06-20 10:29:39.514 +01:00 [DBG] The event OpenIddict.Server.OpenIddictServerEvents+ProcessRequestContext was successfully processed by OpenIddict.Server.AspNetCore.OpenIddictServerAspNetCoreHandlers+ValidateHostHeader.
2024-06-20 10:29:39.517 +01:00 [DBG] The event OpenIddict.Validation.OpenIddictValidationEvents+ProcessRequestContext was successfully processed by OpenIddict.Validation.AspNetCore.OpenIddictValidationAspNetCoreHandlers+ResolveRequestUri.
2024-06-20 10:29:39.520 +01:00 [DBG] AuthenticationScheme: Identity.Application was not authenticated.
2024-06-20 10:29:39.719 +01:00 [WRN] Unable to identify tenant from query string. Falling back to default.
2024-06-20 10:29:39.721 +01:00 [DBG] The event OpenIddict.Server.OpenIddictServerEvents+ProcessRequestContext was successfully processed by OpenIddict.Server.AspNetCore.OpenIddictServerAspNetCoreHandlers+ResolveRequestUri.
2024-06-20 10:29:39.723 +01:00 [DBG] The event OpenIddict.Server.OpenIddictServerEvents+ProcessRequestContext was successfully processed by OpenIddict.Server.OpenIddictServerHandlers+InferEndpointType.
2024-06-20 10:29:39.725 +01:00 [DBG] The event OpenIddict.Server.OpenIddictServerEvents+ProcessRequestContext was successfully processed by OpenIddict.Server.AspNetCore.OpenIddictServerAspNetCoreHandlers+ValidateHostHeader.
2024-06-20 10:29:39.727 +01:00 [DBG] The event OpenIddict.Validation.OpenIddictValidationEvents+ProcessRequestContext was successfully processed by OpenIddict.Validation.AspNetCore.OpenIddictValidationAspNetCoreHandlers+ResolveRequestUri.
2024-06-20 10:29:39.729 +01:00 [DBG] AuthenticationScheme: Identity.Application was not authenticated.
2024-06-20 10:29:39.733 +01:00 [WRN] Unable to identify tenant from query string. Falling back to default.
2024-06-20 10:29:39.735 +01:00 [DBG] The event OpenIddict.Server.OpenIddictServerEvents+ProcessRequestContext was successfully processed by OpenIddict.Server.AspNetCore.OpenIddictServerAspNetCoreHandlers+ResolveRequestUri.
2024-06-20 10:29:39.736 +01:00 [DBG] The event OpenIddict.Server.OpenIddictServerEvents+ProcessRequestContext was successfully processed by OpenIddict.Server.OpenIddictServerHandlers+InferEndpointType.
2024-06-20 10:29:39.737 +01:00 [DBG] The event OpenIddict.Server.OpenIddictServerEvents+ProcessRequestContext was successfully processed by OpenIddict.Server.AspNetCore.OpenIddictServerAspNetCoreHandlers+ValidateHostHeader.
2024-06-20 10:29:39.739 +01:00 [DBG] The event OpenIddict.Validation.OpenIddictValidationEvents+ProcessRequestContext was successfully processed by OpenIddict.Validation.AspNetCore.OpenIddictValidationAspNetCoreHandlers+ResolveRequestUri.
2024-06-20 10:29:39.740 +01:00 [DBG] AuthenticationScheme: Identity.Application was not authenticated.
2024-06-20 10:29:39.814 +01:00 [WRN] Unable to identify tenant from query string. Falling back to default.
2024-06-20 10:41:30.836 +01:00 [INF] Seeding database...
2024-06-20 10:41:30.864 +01:00 [INF] Done seeding database. Exiting.
2024-06-20 10:41:31.393 +01:00 [WRN] Entity 'ApplicationUser' has a global query filter defined and is the required end of a relationship with the entity 'ApplicationUserClaim'. This may lead to unexpected results when the required entity is filtered out. Either configure the navigation as optional, or define matching query filters for both entities in the navigation. See https://go.microsoft.com/fwlink/?linkid=2131316 for more information.
2024-06-20 10:41:31.395 +01:00 [WRN] Entity 'ApplicationUser' has a global query filter defined and is the required end of a relationship with the entity 'ApplicationUserLogin'. This may lead to unexpected results when the required entity is filtered out. Either configure the navigation as optional, or define matching query filters for both entities in the navigation. See https://go.microsoft.com/fwlink/?linkid=2131316 for more information.
2024-06-20 10:41:31.395 +01:00 [WRN] Entity 'ApplicationUser' has a global query filter defined and is the required end of a relationship with the entity 'ApplicationUserRole'. This may lead to unexpected results when the required entity is filtered out. Either configure the navigation as optional, or define matching query filters for both entities in the navigation. See https://go.microsoft.com/fwlink/?linkid=2131316 for more information.
2024-06-20 10:41:31.395 +01:00 [WRN] Entity 'ApplicationUser' has a global query filter defined and is the required end of a relationship with the entity 'ApplicationUserToken'. This may lead to unexpected results when the required entity is filtered out. Either configure the navigation as optional, or define matching query filters for both entities in the navigation. See https://go.microsoft.com/fwlink/?linkid=2131316 for more information.
2024-06-20 10:42:11.432 +01:00 [INF] Seeding database...
2024-06-20 10:42:11.475 +01:00 [INF] Done seeding database. Exiting.
2024-06-20 10:42:12.502 +01:00 [WRN] Entity 'ApplicationUser' has a global query filter defined and is the required end of a relationship with the entity 'ApplicationUserClaim'. This may lead to unexpected results when the required entity is filtered out. Either configure the navigation as optional, or define matching query filters for both entities in the navigation. See https://go.microsoft.com/fwlink/?linkid=2131316 for more information.
2024-06-20 10:42:12.505 +01:00 [WRN] Entity 'ApplicationUser' has a global query filter defined and is the required end of a relationship with the entity 'ApplicationUserLogin'. This may lead to unexpected results when the required entity is filtered out. Either configure the navigation as optional, or define matching query filters for both entities in the navigation. See https://go.microsoft.com/fwlink/?linkid=2131316 for more information.
2024-06-20 10:42:12.507 +01:00 [WRN] Entity 'ApplicationUser' has a global query filter defined and is the required end of a relationship with the entity 'ApplicationUserRole'. This may lead to unexpected results when the required entity is filtered out. Either configure the navigation as optional, or define matching query filters for both entities in the navigation. See https://go.microsoft.com/fwlink/?linkid=2131316 for more information.
2024-06-20 10:42:12.508 +01:00 [WRN] Entity 'ApplicationUser' has a global query filter defined and is the required end of a relationship with the entity 'ApplicationUserToken'. This may lead to unexpected results when the required entity is filtered out. Either configure the navigation as optional, or define matching query filters for both entities in the navigation. See https://go.microsoft.com/fwlink/?linkid=2131316 for more information.
2024-06-20 10:42:17.900 +01:00 [INF] Now listening on: http://localhost:4480
2024-06-20 10:42:17.903 +01:00 [INF] Application started. Press Ctrl+C to shut down.
2024-06-20 10:42:17.905 +01:00 [INF] Hosting environment: Development
2024-06-20 10:42:17.907 +01:00 [INF] Content root path: C:\Users\chara\source\repos\SchoolSaas\src\SchoolSaas.Web.IdentityService
2024-06-20 10:42:21.476 +01:00 [WRN] Unable to identify tenant from query string. Falling back to default.
2024-06-20 10:42:21.648 +01:00 [WRN] Unable to identify tenant from query string. Falling back to default.
2024-06-20 10:42:22.799 +01:00 [WRN] Unable to identify tenant from query string. Falling back to default.
2024-06-20 10:42:22.803 +01:00 [WRN] Unable to identify tenant from query string. Falling back to default.
2024-06-20 10:42:23.056 +01:00 [WRN] Unable to identify tenant from query string. Falling back to default.
2024-06-20 10:42:23.078 +01:00 [WRN] Failed to determine the https port for redirect.
2024-06-20 10:42:23.268 +01:00 [DBG] The event OpenIddict.Server.OpenIddictServerEvents+ProcessRequestContext was successfully processed by OpenIddict.Server.AspNetCore.OpenIddictServerAspNetCoreHandlers+ResolveRequestUri.
2024-06-20 10:42:23.271 +01:00 [DBG] The event OpenIddict.Server.OpenIddictServerEvents+ProcessRequestContext was successfully processed by OpenIddict.Server.OpenIddictServerHandlers+InferEndpointType.
2024-06-20 10:42:23.274 +01:00 [DBG] The event OpenIddict.Server.OpenIddictServerEvents+ProcessRequestContext was successfully processed by OpenIddict.Server.AspNetCore.OpenIddictServerAspNetCoreHandlers+ValidateHostHeader.
2024-06-20 10:42:23.319 +01:00 [DBG] The event OpenIddict.Validation.OpenIddictValidationEvents+ProcessRequestContext was successfully processed by OpenIddict.Validation.AspNetCore.OpenIddictValidationAspNetCoreHandlers+ResolveRequestUri.
2024-06-20 10:42:23.328 +01:00 [DBG] AuthenticationScheme: Identity.Application was not authenticated.
2024-06-20 10:42:23.341 +01:00 [WRN] Unable to identify tenant from query string. Falling back to default.
2024-06-20 10:42:23.347 +01:00 [DBG] The event OpenIddict.Server.OpenIddictServerEvents+ProcessRequestContext was successfully processed by OpenIddict.Server.AspNetCore.OpenIddictServerAspNetCoreHandlers+ResolveRequestUri.
2024-06-20 10:42:23.348 +01:00 [DBG] The event OpenIddict.Server.OpenIddictServerEvents+ProcessRequestContext was successfully processed by OpenIddict.Server.OpenIddictServerHandlers+InferEndpointType.
2024-06-20 10:42:23.349 +01:00 [DBG] The event OpenIddict.Server.OpenIddictServerEvents+ProcessRequestContext was successfully processed by OpenIddict.Server.AspNetCore.OpenIddictServerAspNetCoreHandlers+ValidateHostHeader.
2024-06-20 10:42:23.350 +01:00 [DBG] The event OpenIddict.Validation.OpenIddictValidationEvents+ProcessRequestContext was successfully processed by OpenIddict.Validation.AspNetCore.OpenIddictValidationAspNetCoreHandlers+ResolveRequestUri.
2024-06-20 10:42:23.352 +01:00 [DBG] AuthenticationScheme: Identity.Application was not authenticated.
2024-06-20 10:42:23.394 +01:00 [WRN] Unable to identify tenant from query string. Falling back to default.
2024-06-20 10:42:23.396 +01:00 [DBG] The event OpenIddict.Server.OpenIddictServerEvents+ProcessRequestContext was successfully processed by OpenIddict.Server.AspNetCore.OpenIddictServerAspNetCoreHandlers+ResolveRequestUri.
2024-06-20 10:42:23.397 +01:00 [DBG] The event OpenIddict.Server.OpenIddictServerEvents+ProcessRequestContext was successfully processed by OpenIddict.Server.OpenIddictServerHandlers+InferEndpointType.
2024-06-20 10:42:23.398 +01:00 [DBG] The event OpenIddict.Server.OpenIddictServerEvents+ProcessRequestContext was successfully processed by OpenIddict.Server.AspNetCore.OpenIddictServerAspNetCoreHandlers+ValidateHostHeader.
2024-06-20 10:42:23.399 +01:00 [DBG] The event OpenIddict.Validation.OpenIddictValidationEvents+ProcessRequestContext was successfully processed by OpenIddict.Validation.AspNetCore.OpenIddictValidationAspNetCoreHandlers+ResolveRequestUri.
2024-06-20 10:42:23.401 +01:00 [DBG] AuthenticationScheme: Identity.Application was not authenticated.
2024-06-20 10:42:23.404 +01:00 [WRN] Unable to identify tenant from query string. Falling back to default.
2024-06-20 10:42:23.406 +01:00 [DBG] The event OpenIddict.Server.OpenIddictServerEvents+ProcessRequestContext was successfully processed by OpenIddict.Server.AspNetCore.OpenIddictServerAspNetCoreHandlers+ResolveRequestUri.
2024-06-20 10:42:23.407 +01:00 [DBG] The event OpenIddict.Server.OpenIddictServerEvents+ProcessRequestContext was successfully processed by OpenIddict.Server.OpenIddictServerHandlers+InferEndpointType.
2024-06-20 10:42:23.408 +01:00 [DBG] The event OpenIddict.Server.OpenIddictServerEvents+ProcessRequestContext was successfully processed by OpenIddict.Server.AspNetCore.OpenIddictServerAspNetCoreHandlers+ValidateHostHeader.
2024-06-20 10:42:23.409 +01:00 [DBG] The event OpenIddict.Validation.OpenIddictValidationEvents+ProcessRequestContext was successfully processed by OpenIddict.Validation.AspNetCore.OpenIddictValidationAspNetCoreHandlers+ResolveRequestUri.
2024-06-20 10:42:23.411 +01:00 [DBG] AuthenticationScheme: Identity.Application was not authenticated.
2024-06-20 10:42:23.464 +01:00 [WRN] Unable to identify tenant from query string. Falling back to default.
2024-06-20 10:50:31.344 +01:00 [INF] Seeding database...
2024-06-20 10:50:31.369 +01:00 [INF] Done seeding database. Exiting.
2024-06-20 10:50:31.868 +01:00 [WRN] Entity 'ApplicationUser' has a global query filter defined and is the required end of a relationship with the entity 'ApplicationUserClaim'. This may lead to unexpected results when the required entity is filtered out. Either configure the navigation as optional, or define matching query filters for both entities in the navigation. See https://go.microsoft.com/fwlink/?linkid=2131316 for more information.
2024-06-20 10:50:31.869 +01:00 [WRN] Entity 'ApplicationUser' has a global query filter defined and is the required end of a relationship with the entity 'ApplicationUserLogin'. This may lead to unexpected results when the required entity is filtered out. Either configure the navigation as optional, or define matching query filters for both entities in the navigation. See https://go.microsoft.com/fwlink/?linkid=2131316 for more information.
2024-06-20 10:50:31.869 +01:00 [WRN] Entity 'ApplicationUser' has a global query filter defined and is the required end of a relationship with the entity 'ApplicationUserRole'. This may lead to unexpected results when the required entity is filtered out. Either configure the navigation as optional, or define matching query filters for both entities in the navigation. See https://go.microsoft.com/fwlink/?linkid=2131316 for more information.
2024-06-20 10:50:31.869 +01:00 [WRN] Entity 'ApplicationUser' has a global query filter defined and is the required end of a relationship with the entity 'ApplicationUserToken'. This may lead to unexpected results when the required entity is filtered out. Either configure the navigation as optional, or define matching query filters for both entities in the navigation. See https://go.microsoft.com/fwlink/?linkid=2131316 for more information.
2024-06-20 10:51:53.839 +01:00 [INF] Seeding database...
2024-06-20 10:51:53.898 +01:00 [INF] Done seeding database. Exiting.
2024-06-20 10:51:54.791 +01:00 [WRN] Entity 'ApplicationUser' has a global query filter defined and is the required end of a relationship with the entity 'ApplicationUserClaim'. This may lead to unexpected results when the required entity is filtered out. Either configure the navigation as optional, or define matching query filters for both entities in the navigation. See https://go.microsoft.com/fwlink/?linkid=2131316 for more information.
2024-06-20 10:51:54.794 +01:00 [WRN] Entity 'ApplicationUser' has a global query filter defined and is the required end of a relationship with the entity 'ApplicationUserLogin'. This may lead to unexpected results when the required entity is filtered out. Either configure the navigation as optional, or define matching query filters for both entities in the navigation. See https://go.microsoft.com/fwlink/?linkid=2131316 for more information.
2024-06-20 10:51:54.796 +01:00 [WRN] Entity 'ApplicationUser' has a global query filter defined and is the required end of a relationship with the entity 'ApplicationUserRole'. This may lead to unexpected results when the required entity is filtered out. Either configure the navigation as optional, or define matching query filters for both entities in the navigation. See https://go.microsoft.com/fwlink/?linkid=2131316 for more information.
2024-06-20 10:51:54.797 +01:00 [WRN] Entity 'ApplicationUser' has a global query filter defined and is the required end of a relationship with the entity 'ApplicationUserToken'. This may lead to unexpected results when the required entity is filtered out. Either configure the navigation as optional, or define matching query filters for both entities in the navigation. See https://go.microsoft.com/fwlink/?linkid=2131316 for more information.
2024-06-20 10:52:00.272 +01:00 [INF] Now listening on: http://localhost:4480
2024-06-20 10:52:00.275 +01:00 [INF] Application started. Press Ctrl+C to shut down.
2024-06-20 10:52:00.276 +01:00 [INF] Hosting environment: Development
2024-06-20 10:52:00.277 +01:00 [INF] Content root path: C:\Users\chara\source\repos\SchoolSaas\src\SchoolSaas.Web.IdentityService
2024-06-20 10:52:02.550 +01:00 [WRN] Unable to identify tenant from query string. Falling back to default.
2024-06-20 10:52:02.798 +01:00 [WRN] Unable to identify tenant from query string. Falling back to default.
2024-06-20 10:52:03.174 +01:00 [WRN] Unable to identify tenant from query string. Falling back to default.
2024-06-20 10:52:03.178 +01:00 [WRN] Unable to identify tenant from query string. Falling back to default.
2024-06-20 10:52:03.268 +01:00 [WRN] Unable to identify tenant from query string. Falling back to default.
2024-06-20 10:52:03.277 +01:00 [WRN] Failed to determine the https port for redirect.
2024-06-20 10:52:03.702 +01:00 [DBG] The event OpenIddict.Server.OpenIddictServerEvents+ProcessRequestContext was successfully processed by OpenIddict.Server.AspNetCore.OpenIddictServerAspNetCoreHandlers+ResolveRequestUri.
2024-06-20 10:52:03.706 +01:00 [DBG] The event OpenIddict.Server.OpenIddictServerEvents+ProcessRequestContext was successfully processed by OpenIddict.Server.OpenIddictServerHandlers+InferEndpointType.
2024-06-20 10:52:03.712 +01:00 [DBG] The event OpenIddict.Server.OpenIddictServerEvents+ProcessRequestContext was successfully processed by OpenIddict.Server.AspNetCore.OpenIddictServerAspNetCoreHandlers+ValidateHostHeader.
2024-06-20 10:52:03.752 +01:00 [DBG] The event OpenIddict.Validation.OpenIddictValidationEvents+ProcessRequestContext was successfully processed by OpenIddict.Validation.AspNetCore.OpenIddictValidationAspNetCoreHandlers+ResolveRequestUri.
2024-06-20 10:52:03.764 +01:00 [DBG] AuthenticationScheme: Identity.Application was not authenticated.
2024-06-20 10:52:03.785 +01:00 [WRN] Unable to identify tenant from query string. Falling back to default.
2024-06-20 10:52:03.797 +01:00 [DBG] The event OpenIddict.Server.OpenIddictServerEvents+ProcessRequestContext was successfully processed by OpenIddict.Server.AspNetCore.OpenIddictServerAspNetCoreHandlers+ResolveRequestUri.
2024-06-20 10:52:03.799 +01:00 [DBG] The event OpenIddict.Server.OpenIddictServerEvents+ProcessRequestContext was successfully processed by OpenIddict.Server.OpenIddictServerHandlers+InferEndpointType.
2024-06-20 10:52:03.800 +01:00 [DBG] The event OpenIddict.Server.OpenIddictServerEvents+ProcessRequestContext was successfully processed by OpenIddict.Server.AspNetCore.OpenIddictServerAspNetCoreHandlers+ValidateHostHeader.
2024-06-20 10:52:03.803 +01:00 [DBG] The event OpenIddict.Validation.OpenIddictValidationEvents+ProcessRequestContext was successfully processed by OpenIddict.Validation.AspNetCore.OpenIddictValidationAspNetCoreHandlers+ResolveRequestUri.
2024-06-20 10:52:03.806 +01:00 [DBG] AuthenticationScheme: Identity.Application was not authenticated.
2024-06-20 10:52:03.851 +01:00 [WRN] Unable to identify tenant from query string. Falling back to default.
2024-06-20 10:52:03.853 +01:00 [DBG] The event OpenIddict.Server.OpenIddictServerEvents+ProcessRequestContext was successfully processed by OpenIddict.Server.AspNetCore.OpenIddictServerAspNetCoreHandlers+ResolveRequestUri.
2024-06-20 10:52:03.854 +01:00 [DBG] The event OpenIddict.Server.OpenIddictServerEvents+ProcessRequestContext was successfully processed by OpenIddict.Server.OpenIddictServerHandlers+InferEndpointType.
2024-06-20 10:52:03.856 +01:00 [DBG] The event OpenIddict.Server.OpenIddictServerEvents+ProcessRequestContext was successfully processed by OpenIddict.Server.AspNetCore.OpenIddictServerAspNetCoreHandlers+ValidateHostHeader.
2024-06-20 10:52:03.857 +01:00 [DBG] The event OpenIddict.Validation.OpenIddictValidationEvents+ProcessRequestContext was successfully processed by OpenIddict.Validation.AspNetCore.OpenIddictValidationAspNetCoreHandlers+ResolveRequestUri.
2024-06-20 10:52:03.858 +01:00 [DBG] AuthenticationScheme: Identity.Application was not authenticated.
2024-06-20 10:52:03.862 +01:00 [WRN] Unable to identify tenant from query string. Falling back to default.
2024-06-20 10:52:03.863 +01:00 [DBG] The event OpenIddict.Server.OpenIddictServerEvents+ProcessRequestContext was successfully processed by OpenIddict.Server.AspNetCore.OpenIddictServerAspNetCoreHandlers+ResolveRequestUri.
2024-06-20 10:52:03.865 +01:00 [DBG] The event OpenIddict.Server.OpenIddictServerEvents+ProcessRequestContext was successfully processed by OpenIddict.Server.OpenIddictServerHandlers+InferEndpointType.
2024-06-20 10:52:03.867 +01:00 [DBG] The event OpenIddict.Server.OpenIddictServerEvents+ProcessRequestContext was successfully processed by OpenIddict.Server.AspNetCore.OpenIddictServerAspNetCoreHandlers+ValidateHostHeader.
2024-06-20 10:52:03.869 +01:00 [DBG] The event OpenIddict.Validation.OpenIddictValidationEvents+ProcessRequestContext was successfully processed by OpenIddict.Validation.AspNetCore.OpenIddictValidationAspNetCoreHandlers+ResolveRequestUri.
2024-06-20 10:52:03.871 +01:00 [DBG] AuthenticationScheme: Identity.Application was not authenticated.
2024-06-20 10:52:03.995 +01:00 [WRN] Unable to identify tenant from query string. Falling back to default.
2024-06-20 11:38:48.741 +01:00 [INF] Seeding database...
2024-06-20 11:38:48.772 +01:00 [INF] Done seeding database. Exiting.
2024-06-20 11:38:49.309 +01:00 [WRN] Entity 'ApplicationUser' has a global query filter defined and is the required end of a relationship with the entity 'ApplicationUserClaim'. This may lead to unexpected results when the required entity is filtered out. Either configure the navigation as optional, or define matching query filters for both entities in the navigation. See https://go.microsoft.com/fwlink/?linkid=2131316 for more information.
2024-06-20 11:38:49.311 +01:00 [WRN] Entity 'ApplicationUser' has a global query filter defined and is the required end of a relationship with the entity 'ApplicationUserLogin'. This may lead to unexpected results when the required entity is filtered out. Either configure the navigation as optional, or define matching query filters for both entities in the navigation. See https://go.microsoft.com/fwlink/?linkid=2131316 for more information.
2024-06-20 11:38:49.311 +01:00 [WRN] Entity 'ApplicationUser' has a global query filter defined and is the required end of a relationship with the entity 'ApplicationUserRole'. This may lead to unexpected results when the required entity is filtered out. Either configure the navigation as optional, or define matching query filters for both entities in the navigation. See https://go.microsoft.com/fwlink/?linkid=2131316 for more information.
2024-06-20 11:38:49.311 +01:00 [WRN] Entity 'ApplicationUser' has a global query filter defined and is the required end of a relationship with the entity 'ApplicationUserToken'. This may lead to unexpected results when the required entity is filtered out. Either configure the navigation as optional, or define matching query filters for both entities in the navigation. See https://go.microsoft.com/fwlink/?linkid=2131316 for more information.
2024-06-20 11:41:01.537 +01:00 [INF] Seeding database...
2024-06-20 11:41:01.601 +01:00 [INF] Done seeding database. Exiting.
2024-06-20 11:41:02.747 +01:00 [WRN] Entity 'ApplicationUser' has a global query filter defined and is the required end of a relationship with the entity 'ApplicationUserClaim'. This may lead to unexpected results when the required entity is filtered out. Either configure the navigation as optional, or define matching query filters for both entities in the navigation. See https://go.microsoft.com/fwlink/?linkid=2131316 for more information.
2024-06-20 11:41:02.750 +01:00 [WRN] Entity 'ApplicationUser' has a global query filter defined and is the required end of a relationship with the entity 'ApplicationUserLogin'. This may lead to unexpected results when the required entity is filtered out. Either configure the navigation as optional, or define matching query filters for both entities in the navigation. See https://go.microsoft.com/fwlink/?linkid=2131316 for more information.
2024-06-20 11:41:02.750 +01:00 [WRN] Entity 'ApplicationUser' has a global query filter defined and is the required end of a relationship with the entity 'ApplicationUserRole'. This may lead to unexpected results when the required entity is filtered out. Either configure the navigation as optional, or define matching query filters for both entities in the navigation. See https://go.microsoft.com/fwlink/?linkid=2131316 for more information.
2024-06-20 11:41:02.750 +01:00 [WRN] Entity 'ApplicationUser' has a global query filter defined and is the required end of a relationship with the entity 'ApplicationUserToken'. This may lead to unexpected results when the required entity is filtered out. Either configure the navigation as optional, or define matching query filters for both entities in the navigation. See https://go.microsoft.com/fwlink/?linkid=2131316 for more information.
