2024-07-07 17:09:42.343 +01:00 [INF] Seeding database...
2024-07-07 17:09:42.374 +01:00 [INF] Done seeding database. Exiting.
2024-07-07 17:09:43.261 +01:00 [WRN] Entity 'ApplicationUser' has a global query filter defined and is the required end of a relationship with the entity 'ApplicationUserClaim'. This may lead to unexpected results when the required entity is filtered out. Either configure the navigation as optional, or define matching query filters for both entities in the navigation. See https://go.microsoft.com/fwlink/?linkid=2131316 for more information.
2024-07-07 17:09:43.264 +01:00 [WRN] Entity 'ApplicationUser' has a global query filter defined and is the required end of a relationship with the entity 'ApplicationUserLogin'. This may lead to unexpected results when the required entity is filtered out. Either configure the navigation as optional, or define matching query filters for both entities in the navigation. See https://go.microsoft.com/fwlink/?linkid=2131316 for more information.
2024-07-07 17:09:43.264 +01:00 [WRN] Entity 'ApplicationUser' has a global query filter defined and is the required end of a relationship with the entity 'ApplicationUserRole'. This may lead to unexpected results when the required entity is filtered out. Either configure the navigation as optional, or define matching query filters for both entities in the navigation. See https://go.microsoft.com/fwlink/?linkid=2131316 for more information.
2024-07-07 17:09:43.264 +01:00 [WRN] Entity 'ApplicationUser' has a global query filter defined and is the required end of a relationship with the entity 'ApplicationUserToken'. This may lead to unexpected results when the required entity is filtered out. Either configure the navigation as optional, or define matching query filters for both entities in the navigation. See https://go.microsoft.com/fwlink/?linkid=2131316 for more information.
2024-07-07 17:10:04.918 +01:00 [INF] Seeding database...
2024-07-07 17:10:04.972 +01:00 [INF] Done seeding database. Exiting.
2024-07-07 17:10:06.016 +01:00 [WRN] Entity 'ApplicationUser' has a global query filter defined and is the required end of a relationship with the entity 'ApplicationUserClaim'. This may lead to unexpected results when the required entity is filtered out. Either configure the navigation as optional, or define matching query filters for both entities in the navigation. See https://go.microsoft.com/fwlink/?linkid=2131316 for more information.
2024-07-07 17:10:06.021 +01:00 [WRN] Entity 'ApplicationUser' has a global query filter defined and is the required end of a relationship with the entity 'ApplicationUserLogin'. This may lead to unexpected results when the required entity is filtered out. Either configure the navigation as optional, or define matching query filters for both entities in the navigation. See https://go.microsoft.com/fwlink/?linkid=2131316 for more information.
2024-07-07 17:10:06.022 +01:00 [WRN] Entity 'ApplicationUser' has a global query filter defined and is the required end of a relationship with the entity 'ApplicationUserRole'. This may lead to unexpected results when the required entity is filtered out. Either configure the navigation as optional, or define matching query filters for both entities in the navigation. See https://go.microsoft.com/fwlink/?linkid=2131316 for more information.
2024-07-07 17:10:06.024 +01:00 [WRN] Entity 'ApplicationUser' has a global query filter defined and is the required end of a relationship with the entity 'ApplicationUserToken'. This may lead to unexpected results when the required entity is filtered out. Either configure the navigation as optional, or define matching query filters for both entities in the navigation. See https://go.microsoft.com/fwlink/?linkid=2131316 for more information.
2024-07-07 17:10:11.751 +01:00 [INF] Now listening on: http://localhost:4480
2024-07-07 17:10:11.755 +01:00 [INF] Application started. Press Ctrl+C to shut down.
2024-07-07 17:10:11.756 +01:00 [INF] Hosting environment: Development
2024-07-07 17:10:11.757 +01:00 [INF] Content root path: C:\Users\chara\source\repos\SchoolSaas\src\SchoolSaas.Web.IdentityService
2024-07-07 17:10:13.422 +01:00 [WRN] Unable to identify tenant from query string. Falling back to default.
2024-07-07 17:10:13.723 +01:00 [WRN] Unable to identify tenant from query string. Falling back to default.
2024-07-07 17:10:13.987 +01:00 [WRN] Unable to identify tenant from query string. Falling back to default.
2024-07-07 17:10:14.094 +01:00 [WRN] Unable to identify tenant from query string. Falling back to default.
2024-07-07 17:10:14.246 +01:00 [WRN] Unable to identify tenant from query string. Falling back to default.
2024-07-07 17:10:14.264 +01:00 [WRN] Failed to determine the https port for redirect.
2024-07-07 17:10:14.521 +01:00 [DBG] The event OpenIddict.Server.OpenIddictServerEvents+ProcessRequestContext was successfully processed by OpenIddict.Server.AspNetCore.OpenIddictServerAspNetCoreHandlers+ResolveRequestUri.
2024-07-07 17:10:14.526 +01:00 [DBG] The event OpenIddict.Server.OpenIddictServerEvents+ProcessRequestContext was successfully processed by OpenIddict.Server.OpenIddictServerHandlers+InferEndpointType.
2024-07-07 17:10:14.530 +01:00 [DBG] The event OpenIddict.Server.OpenIddictServerEvents+ProcessRequestContext was successfully processed by OpenIddict.Server.AspNetCore.OpenIddictServerAspNetCoreHandlers+ValidateHostHeader.
2024-07-07 17:10:14.567 +01:00 [DBG] The event OpenIddict.Validation.OpenIddictValidationEvents+ProcessRequestContext was successfully processed by OpenIddict.Validation.AspNetCore.OpenIddictValidationAspNetCoreHandlers+ResolveRequestUri.
2024-07-07 17:10:14.577 +01:00 [DBG] AuthenticationScheme: Identity.Application was not authenticated.
2024-07-07 17:10:14.595 +01:00 [WRN] Unable to identify tenant from query string. Falling back to default.
2024-07-07 17:10:14.608 +01:00 [DBG] The event OpenIddict.Server.OpenIddictServerEvents+ProcessRequestContext was successfully processed by OpenIddict.Server.AspNetCore.OpenIddictServerAspNetCoreHandlers+ResolveRequestUri.
2024-07-07 17:10:14.611 +01:00 [DBG] The event OpenIddict.Server.OpenIddictServerEvents+ProcessRequestContext was successfully processed by OpenIddict.Server.OpenIddictServerHandlers+InferEndpointType.
2024-07-07 17:10:14.613 +01:00 [DBG] The event OpenIddict.Server.OpenIddictServerEvents+ProcessRequestContext was successfully processed by OpenIddict.Server.AspNetCore.OpenIddictServerAspNetCoreHandlers+ValidateHostHeader.
2024-07-07 17:10:14.617 +01:00 [DBG] The event OpenIddict.Validation.OpenIddictValidationEvents+ProcessRequestContext was successfully processed by OpenIddict.Validation.AspNetCore.OpenIddictValidationAspNetCoreHandlers+ResolveRequestUri.
2024-07-07 17:10:14.619 +01:00 [DBG] AuthenticationScheme: Identity.Application was not authenticated.
2024-07-07 17:10:14.689 +01:00 [WRN] Unable to identify tenant from query string. Falling back to default.
2024-07-07 17:10:14.692 +01:00 [DBG] The event OpenIddict.Server.OpenIddictServerEvents+ProcessRequestContext was successfully processed by OpenIddict.Server.AspNetCore.OpenIddictServerAspNetCoreHandlers+ResolveRequestUri.
2024-07-07 17:10:14.694 +01:00 [DBG] The event OpenIddict.Server.OpenIddictServerEvents+ProcessRequestContext was successfully processed by OpenIddict.Server.OpenIddictServerHandlers+InferEndpointType.
2024-07-07 17:10:14.695 +01:00 [DBG] The event OpenIddict.Server.OpenIddictServerEvents+ProcessRequestContext was successfully processed by OpenIddict.Server.AspNetCore.OpenIddictServerAspNetCoreHandlers+ValidateHostHeader.
2024-07-07 17:10:14.697 +01:00 [DBG] The event OpenIddict.Validation.OpenIddictValidationEvents+ProcessRequestContext was successfully processed by OpenIddict.Validation.AspNetCore.OpenIddictValidationAspNetCoreHandlers+ResolveRequestUri.
2024-07-07 17:10:14.699 +01:00 [DBG] AuthenticationScheme: Identity.Application was not authenticated.
2024-07-07 17:10:14.704 +01:00 [WRN] Unable to identify tenant from query string. Falling back to default.
2024-07-07 17:10:14.706 +01:00 [DBG] The event OpenIddict.Server.OpenIddictServerEvents+ProcessRequestContext was successfully processed by OpenIddict.Server.AspNetCore.OpenIddictServerAspNetCoreHandlers+ResolveRequestUri.
2024-07-07 17:10:14.709 +01:00 [DBG] The event OpenIddict.Server.OpenIddictServerEvents+ProcessRequestContext was successfully processed by OpenIddict.Server.OpenIddictServerHandlers+InferEndpointType.
2024-07-07 17:10:14.711 +01:00 [DBG] The event OpenIddict.Server.OpenIddictServerEvents+ProcessRequestContext was successfully processed by OpenIddict.Server.AspNetCore.OpenIddictServerAspNetCoreHandlers+ValidateHostHeader.
2024-07-07 17:10:14.712 +01:00 [DBG] The event OpenIddict.Validation.OpenIddictValidationEvents+ProcessRequestContext was successfully processed by OpenIddict.Validation.AspNetCore.OpenIddictValidationAspNetCoreHandlers+ResolveRequestUri.
2024-07-07 17:10:14.714 +01:00 [DBG] AuthenticationScheme: Identity.Application was not authenticated.
2024-07-07 17:10:14.784 +01:00 [WRN] Unable to identify tenant from query string. Falling back to default.
2024-07-07 17:12:26.841 +01:00 [WRN] Unable to identify tenant from query string. Falling back to default.
2024-07-07 17:12:26.843 +01:00 [DBG] The event OpenIddict.Server.OpenIddictServerEvents+ProcessRequestContext was successfully processed by OpenIddict.Server.AspNetCore.OpenIddictServerAspNetCoreHandlers+ResolveRequestUri.
2024-07-07 17:12:26.844 +01:00 [DBG] The event OpenIddict.Server.OpenIddictServerEvents+ProcessRequestContext was successfully processed by OpenIddict.Server.OpenIddictServerHandlers+InferEndpointType.
2024-07-07 17:12:26.845 +01:00 [DBG] The event OpenIddict.Server.OpenIddictServerEvents+ProcessRequestContext was successfully processed by OpenIddict.Server.AspNetCore.OpenIddictServerAspNetCoreHandlers+ValidateHostHeader.
2024-07-07 17:12:26.846 +01:00 [DBG] The event OpenIddict.Validation.OpenIddictValidationEvents+ProcessRequestContext was successfully processed by OpenIddict.Validation.AspNetCore.OpenIddictValidationAspNetCoreHandlers+ResolveRequestUri.
2024-07-07 17:12:26.847 +01:00 [DBG] AuthenticationScheme: Identity.Application was not authenticated.
2024-07-07 17:12:51.204 +01:00 [WRN] Unable to identify tenant from query string. Falling back to default.
2024-07-07 17:12:51.245 +01:00 [WRN] Unable to identify tenant from query string. Falling back to default.
2024-07-07 17:12:51.246 +01:00 [WRN] Unable to identify tenant from query string. Falling back to default.
2024-07-07 17:12:51.516 +01:00 [WRN] Unable to identify tenant from query string. Falling back to default.
2024-07-07 17:13:05.049 +01:00 [WRN] Unable to identify tenant from query string. Falling back to default.
2024-07-07 17:13:05.052 +01:00 [DBG] The event OpenIddict.Server.OpenIddictServerEvents+ProcessRequestContext was successfully processed by OpenIddict.Server.AspNetCore.OpenIddictServerAspNetCoreHandlers+ResolveRequestUri.
2024-07-07 17:13:05.053 +01:00 [DBG] The event OpenIddict.Server.OpenIddictServerEvents+ProcessRequestContext was successfully processed by OpenIddict.Server.OpenIddictServerHandlers+InferEndpointType.
2024-07-07 17:13:05.054 +01:00 [DBG] The event OpenIddict.Server.OpenIddictServerEvents+ProcessRequestContext was successfully processed by OpenIddict.Server.AspNetCore.OpenIddictServerAspNetCoreHandlers+ValidateHostHeader.
2024-07-07 17:13:05.055 +01:00 [DBG] The event OpenIddict.Validation.OpenIddictValidationEvents+ProcessRequestContext was successfully processed by OpenIddict.Validation.AspNetCore.OpenIddictValidationAspNetCoreHandlers+ResolveRequestUri.
2024-07-07 17:13:05.057 +01:00 [DBG] AuthenticationScheme: Identity.Application was not authenticated.
2024-07-07 17:13:05.062 +01:00 [DBG] The event OpenIddict.Validation.OpenIddictValidationEvents+ProcessAuthenticationContext was successfully processed by OpenIddict.Validation.AspNetCore.OpenIddictValidationAspNetCoreHandlers+ValidateHostHeader.
2024-07-07 17:13:05.064 +01:00 [DBG] The event OpenIddict.Validation.OpenIddictValidationEvents+ProcessAuthenticationContext was successfully processed by OpenIddict.Validation.OpenIddictValidationHandlers+EvaluateValidatedTokens.
2024-07-07 17:13:05.066 +01:00 [DBG] The event OpenIddict.Validation.OpenIddictValidationEvents+ProcessAuthenticationContext was successfully processed by OpenIddict.Validation.AspNetCore.OpenIddictValidationAspNetCoreHandlers+ExtractAccessTokenFromAuthorizationHeader.
2024-07-07 17:13:05.067 +01:00 [DBG] The event OpenIddict.Validation.OpenIddictValidationEvents+ProcessAuthenticationContext was successfully processed by OpenIddict.Validation.AspNetCore.OpenIddictValidationAspNetCoreHandlers+ExtractAccessTokenFromBodyForm.
2024-07-07 17:13:05.069 +01:00 [DBG] The event OpenIddict.Validation.OpenIddictValidationEvents+ProcessAuthenticationContext was successfully processed by OpenIddict.Validation.AspNetCore.OpenIddictValidationAspNetCoreHandlers+ExtractAccessTokenFromQueryString.
2024-07-07 17:13:05.072 +01:00 [DBG] The event OpenIddict.Validation.OpenIddictValidationEvents+ProcessAuthenticationContext was successfully processed by OpenIddict.Validation.OpenIddictValidationHandlers+ValidateRequiredTokens.
2024-07-07 17:13:05.073 +01:00 [DBG] The event OpenIddict.Validation.OpenIddictValidationEvents+ProcessAuthenticationContext was marked as rejected by OpenIddict.Validation.OpenIddictValidationHandlers+ValidateRequiredTokens.
2024-07-07 17:13:05.075 +01:00 [DBG] AuthenticationScheme: OpenIddict.Validation.AspNetCore was not authenticated.
2024-07-07 17:13:05.084 +01:00 [DBG] The event OpenIddict.Validation.OpenIddictValidationEvents+ProcessChallengeContext was successfully processed by OpenIddict.Validation.AspNetCore.OpenIddictValidationAspNetCoreHandlers+ResolveHostChallengeProperties.
2024-07-07 17:13:05.088 +01:00 [DBG] The event OpenIddict.Validation.OpenIddictValidationEvents+ProcessChallengeContext was successfully processed by OpenIddict.Validation.AspNetCore.OpenIddictValidationAspNetCoreHandlers+AttachHostChallengeError.
2024-07-07 17:13:05.091 +01:00 [DBG] The event OpenIddict.Validation.OpenIddictValidationEvents+ProcessChallengeContext was successfully processed by OpenIddict.Validation.OpenIddictValidationHandlers+AttachDefaultChallengeError.
2024-07-07 17:13:05.092 +01:00 [DBG] The event OpenIddict.Validation.OpenIddictValidationEvents+ProcessChallengeContext was successfully processed by OpenIddict.Validation.OpenIddictValidationHandlers+AttachCustomChallengeParameters.
2024-07-07 17:13:05.094 +01:00 [DBG] The event OpenIddict.Validation.OpenIddictValidationEvents+ProcessChallengeContext was successfully processed by OpenIddict.Validation.AspNetCore.OpenIddictValidationAspNetCoreHandlers+AttachHttpResponseCode`1[[OpenIddict.Validation.OpenIddictValidationEvents+ProcessChallengeContext, OpenIddict.Validation, Version=5.2.0.0, Culture=neutral, PublicKeyToken=35a561290d20de2f]].
2024-07-07 17:13:05.095 +01:00 [DBG] The event OpenIddict.Validation.OpenIddictValidationEvents+ProcessChallengeContext was successfully processed by OpenIddict.Validation.AspNetCore.OpenIddictValidationAspNetCoreHandlers+AttachCacheControlHeader`1[[OpenIddict.Validation.OpenIddictValidationEvents+ProcessChallengeContext, OpenIddict.Validation, Version=5.2.0.0, Culture=neutral, PublicKeyToken=35a561290d20de2f]].
2024-07-07 17:13:05.098 +01:00 [DBG] The event OpenIddict.Validation.OpenIddictValidationEvents+ProcessChallengeContext was successfully processed by OpenIddict.Validation.AspNetCore.OpenIddictValidationAspNetCoreHandlers+AttachWwwAuthenticateHeader`1[[OpenIddict.Validation.OpenIddictValidationEvents+ProcessChallengeContext, OpenIddict.Validation, Version=5.2.0.0, Culture=neutral, PublicKeyToken=35a561290d20de2f]].
2024-07-07 17:13:05.102 +01:00 [INF] The response was successfully returned as a challenge response: {
  "error": "missing_token",
  "error_description": "The security token is missing.",
  "error_uri": "https://documentation.openiddict.com/errors/ID2000"
}.
2024-07-07 17:13:05.104 +01:00 [DBG] The event OpenIddict.Validation.OpenIddictValidationEvents+ProcessChallengeContext was successfully processed by OpenIddict.Validation.AspNetCore.OpenIddictValidationAspNetCoreHandlers+ProcessChallengeErrorResponse`1[[OpenIddict.Validation.OpenIddictValidationEvents+ProcessChallengeContext, OpenIddict.Validation, Version=5.2.0.0, Culture=neutral, PublicKeyToken=35a561290d20de2f]].
2024-07-07 17:13:05.105 +01:00 [DBG] The event OpenIddict.Validation.OpenIddictValidationEvents+ProcessChallengeContext was marked as handled by OpenIddict.Validation.AspNetCore.OpenIddictValidationAspNetCoreHandlers+ProcessChallengeErrorResponse`1[[OpenIddict.Validation.OpenIddictValidationEvents+ProcessChallengeContext, OpenIddict.Validation, Version=5.2.0.0, Culture=neutral, PublicKeyToken=35a561290d20de2f]].
2024-07-07 17:13:05.106 +01:00 [INF] AuthenticationScheme: OpenIddict.Validation.AspNetCore was challenged.
2024-07-07 17:13:42.113 +01:00 [WRN] Unable to identify tenant from query string. Falling back to default.
2024-07-07 17:13:42.148 +01:00 [WRN] Unable to identify tenant from query string. Falling back to default.
2024-07-07 17:13:42.148 +01:00 [WRN] Unable to identify tenant from query string. Falling back to default.
2024-07-07 17:13:42.414 +01:00 [WRN] Unable to identify tenant from query string. Falling back to default.
2024-07-07 17:13:50.195 +01:00 [WRN] Unable to identify tenant from query string. Falling back to default.
2024-07-07 17:13:50.197 +01:00 [DBG] The event OpenIddict.Server.OpenIddictServerEvents+ProcessRequestContext was successfully processed by OpenIddict.Server.AspNetCore.OpenIddictServerAspNetCoreHandlers+ResolveRequestUri.
2024-07-07 17:13:50.198 +01:00 [DBG] The event OpenIddict.Server.OpenIddictServerEvents+ProcessRequestContext was successfully processed by OpenIddict.Server.OpenIddictServerHandlers+InferEndpointType.
2024-07-07 17:13:50.199 +01:00 [DBG] The event OpenIddict.Server.OpenIddictServerEvents+ProcessRequestContext was successfully processed by OpenIddict.Server.AspNetCore.OpenIddictServerAspNetCoreHandlers+ValidateHostHeader.
2024-07-07 17:13:50.200 +01:00 [DBG] The event OpenIddict.Validation.OpenIddictValidationEvents+ProcessRequestContext was successfully processed by OpenIddict.Validation.AspNetCore.OpenIddictValidationAspNetCoreHandlers+ResolveRequestUri.
2024-07-07 17:13:50.201 +01:00 [DBG] AuthenticationScheme: Identity.Application was not authenticated.
2024-07-07 17:13:50.202 +01:00 [DBG] The event OpenIddict.Validation.OpenIddictValidationEvents+ProcessAuthenticationContext was successfully processed by OpenIddict.Validation.AspNetCore.OpenIddictValidationAspNetCoreHandlers+ValidateHostHeader.
2024-07-07 17:13:50.203 +01:00 [DBG] The event OpenIddict.Validation.OpenIddictValidationEvents+ProcessAuthenticationContext was successfully processed by OpenIddict.Validation.OpenIddictValidationHandlers+EvaluateValidatedTokens.
2024-07-07 17:13:50.204 +01:00 [DBG] The event OpenIddict.Validation.OpenIddictValidationEvents+ProcessAuthenticationContext was successfully processed by OpenIddict.Validation.AspNetCore.OpenIddictValidationAspNetCoreHandlers+ExtractAccessTokenFromAuthorizationHeader.
2024-07-07 17:13:50.205 +01:00 [DBG] The event OpenIddict.Validation.OpenIddictValidationEvents+ProcessAuthenticationContext was successfully processed by OpenIddict.Validation.AspNetCore.OpenIddictValidationAspNetCoreHandlers+ExtractAccessTokenFromBodyForm.
2024-07-07 17:13:50.206 +01:00 [DBG] The event OpenIddict.Validation.OpenIddictValidationEvents+ProcessAuthenticationContext was successfully processed by OpenIddict.Validation.AspNetCore.OpenIddictValidationAspNetCoreHandlers+ExtractAccessTokenFromQueryString.
2024-07-07 17:13:50.208 +01:00 [DBG] The event OpenIddict.Validation.OpenIddictValidationEvents+ProcessAuthenticationContext was successfully processed by OpenIddict.Validation.OpenIddictValidationHandlers+ValidateRequiredTokens.
2024-07-07 17:13:50.209 +01:00 [DBG] The event OpenIddict.Validation.OpenIddictValidationEvents+ProcessAuthenticationContext was marked as rejected by OpenIddict.Validation.OpenIddictValidationHandlers+ValidateRequiredTokens.
2024-07-07 17:13:50.211 +01:00 [DBG] AuthenticationScheme: OpenIddict.Validation.AspNetCore was not authenticated.
2024-07-07 17:13:50.271 +01:00 [INF] SchoolSaas Request: CreateFoUserCommand  
2024-07-07 17:14:21.720 +01:00 [WRN] SchoolSaas Long Running Request: CreateFoUserCommand (31436 milliseconds)  
2024-07-07 17:14:58.715 +01:00 [WRN] Unable to identify tenant from query string. Falling back to default.
2024-07-07 17:14:58.718 +01:00 [DBG] The event OpenIddict.Server.OpenIddictServerEvents+ProcessRequestContext was successfully processed by OpenIddict.Server.AspNetCore.OpenIddictServerAspNetCoreHandlers+ResolveRequestUri.
2024-07-07 17:14:58.720 +01:00 [INF] The request URI matched a server endpoint: "Token".
2024-07-07 17:14:58.721 +01:00 [DBG] The event OpenIddict.Server.OpenIddictServerEvents+ProcessRequestContext was successfully processed by OpenIddict.Server.OpenIddictServerHandlers+InferEndpointType.
2024-07-07 17:14:58.722 +01:00 [DBG] The event OpenIddict.Server.OpenIddictServerEvents+ProcessRequestContext was successfully processed by OpenIddict.Server.AspNetCore.OpenIddictServerAspNetCoreHandlers+ValidateHostHeader.
2024-07-07 17:14:58.729 +01:00 [DBG] The event OpenIddict.Server.OpenIddictServerEvents+ExtractTokenRequestContext was successfully processed by OpenIddict.Server.AspNetCore.OpenIddictServerAspNetCoreHandlers+ExtractPostRequest`1[[OpenIddict.Server.OpenIddictServerEvents+ExtractTokenRequestContext, OpenIddict.Server, Version=5.2.0.0, Culture=neutral, PublicKeyToken=35a561290d20de2f]].
2024-07-07 17:14:58.730 +01:00 [DBG] The event OpenIddict.Server.OpenIddictServerEvents+ExtractTokenRequestContext was successfully processed by OpenIddict.Server.AspNetCore.OpenIddictServerAspNetCoreHandlers+ValidateClientAuthenticationMethod`1[[OpenIddict.Server.OpenIddictServerEvents+ExtractTokenRequestContext, OpenIddict.Server, Version=5.2.0.0, Culture=neutral, PublicKeyToken=35a561290d20de2f]].
2024-07-07 17:14:58.731 +01:00 [DBG] The event OpenIddict.Server.OpenIddictServerEvents+ExtractTokenRequestContext was successfully processed by OpenIddict.Server.AspNetCore.OpenIddictServerAspNetCoreHandlers+ExtractBasicAuthenticationCredentials`1[[OpenIddict.Server.OpenIddictServerEvents+ExtractTokenRequestContext, OpenIddict.Server, Version=5.2.0.0, Culture=neutral, PublicKeyToken=35a561290d20de2f]].
2024-07-07 17:14:58.733 +01:00 [INF] The token request was successfully extracted: {
  "client_id": "m2m.SchoolSaas.Frontoffice",
  "grant_type": "password",
  "scope": "EConculsatMA",
  "client_secret": "[redacted]",
  "username": "charaf eddine.moujahid",
  "password": "[redacted]"
}.
2024-07-07 17:14:58.734 +01:00 [DBG] The event OpenIddict.Server.OpenIddictServerEvents+ProcessRequestContext was successfully processed by OpenIddict.Server.OpenIddictServerHandlers+Exchange+ExtractTokenRequest.
2024-07-07 17:14:58.737 +01:00 [DBG] The event OpenIddict.Server.OpenIddictServerEvents+ValidateTokenRequestContext was successfully processed by OpenIddict.Server.OpenIddictServerHandlers+Exchange+ValidateGrantType.
2024-07-07 17:14:58.739 +01:00 [DBG] The event OpenIddict.Server.OpenIddictServerEvents+ValidateTokenRequestContext was successfully processed by OpenIddict.Server.OpenIddictServerHandlers+Exchange+ValidateClientIdParameter.
2024-07-07 17:14:58.740 +01:00 [DBG] The event OpenIddict.Server.OpenIddictServerEvents+ValidateTokenRequestContext was successfully processed by OpenIddict.Server.OpenIddictServerHandlers+Exchange+ValidateAuthorizationCodeParameter.
2024-07-07 17:14:58.741 +01:00 [DBG] The event OpenIddict.Server.OpenIddictServerEvents+ValidateTokenRequestContext was successfully processed by OpenIddict.Server.OpenIddictServerHandlers+Exchange+ValidateClientCredentialsParameters.
2024-07-07 17:14:58.742 +01:00 [DBG] The event OpenIddict.Server.OpenIddictServerEvents+ValidateTokenRequestContext was successfully processed by OpenIddict.Server.OpenIddictServerHandlers+Exchange+ValidateDeviceCodeParameter.
2024-07-07 17:14:58.743 +01:00 [DBG] The event OpenIddict.Server.OpenIddictServerEvents+ValidateTokenRequestContext was successfully processed by OpenIddict.Server.OpenIddictServerHandlers+Exchange+ValidateRefreshTokenParameter.
2024-07-07 17:14:58.745 +01:00 [DBG] The event OpenIddict.Server.OpenIddictServerEvents+ValidateTokenRequestContext was successfully processed by OpenIddict.Server.OpenIddictServerHandlers+Exchange+ValidateResourceOwnerCredentialsParameters.
2024-07-07 17:14:58.746 +01:00 [DBG] The event OpenIddict.Server.OpenIddictServerEvents+ValidateTokenRequestContext was successfully processed by OpenIddict.Server.OpenIddictServerHandlers+Exchange+ValidateScopeParameter.
2024-07-07 17:14:58.747 +01:00 [DBG] The event OpenIddict.Server.OpenIddictServerEvents+ValidateTokenRequestContext was successfully processed by OpenIddict.Server.OpenIddictServerHandlers+Exchange+ValidateProofKeyForCodeExchangeParameters.
2024-07-07 17:14:58.761 +01:00 [DBG] The event OpenIddict.Server.OpenIddictServerEvents+ProcessAuthenticationContext was successfully processed by OpenIddict.Server.OpenIddictServerHandlers+ValidateAuthenticationDemand.
2024-07-07 17:14:58.763 +01:00 [DBG] The event OpenIddict.Server.OpenIddictServerEvents+ProcessAuthenticationContext was successfully processed by OpenIddict.Server.OpenIddictServerHandlers+EvaluateValidatedTokens.
2024-07-07 17:14:58.765 +01:00 [DBG] The event OpenIddict.Server.OpenIddictServerEvents+ProcessAuthenticationContext was successfully processed by OpenIddict.Server.OpenIddictServerHandlers+ResolveValidatedTokens.
2024-07-07 17:14:58.767 +01:00 [DBG] The event OpenIddict.Server.OpenIddictServerEvents+ProcessAuthenticationContext was successfully processed by OpenIddict.Server.OpenIddictServerHandlers+ValidateRequiredTokens.
2024-07-07 17:14:58.769 +01:00 [DBG] The event OpenIddict.Server.OpenIddictServerEvents+ProcessAuthenticationContext was successfully processed by OpenIddict.Server.OpenIddictServerHandlers+ValidateClientAssertion.
2024-07-07 17:14:58.829 +01:00 [DBG] The event OpenIddict.Server.OpenIddictServerEvents+ProcessAuthenticationContext was successfully processed by OpenIddict.Server.OpenIddictServerHandlers+ValidateClientId.
2024-07-07 17:14:58.834 +01:00 [DBG] The event OpenIddict.Server.OpenIddictServerEvents+ProcessAuthenticationContext was successfully processed by OpenIddict.Server.OpenIddictServerHandlers+ValidateClientType.
2024-07-07 17:14:58.848 +01:00 [DBG] The event OpenIddict.Server.OpenIddictServerEvents+ProcessAuthenticationContext was successfully processed by OpenIddict.Server.OpenIddictServerHandlers+Validate
.
2024-07-07 17:14:58.852 +01:00 [DBG] The event OpenIddict.Server.OpenIddictServerEvents+ProcessAuthenticationContext was successfully processed by OpenIddict.Server.OpenIddictServerHandlers+ResolveHostAuthenticationProperties.
2024-07-07 17:14:58.854 +01:00 [DBG] The event OpenIddict.Server.OpenIddictServerEvents+ValidateTokenRequestContext was successfully processed by OpenIddict.Server.OpenIddictServerHandlers+Exchange+ValidateAuthentication.
2024-07-07 17:14:58.859 +01:00 [DBG] The event OpenIddict.Server.OpenIddictServerEvents+ValidateTokenRequestContext was successfully processed by OpenIddict.Server.OpenIddictServerHandlers+Exchange+ValidateEndpointPermissions.
2024-07-07 17:14:58.861 +01:00 [DBG] The event OpenIddict.Server.OpenIddictServerEvents+ValidateTokenRequestContext was successfully processed by OpenIddict.Server.OpenIddictServerHandlers+Exchange+ValidateGrantTypePermissions.
2024-07-07 17:14:58.864 +01:00 [DBG] The event OpenIddict.Server.OpenIddictServerEvents+ValidateTokenRequestContext was successfully processed by OpenIddict.Server.OpenIddictServerHandlers+Exchange+ValidateScopePermissions.
2024-07-07 17:14:58.865 +01:00 [DBG] The event OpenIddict.Server.OpenIddictServerEvents+ValidateTokenRequestContext was successfully processed by OpenIddict.Server.OpenIddictServerHandlers+Exchange+ValidateProofKeyForCodeExchangeRequirement.
2024-07-07 17:14:58.867 +01:00 [DBG] The event OpenIddict.Server.OpenIddictServerEvents+ValidateTokenRequestContext was successfully processed by OpenIddict.Server.OpenIddictServerHandlers+Exchange+ValidatePresenters.
2024-07-07 17:14:58.868 +01:00 [DBG] The event OpenIddict.Server.OpenIddictServerEvents+ValidateTokenRequestContext was successfully processed by OpenIddict.Server.OpenIddictServerHandlers+Exchange+ValidateRedirectUri.
2024-07-07 17:14:58.870 +01:00 [DBG] The event OpenIddict.Server.OpenIddictServerEvents+ValidateTokenRequestContext was successfully processed by OpenIddict.Server.OpenIddictServerHandlers+Exchange+ValidateCodeVerifier.
2024-07-07 17:14:58.871 +01:00 [DBG] The event OpenIddict.Server.OpenIddictServerEvents+ValidateTokenRequestContext was successfully processed by OpenIddict.Server.OpenIddictServerHandlers+Exchange+ValidateGrantedScopes.
2024-07-07 17:14:58.872 +01:00 [INF] The token request was successfully validated.
2024-07-07 17:14:58.873 +01:00 [DBG] The event OpenIddict.Server.OpenIddictServerEvents+ProcessRequestContext was successfully processed by OpenIddict.Server.OpenIddictServerHandlers+Exchange+ValidateTokenRequest.
2024-07-07 17:14:58.875 +01:00 [DBG] The event OpenIddict.Server.OpenIddictServerEvents+HandleTokenRequestContext was successfully processed by OpenIddict.Server.OpenIddictServerHandlers+Exchange+AttachPrincipal.
2024-07-07 17:14:58.877 +01:00 [DBG] The event OpenIddict.Server.OpenIddictServerEvents+HandleTokenRequestContext was successfully processed by OpenIddict.Server.AspNetCore.OpenIddictServerAspNetCoreHandlers+EnablePassthroughMode`2[[OpenIddict.Server.OpenIddictServerEvents+HandleTokenRequestContext, OpenIddict.Server, Version=5.2.0.0, Culture=neutral, PublicKeyToken=35a561290d20de2f],[OpenIddict.Server.AspNetCore.OpenIddictServerAspNetCoreHandlerFilters+RequireTokenEndpointPassthroughEnabled, OpenIddict.Server.AspNetCore, Version=5.2.0.0, Culture=neutral, PublicKeyToken=35a561290d20de2f]].
2024-07-07 17:14:58.878 +01:00 [DBG] The event OpenIddict.Server.OpenIddictServerEvents+HandleTokenRequestContext was marked as skipped by OpenIddict.Server.AspNetCore.OpenIddictServerAspNetCoreHandlers+EnablePassthroughMode`2[[OpenIddict.Server.OpenIddictServerEvents+HandleTokenRequestContext, OpenIddict.Server, Version=5.2.0.0, Culture=neutral, PublicKeyToken=35a561290d20de2f],[OpenIddict.Server.AspNetCore.OpenIddictServerAspNetCoreHandlerFilters+RequireTokenEndpointPassthroughEnabled, OpenIddict.Server.AspNetCore, Version=5.2.0.0, Culture=neutral, PublicKeyToken=35a561290d20de2f]].
2024-07-07 17:14:58.879 +01:00 [DBG] The event OpenIddict.Server.OpenIddictServerEvents+ProcessRequestContext was successfully processed by OpenIddict.Server.OpenIddictServerHandlers+Exchange+HandleTokenRequest.
2024-07-07 17:14:58.880 +01:00 [DBG] The event OpenIddict.Server.OpenIddictServerEvents+ProcessRequestContext was marked as skipped by OpenIddict.Server.OpenIddictServerHandlers+Exchange+HandleTokenRequest.
2024-07-07 17:14:58.881 +01:00 [DBG] The event OpenIddict.Validation.OpenIddictValidationEvents+ProcessRequestContext was successfully processed by OpenIddict.Validation.AspNetCore.OpenIddictValidationAspNetCoreHandlers+ResolveRequestUri.
2024-07-07 17:14:58.883 +01:00 [DBG] AuthenticationScheme: Identity.Application was not authenticated.
2024-07-07 17:14:59.402 +01:00 [INF] SchoolSaas Request: GetFoPermissionsQuery  
2024-07-07 17:14:59.632 +01:00 [DBG] The event OpenIddict.Server.OpenIddictServerEvents+ProcessSignInContext was successfully processed by OpenIddict.Server.AspNetCore.OpenIddictServerAspNetCoreHandlers+ResolveHostSignInProperties.
2024-07-07 17:14:59.637 +01:00 [DBG] The event OpenIddict.Server.OpenIddictServerEvents+ProcessSignInContext was successfully processed by OpenIddict.Server.OpenIddictServerHandlers+ValidateSignInDemand.
2024-07-07 17:14:59.643 +01:00 [DBG] The event OpenIddict.Server.OpenIddictServerEvents+ProcessSignInContext was successfully processed by OpenIddict.Server.OpenIddictServerHandlers+RedeemTokenEntry.
2024-07-07 17:14:59.645 +01:00 [DBG] The event OpenIddict.Server.OpenIddictServerEvents+ProcessSignInContext was successfully processed by OpenIddict.Server.OpenIddictServerHandlers+RestoreInternalClaims.
2024-07-07 17:14:59.646 +01:00 [DBG] The event OpenIddict.Server.OpenIddictServerEvents+ProcessSignInContext was successfully processed by OpenIddict.Server.OpenIddictServerHandlers+AttachHostProperties.
2024-07-07 17:14:59.648 +01:00 [DBG] The event OpenIddict.Server.OpenIddictServerEvents+ProcessSignInContext was successfully processed by OpenIddict.Server.OpenIddictServerHandlers+AttachDefaultScopes.
2024-07-07 17:14:59.649 +01:00 [DBG] The event OpenIddict.Server.OpenIddictServerEvents+ProcessSignInContext was successfully processed by OpenIddict.Server.OpenIddictServerHandlers+AttachDefaultPresenters.
2024-07-07 17:14:59.651 +01:00 [DBG] The event OpenIddict.Server.OpenIddictServerEvents+ProcessSignInContext was successfully processed by OpenIddict.Server.OpenIddictServerHandlers+InferResources.
2024-07-07 17:14:59.653 +01:00 [DBG] The event OpenIddict.Server.OpenIddictServerEvents+ProcessSignInContext was successfully processed by OpenIddict.Server.OpenIddictServerHandlers+EvaluateGeneratedTokens.
2024-07-07 17:14:59.656 +01:00 [DBG] The event OpenIddict.Server.OpenIddictServerEvents+ProcessSignInContext was successfully processed by OpenIddict.Server.OpenIddictServerHandlers+AttachAuthorization.
2024-07-07 17:14:59.662 +01:00 [DBG] The event OpenIddict.Server.OpenIddictServerEvents+ProcessSignInContext was successfully processed by OpenIddict.Server.OpenIddictServerHandlers+PrepareAccessTokenPrincipal.
2024-07-07 17:14:59.666 +01:00 [DBG] The event OpenIddict.Server.OpenIddictServerEvents+GenerateTokenContext was successfully processed by OpenIddict.Server.OpenIddictServerHandlers+Protection+AttachSecurityCredentials.
2024-07-07 17:14:59.812 +01:00 [DBG] The event OpenIddict.Server.OpenIddictServerEvents+GenerateTokenContext was successfully processed by OpenIddict.Server.OpenIddictServerHandlers+Protection+CreateTokenEntry.
2024-07-07 17:14:59.839 +01:00 [DBG] The event OpenIddict.Server.OpenIddictServerEvents+GenerateTokenContext was successfully processed by OpenIddict.Server.OpenIddictServerHandlers+Protection+GenerateIdentityModelToken.
2024-07-07 17:14:59.842 +01:00 [DBG] The event OpenIddict.Server.OpenIddictServerEvents+GenerateTokenContext was successfully processed by OpenIddict.Server.OpenIddictServerHandlers+Protection+BeautifyToken.
2024-07-07 17:14:59.844 +01:00 [DBG] The event OpenIddict.Server.OpenIddictServerEvents+ProcessSignInContext was successfully processed by OpenIddict.Server.OpenIddictServerHandlers+GenerateAccessToken.
2024-07-07 17:14:59.846 +01:00 [DBG] The event OpenIddict.Server.OpenIddictServerEvents+ProcessSignInContext was successfully processed by OpenIddict.Server.OpenIddictServerHandlers+AttachCustomSignInParameters.
2024-07-07 17:14:59.849 +01:00 [DBG] The event OpenIddict.Server.OpenIddictServerEvents+ProcessSignInContext was successfully processed by OpenIddict.Server.OpenIddictServerHandlers+AttachSignInParameters.
2024-07-07 17:14:59.853 +01:00 [DBG] The event OpenIddict.Server.OpenIddictServerEvents+ApplyTokenResponseContext was successfully processed by OpenIddict.Server.OpenIddictServerHandlers+Exchange+NormalizeErrorResponse.
2024-07-07 17:14:59.855 +01:00 [DBG] The event OpenIddict.Server.OpenIddictServerEvents+ApplyTokenResponseContext was successfully processed by OpenIddict.Server.AspNetCore.OpenIddictServerAspNetCoreHandlers+AttachHttpResponseCode`1[[OpenIddict.Server.OpenIddictServerEvents+ApplyTokenResponseContext, OpenIddict.Server, Version=5.2.0.0, Culture=neutral, PublicKeyToken=35a561290d20de2f]].
2024-07-07 17:14:59.856 +01:00 [DBG] The event OpenIddict.Server.OpenIddictServerEvents+ApplyTokenResponseContext was successfully processed by OpenIddict.Server.AspNetCore.OpenIddictServerAspNetCoreHandlers+AttachCacheControlHeader`1[[OpenIddict.Server.OpenIddictServerEvents+ApplyTokenResponseContext, OpenIddict.Server, Version=5.2.0.0, Culture=neutral, PublicKeyToken=35a561290d20de2f]].
2024-07-07 17:14:59.858 +01:00 [DBG] The event OpenIddict.Server.OpenIddictServerEvents+ApplyTokenResponseContext was successfully processed by OpenIddict.Server.AspNetCore.OpenIddictServerAspNetCoreHandlers+AttachWwwAuthenticateHeader`1[[OpenIddict.Server.OpenIddictServerEvents+ApplyTokenResponseContext, OpenIddict.Server, Version=5.2.0.0, Culture=neutral, PublicKeyToken=35a561290d20de2f]].
2024-07-07 17:14:59.861 +01:00 [INF] The response was successfully returned as a JSON document: {
  "access_token": "[redacted]",
  "token_type": "Bearer",
  "expires_in": 431999
}.
2024-07-07 17:14:59.862 +01:00 [DBG] The event OpenIddict.Server.OpenIddictServerEvents+ApplyTokenResponseContext was successfully processed by OpenIddict.Server.AspNetCore.OpenIddictServerAspNetCoreHandlers+ProcessJsonResponse`1[[OpenIddict.Server.OpenIddictServerEvents+ApplyTokenResponseContext, OpenIddict.Server, Version=5.2.0.0, Culture=neutral, PublicKeyToken=35a561290d20de2f]].
2024-07-07 17:14:59.864 +01:00 [DBG] The event OpenIddict.Server.OpenIddictServerEvents+ApplyTokenResponseContext was marked as handled by OpenIddict.Server.AspNetCore.OpenIddictServerAspNetCoreHandlers+ProcessJsonResponse`1[[OpenIddict.Server.OpenIddictServerEvents+ApplyTokenResponseContext, OpenIddict.Server, Version=5.2.0.0, Culture=neutral, PublicKeyToken=35a561290d20de2f]].
2024-07-07 17:14:59.865 +01:00 [DBG] The event OpenIddict.Server.OpenIddictServerEvents+ProcessSignInContext was successfully processed by OpenIddict.Server.OpenIddictServerHandlers+Exchange+ApplyTokenResponse`1[[OpenIddict.Server.OpenIddictServerEvents+ProcessSignInContext, OpenIddict.Server, Version=5.2.0.0, Culture=neutral, PublicKeyToken=35a561290d20de2f]].
2024-07-07 17:14:59.866 +01:00 [DBG] The event OpenIddict.Server.OpenIddictServerEvents+ProcessSignInContext was marked as handled by OpenIddict.Server.OpenIddictServerHandlers+Exchange+ApplyTokenResponse`1[[OpenIddict.Server.OpenIddictServerEvents+ProcessSignInContext, OpenIddict.Server, Version=5.2.0.0, Culture=neutral, PublicKeyToken=35a561290d20de2f]].
2024-07-07 20:26:19.874 +01:00 [INF] Seeding database...
2024-07-07 20:26:19.915 +01:00 [INF] Done seeding database. Exiting.
2024-07-07 20:26:21.269 +01:00 [WRN] Entity 'ApplicationUser' has a global query filter defined and is the required end of a relationship with the entity 'ApplicationUserClaim'. This may lead to unexpected results when the required entity is filtered out. Either configure the navigation as optional, or define matching query filters for both entities in the navigation. See https://go.microsoft.com/fwlink/?linkid=2131316 for more information.
2024-07-07 20:26:21.271 +01:00 [WRN] Entity 'ApplicationUser' has a global query filter defined and is the required end of a relationship with the entity 'ApplicationUserLogin'. This may lead to unexpected results when the required entity is filtered out. Either configure the navigation as optional, or define matching query filters for both entities in the navigation. See https://go.microsoft.com/fwlink/?linkid=2131316 for more information.
2024-07-07 20:26:21.271 +01:00 [WRN] Entity 'ApplicationUser' has a global query filter defined and is the required end of a relationship with the entity 'ApplicationUserRole'. This may lead to unexpected results when the required entity is filtered out. Either configure the navigation as optional, or define matching query filters for both entities in the navigation. See https://go.microsoft.com/fwlink/?linkid=2131316 for more information.
2024-07-07 20:26:21.271 +01:00 [WRN] Entity 'ApplicationUser' has a global query filter defined and is the required end of a relationship with the entity 'ApplicationUserToken'. This may lead to unexpected results when the required entity is filtered out. Either configure the navigation as optional, or define matching query filters for both entities in the navigation. See https://go.microsoft.com/fwlink/?linkid=2131316 for more information.
2024-07-07 20:28:10.367 +01:00 [INF] Seeding database...
2024-07-07 20:28:10.395 +01:00 [INF] Done seeding database. Exiting.
2024-07-07 20:28:10.939 +01:00 [WRN] Entity 'ApplicationUser' has a global query filter defined and is the required end of a relationship with the entity 'ApplicationUserClaim'. This may lead to unexpected results when the required entity is filtered out. Either configure the navigation as optional, or define matching query filters for both entities in the navigation. See https://go.microsoft.com/fwlink/?linkid=2131316 for more information.
2024-07-07 20:28:10.940 +01:00 [WRN] Entity 'ApplicationUser' has a global query filter defined and is the required end of a relationship with the entity 'ApplicationUserLogin'. This may lead to unexpected results when the required entity is filtered out. Either configure the navigation as optional, or define matching query filters for both entities in the navigation. See https://go.microsoft.com/fwlink/?linkid=2131316 for more information.
2024-07-07 20:28:10.940 +01:00 [WRN] Entity 'ApplicationUser' has a global query filter defined and is the required end of a relationship with the entity 'ApplicationUserRole'. This may lead to unexpected results when the required entity is filtered out. Either configure the navigation as optional, or define matching query filters for both entities in the navigation. See https://go.microsoft.com/fwlink/?linkid=2131316 for more information.
2024-07-07 20:28:10.940 +01:00 [WRN] Entity 'ApplicationUser' has a global query filter defined and is the required end of a relationship with the entity 'ApplicationUserToken'. This may lead to unexpected results when the required entity is filtered out. Either configure the navigation as optional, or define matching query filters for both entities in the navigation. See https://go.microsoft.com/fwlink/?linkid=2131316 for more information.
2024-07-07 20:28:21.736 +01:00 [INF] Seeding database...
2024-07-07 20:28:21.778 +01:00 [INF] Done seeding database. Exiting.
2024-07-07 20:28:22.525 +01:00 [WRN] Entity 'ApplicationUser' has a global query filter defined and is the required end of a relationship with the entity 'ApplicationUserClaim'. This may lead to unexpected results when the required entity is filtered out. Either configure the navigation as optional, or define matching query filters for both entities in the navigation. See https://go.microsoft.com/fwlink/?linkid=2131316 for more information.
2024-07-07 20:28:22.529 +01:00 [WRN] Entity 'ApplicationUser' has a global query filter defined and is the required end of a relationship with the entity 'ApplicationUserLogin'. This may lead to unexpected results when the required entity is filtered out. Either configure the navigation as optional, or define matching query filters for both entities in the navigation. See https://go.microsoft.com/fwlink/?linkid=2131316 for more information.
2024-07-07 20:28:22.531 +01:00 [WRN] Entity 'ApplicationUser' has a global query filter defined and is the required end of a relationship with the entity 'ApplicationUserRole'. This may lead to unexpected results when the required entity is filtered out. Either configure the navigation as optional, or define matching query filters for both entities in the navigation. See https://go.microsoft.com/fwlink/?linkid=2131316 for more information.
2024-07-07 20:28:22.532 +01:00 [WRN] Entity 'ApplicationUser' has a global query filter defined and is the required end of a relationship with the entity 'ApplicationUserToken'. This may lead to unexpected results when the required entity is filtered out. Either configure the navigation as optional, or define matching query filters for both entities in the navigation. See https://go.microsoft.com/fwlink/?linkid=2131316 for more information.
2024-07-07 20:28:26.261 +01:00 [INF] Now listening on: http://localhost:4480
2024-07-07 20:28:26.264 +01:00 [INF] Application started. Press Ctrl+C to shut down.
2024-07-07 20:28:26.265 +01:00 [INF] Hosting environment: Development
2024-07-07 20:28:26.266 +01:00 [INF] Content root path: C:\Users\chara\source\repos\SchoolSaas\src\SchoolSaas.Web.IdentityService
2024-07-07 20:28:27.550 +01:00 [WRN] Unable to identify tenant from query string. Falling back to default.
2024-07-07 20:28:27.731 +01:00 [WRN] Unable to identify tenant from query string. Falling back to default.
2024-07-07 20:28:27.927 +01:00 [WRN] Unable to identify tenant from query string. Falling back to default.
2024-07-07 20:28:27.932 +01:00 [WRN] Unable to identify tenant from query string. Falling back to default.
2024-07-07 20:28:28.058 +01:00 [WRN] Unable to identify tenant from query string. Falling back to default.
2024-07-07 20:28:28.070 +01:00 [WRN] Failed to determine the https port for redirect.
2024-07-07 20:28:28.406 +01:00 [DBG] The event OpenIddict.Server.OpenIddictServerEvents+ProcessRequestContext was successfully processed by OpenIddict.Server.AspNetCore.OpenIddictServerAspNetCoreHandlers+ResolveRequestUri.
2024-07-07 20:28:28.411 +01:00 [DBG] The event OpenIddict.Server.OpenIddictServerEvents+ProcessRequestContext was successfully processed by OpenIddict.Server.OpenIddictServerHandlers+InferEndpointType.
2024-07-07 20:28:28.414 +01:00 [DBG] The event OpenIddict.Server.OpenIddictServerEvents+ProcessRequestContext was successfully processed by OpenIddict.Server.AspNetCore.OpenIddictServerAspNetCoreHandlers+ValidateHostHeader.
2024-07-07 20:28:28.466 +01:00 [DBG] The event OpenIddict.Validation.OpenIddictValidationEvents+ProcessRequestContext was successfully processed by OpenIddict.Validation.AspNetCore.OpenIddictValidationAspNetCoreHandlers+ResolveRequestUri.
2024-07-07 20:28:28.496 +01:00 [DBG] AuthenticationScheme: Identity.Application was not authenticated.
2024-07-07 20:28:28.541 +01:00 [WRN] Unable to identify tenant from query string. Falling back to default.
2024-07-07 20:28:28.561 +01:00 [DBG] The event OpenIddict.Server.OpenIddictServerEvents+ProcessRequestContext was successfully processed by OpenIddict.Server.AspNetCore.OpenIddictServerAspNetCoreHandlers+ResolveRequestUri.
2024-07-07 20:28:28.566 +01:00 [DBG] The event OpenIddict.Server.OpenIddictServerEvents+ProcessRequestContext was successfully processed by OpenIddict.Server.OpenIddictServerHandlers+InferEndpointType.
2024-07-07 20:28:28.573 +01:00 [DBG] The event OpenIddict.Server.OpenIddictServerEvents+ProcessRequestContext was successfully processed by OpenIddict.Server.AspNetCore.OpenIddictServerAspNetCoreHandlers+ValidateHostHeader.
2024-07-07 20:28:28.579 +01:00 [DBG] The event OpenIddict.Validation.OpenIddictValidationEvents+ProcessRequestContext was successfully processed by OpenIddict.Validation.AspNetCore.OpenIddictValidationAspNetCoreHandlers+ResolveRequestUri.
2024-07-07 20:28:28.585 +01:00 [DBG] AuthenticationScheme: Identity.Application was not authenticated.
2024-07-07 20:28:28.668 +01:00 [WRN] Unable to identify tenant from query string. Falling back to default.
2024-07-07 20:28:28.670 +01:00 [DBG] The event OpenIddict.Server.OpenIddictServerEvents+ProcessRequestContext was successfully processed by OpenIddict.Server.AspNetCore.OpenIddictServerAspNetCoreHandlers+ResolveRequestUri.
2024-07-07 20:28:28.672 +01:00 [DBG] The event OpenIddict.Server.OpenIddictServerEvents+ProcessRequestContext was successfully processed by OpenIddict.Server.OpenIddictServerHandlers+InferEndpointType.
2024-07-07 20:28:28.674 +01:00 [DBG] The event OpenIddict.Server.OpenIddictServerEvents+ProcessRequestContext was successfully processed by OpenIddict.Server.AspNetCore.OpenIddictServerAspNetCoreHandlers+ValidateHostHeader.
2024-07-07 20:28:28.676 +01:00 [DBG] The event OpenIddict.Validation.OpenIddictValidationEvents+ProcessRequestContext was successfully processed by OpenIddict.Validation.AspNetCore.OpenIddictValidationAspNetCoreHandlers+ResolveRequestUri.
2024-07-07 20:28:28.678 +01:00 [DBG] AuthenticationScheme: Identity.Application was not authenticated.
2024-07-07 20:28:28.683 +01:00 [WRN] Unable to identify tenant from query string. Falling back to default.
2024-07-07 20:28:28.685 +01:00 [DBG] The event OpenIddict.Server.OpenIddictServerEvents+ProcessRequestContext was successfully processed by OpenIddict.Server.AspNetCore.OpenIddictServerAspNetCoreHandlers+ResolveRequestUri.
2024-07-07 20:28:28.687 +01:00 [DBG] The event OpenIddict.Server.OpenIddictServerEvents+ProcessRequestContext was successfully processed by OpenIddict.Server.OpenIddictServerHandlers+InferEndpointType.
2024-07-07 20:28:28.690 +01:00 [DBG] The event OpenIddict.Server.OpenIddictServerEvents+ProcessRequestContext was successfully processed by OpenIddict.Server.AspNetCore.OpenIddictServerAspNetCoreHandlers+ValidateHostHeader.
2024-07-07 20:28:28.692 +01:00 [DBG] The event OpenIddict.Validation.OpenIddictValidationEvents+ProcessRequestContext was successfully processed by OpenIddict.Validation.AspNetCore.OpenIddictValidationAspNetCoreHandlers+ResolveRequestUri.
2024-07-07 20:28:28.695 +01:00 [DBG] AuthenticationScheme: Identity.Application was not authenticated.
2024-07-07 20:28:28.772 +01:00 [WRN] Unable to identify tenant from query string. Falling back to default.
2024-07-07 20:33:11.863 +01:00 [WRN] Unable to identify tenant from query string. Falling back to default.
2024-07-07 20:33:11.871 +01:00 [DBG] The event OpenIddict.Server.OpenIddictServerEvents+ProcessRequestContext was successfully processed by OpenIddict.Server.AspNetCore.OpenIddictServerAspNetCoreHandlers+ResolveRequestUri.
2024-07-07 20:33:11.873 +01:00 [DBG] The event OpenIddict.Server.OpenIddictServerEvents+ProcessRequestContext was successfully processed by OpenIddict.Server.OpenIddictServerHandlers+InferEndpointType.
2024-07-07 20:33:11.874 +01:00 [DBG] The event OpenIddict.Server.OpenIddictServerEvents+ProcessRequestContext was successfully processed by OpenIddict.Server.AspNetCore.OpenIddictServerAspNetCoreHandlers+ValidateHostHeader.
2024-07-07 20:33:11.875 +01:00 [DBG] The event OpenIddict.Validation.OpenIddictValidationEvents+ProcessRequestContext was successfully processed by OpenIddict.Validation.AspNetCore.OpenIddictValidationAspNetCoreHandlers+ResolveRequestUri.
2024-07-07 20:33:11.877 +01:00 [DBG] AuthenticationScheme: Identity.Application was not authenticated.
2024-07-07 20:33:36.873 +01:00 [WRN] Unable to identify tenant from query string. Falling back to default.
2024-07-07 20:33:36.880 +01:00 [DBG] The event OpenIddict.Server.OpenIddictServerEvents+ProcessRequestContext was successfully processed by OpenIddict.Server.AspNetCore.OpenIddictServerAspNetCoreHandlers+ResolveRequestUri.
2024-07-07 20:33:36.881 +01:00 [DBG] The event OpenIddict.Server.OpenIddictServerEvents+ProcessRequestContext was successfully processed by OpenIddict.Server.OpenIddictServerHandlers+InferEndpointType.
2024-07-07 20:33:36.882 +01:00 [DBG] The event OpenIddict.Server.OpenIddictServerEvents+ProcessRequestContext was successfully processed by OpenIddict.Server.AspNetCore.OpenIddictServerAspNetCoreHandlers+ValidateHostHeader.
2024-07-07 20:33:36.884 +01:00 [DBG] The event OpenIddict.Validation.OpenIddictValidationEvents+ProcessRequestContext was successfully processed by OpenIddict.Validation.AspNetCore.OpenIddictValidationAspNetCoreHandlers+ResolveRequestUri.
2024-07-07 20:33:36.885 +01:00 [DBG] AuthenticationScheme: Identity.Application was not authenticated.
2024-07-07 20:34:07.345 +01:00 [WRN] Unable to identify tenant from query string. Falling back to default.
2024-07-07 20:34:07.388 +01:00 [WRN] Unable to identify tenant from query string. Falling back to default.
2024-07-07 20:34:07.388 +01:00 [WRN] Unable to identify tenant from query string. Falling back to default.
2024-07-07 20:34:07.695 +01:00 [WRN] Unable to identify tenant from query string. Falling back to default.
2024-07-07 20:34:26.565 +01:00 [WRN] Unable to identify tenant from query string. Falling back to default.
2024-07-07 20:34:26.567 +01:00 [DBG] The event OpenIddict.Server.OpenIddictServerEvents+ProcessRequestContext was successfully processed by OpenIddict.Server.AspNetCore.OpenIddictServerAspNetCoreHandlers+ResolveRequestUri.
2024-07-07 20:34:26.568 +01:00 [DBG] The event OpenIddict.Server.OpenIddictServerEvents+ProcessRequestContext was successfully processed by OpenIddict.Server.OpenIddictServerHandlers+InferEndpointType.
2024-07-07 20:34:26.569 +01:00 [DBG] The event OpenIddict.Server.OpenIddictServerEvents+ProcessRequestContext was successfully processed by OpenIddict.Server.AspNetCore.OpenIddictServerAspNetCoreHandlers+ValidateHostHeader.
2024-07-07 20:34:26.570 +01:00 [DBG] The event OpenIddict.Validation.OpenIddictValidationEvents+ProcessRequestContext was successfully processed by OpenIddict.Validation.AspNetCore.OpenIddictValidationAspNetCoreHandlers+ResolveRequestUri.
2024-07-07 20:34:26.571 +01:00 [DBG] AuthenticationScheme: Identity.Application was not authenticated.
2024-07-07 20:34:26.578 +01:00 [DBG] The event OpenIddict.Validation.OpenIddictValidationEvents+ProcessAuthenticationContext was successfully processed by OpenIddict.Validation.AspNetCore.OpenIddictValidationAspNetCoreHandlers+ValidateHostHeader.
2024-07-07 20:34:26.580 +01:00 [DBG] The event OpenIddict.Validation.OpenIddictValidationEvents+ProcessAuthenticationContext was successfully processed by OpenIddict.Validation.OpenIddictValidationHandlers+EvaluateValidatedTokens.
2024-07-07 20:34:26.581 +01:00 [DBG] The event OpenIddict.Validation.OpenIddictValidationEvents+ProcessAuthenticationContext was successfully processed by OpenIddict.Validation.AspNetCore.OpenIddictValidationAspNetCoreHandlers+ExtractAccessTokenFromAuthorizationHeader.
2024-07-07 20:34:26.583 +01:00 [DBG] The event OpenIddict.Validation.OpenIddictValidationEvents+ProcessAuthenticationContext was successfully processed by OpenIddict.Validation.AspNetCore.OpenIddictValidationAspNetCoreHandlers+ExtractAccessTokenFromBodyForm.
2024-07-07 20:34:26.585 +01:00 [DBG] The event OpenIddict.Validation.OpenIddictValidationEvents+ProcessAuthenticationContext was successfully processed by OpenIddict.Validation.AspNetCore.OpenIddictValidationAspNetCoreHandlers+ExtractAccessTokenFromQueryString.
2024-07-07 20:34:26.587 +01:00 [DBG] The event OpenIddict.Validation.OpenIddictValidationEvents+ProcessAuthenticationContext was successfully processed by OpenIddict.Validation.OpenIddictValidationHandlers+ValidateRequiredTokens.
2024-07-07 20:34:26.588 +01:00 [DBG] The event OpenIddict.Validation.OpenIddictValidationEvents+ProcessAuthenticationContext was marked as rejected by OpenIddict.Validation.OpenIddictValidationHandlers+ValidateRequiredTokens.
2024-07-07 20:34:26.590 +01:00 [DBG] AuthenticationScheme: OpenIddict.Validation.AspNetCore was not authenticated.
2024-07-07 20:34:26.656 +01:00 [INF] SchoolSaas Request: PasswordFogottenCommand  
2024-07-07 20:34:49.529 +01:00 [WRN] SchoolSaas Long Running Request: PasswordFogottenCommand (22861 milliseconds)  
2024-07-07 20:35:04.799 +01:00 [WRN] Unable to identify tenant from query string. Falling back to default.
2024-07-07 20:35:04.805 +01:00 [DBG] The event OpenIddict.Server.OpenIddictServerEvents+ProcessRequestContext was successfully processed by OpenIddict.Server.AspNetCore.OpenIddictServerAspNetCoreHandlers+ResolveRequestUri.
2024-07-07 20:35:04.807 +01:00 [DBG] The event OpenIddict.Server.OpenIddictServerEvents+ProcessRequestContext was successfully processed by OpenIddict.Server.OpenIddictServerHandlers+InferEndpointType.
2024-07-07 20:35:04.809 +01:00 [DBG] The event OpenIddict.Server.OpenIddictServerEvents+ProcessRequestContext was successfully processed by OpenIddict.Server.AspNetCore.OpenIddictServerAspNetCoreHandlers+ValidateHostHeader.
2024-07-07 20:35:04.810 +01:00 [DBG] The event OpenIddict.Validation.OpenIddictValidationEvents+ProcessRequestContext was successfully processed by OpenIddict.Validation.AspNetCore.OpenIddictValidationAspNetCoreHandlers+ResolveRequestUri.
2024-07-07 20:35:04.812 +01:00 [DBG] AuthenticationScheme: Identity.Application was not authenticated.
2024-07-07 20:35:04.814 +01:00 [DBG] The event OpenIddict.Validation.OpenIddictValidationEvents+ProcessAuthenticationContext was successfully processed by OpenIddict.Validation.AspNetCore.OpenIddictValidationAspNetCoreHandlers+ValidateHostHeader.
2024-07-07 20:35:04.815 +01:00 [DBG] The event OpenIddict.Validation.OpenIddictValidationEvents+ProcessAuthenticationContext was successfully processed by OpenIddict.Validation.OpenIddictValidationHandlers+EvaluateValidatedTokens.
2024-07-07 20:35:04.817 +01:00 [DBG] The event OpenIddict.Validation.OpenIddictValidationEvents+ProcessAuthenticationContext was successfully processed by OpenIddict.Validation.AspNetCore.OpenIddictValidationAspNetCoreHandlers+ExtractAccessTokenFromAuthorizationHeader.
2024-07-07 20:35:04.818 +01:00 [DBG] The event OpenIddict.Validation.OpenIddictValidationEvents+ProcessAuthenticationContext was successfully processed by OpenIddict.Validation.AspNetCore.OpenIddictValidationAspNetCoreHandlers+ExtractAccessTokenFromBodyForm.
2024-07-07 20:35:04.820 +01:00 [DBG] The event OpenIddict.Validation.OpenIddictValidationEvents+ProcessAuthenticationContext was successfully processed by OpenIddict.Validation.AspNetCore.OpenIddictValidationAspNetCoreHandlers+ExtractAccessTokenFromQueryString.
2024-07-07 20:35:04.823 +01:00 [DBG] The event OpenIddict.Validation.OpenIddictValidationEvents+ProcessAuthenticationContext was successfully processed by OpenIddict.Validation.OpenIddictValidationHandlers+ValidateRequiredTokens.
2024-07-07 20:35:04.825 +01:00 [DBG] The event OpenIddict.Validation.OpenIddictValidationEvents+ProcessAuthenticationContext was marked as rejected by OpenIddict.Validation.OpenIddictValidationHandlers+ValidateRequiredTokens.
2024-07-07 20:35:04.827 +01:00 [DBG] AuthenticationScheme: OpenIddict.Validation.AspNetCore was not authenticated.
2024-07-07 20:35:04.830 +01:00 [INF] SchoolSaas Request: PasswordFogottenCommand  
2024-07-07 20:35:20.584 +01:00 [WRN] SchoolSaas Long Running Request: PasswordFogottenCommand (15750 milliseconds)  
2024-07-07 20:35:51.447 +01:00 [WRN] Unable to identify tenant from query string. Falling back to default.
2024-07-07 20:35:51.452 +01:00 [DBG] The event OpenIddict.Server.OpenIddictServerEvents+ProcessRequestContext was successfully processed by OpenIddict.Server.AspNetCore.OpenIddictServerAspNetCoreHandlers+ResolveRequestUri.
2024-07-07 20:35:51.453 +01:00 [DBG] The event OpenIddict.Server.OpenIddictServerEvents+ProcessRequestContext was successfully processed by OpenIddict.Server.OpenIddictServerHandlers+InferEndpointType.
2024-07-07 20:35:51.454 +01:00 [DBG] The event OpenIddict.Server.OpenIddictServerEvents+ProcessRequestContext was successfully processed by OpenIddict.Server.AspNetCore.OpenIddictServerAspNetCoreHandlers+ValidateHostHeader.
2024-07-07 20:35:51.455 +01:00 [DBG] The event OpenIddict.Validation.OpenIddictValidationEvents+ProcessRequestContext was successfully processed by OpenIddict.Validation.AspNetCore.OpenIddictValidationAspNetCoreHandlers+ResolveRequestUri.
2024-07-07 20:35:51.457 +01:00 [DBG] AuthenticationScheme: Identity.Application was not authenticated.
2024-07-07 20:36:18.029 +01:00 [INF] Seeding database...
2024-07-07 20:36:18.100 +01:00 [INF] Done seeding database. Exiting.
2024-07-07 20:36:18.965 +01:00 [WRN] Entity 'ApplicationUser' has a global query filter defined and is the required end of a relationship with the entity 'ApplicationUserClaim'. This may lead to unexpected results when the required entity is filtered out. Either configure the navigation as optional, or define matching query filters for both entities in the navigation. See https://go.microsoft.com/fwlink/?linkid=2131316 for more information.
2024-07-07 20:36:18.969 +01:00 [WRN] Entity 'ApplicationUser' has a global query filter defined and is the required end of a relationship with the entity 'ApplicationUserLogin'. This may lead to unexpected results when the required entity is filtered out. Either configure the navigation as optional, or define matching query filters for both entities in the navigation. See https://go.microsoft.com/fwlink/?linkid=2131316 for more information.
2024-07-07 20:36:18.970 +01:00 [WRN] Entity 'ApplicationUser' has a global query filter defined and is the required end of a relationship with the entity 'ApplicationUserRole'. This may lead to unexpected results when the required entity is filtered out. Either configure the navigation as optional, or define matching query filters for both entities in the navigation. See https://go.microsoft.com/fwlink/?linkid=2131316 for more information.
2024-07-07 20:36:18.971 +01:00 [WRN] Entity 'ApplicationUser' has a global query filter defined and is the required end of a relationship with the entity 'ApplicationUserToken'. This may lead to unexpected results when the required entity is filtered out. Either configure the navigation as optional, or define matching query filters for both entities in the navigation. See https://go.microsoft.com/fwlink/?linkid=2131316 for more information.
2024-07-07 20:36:22.752 +01:00 [INF] Now listening on: http://localhost:4480
2024-07-07 20:36:22.756 +01:00 [INF] Application started. Press Ctrl+C to shut down.
2024-07-07 20:36:22.757 +01:00 [INF] Hosting environment: Development
2024-07-07 20:36:22.758 +01:00 [INF] Content root path: C:\Users\chara\source\repos\SchoolSaas\src\SchoolSaas.Web.IdentityService
2024-07-07 20:36:24.304 +01:00 [WRN] Unable to identify tenant from query string. Falling back to default.
2024-07-07 20:36:24.524 +01:00 [WRN] Unable to identify tenant from query string. Falling back to default.
2024-07-07 20:36:24.781 +01:00 [WRN] Unable to identify tenant from query string. Falling back to default.
2024-07-07 20:36:24.789 +01:00 [WRN] Unable to identify tenant from query string. Falling back to default.
2024-07-07 20:36:24.952 +01:00 [WRN] Unable to identify tenant from query string. Falling back to default.
2024-07-07 20:36:24.982 +01:00 [WRN] Failed to determine the https port for redirect.
2024-07-07 20:36:25.323 +01:00 [DBG] The event OpenIddict.Server.OpenIddictServerEvents+ProcessRequestContext was successfully processed by OpenIddict.Server.AspNetCore.OpenIddictServerAspNetCoreHandlers+ResolveRequestUri.
2024-07-07 20:36:25.327 +01:00 [DBG] The event OpenIddict.Server.OpenIddictServerEvents+ProcessRequestContext was successfully processed by OpenIddict.Server.OpenIddictServerHandlers+InferEndpointType.
2024-07-07 20:36:25.331 +01:00 [DBG] The event OpenIddict.Server.OpenIddictServerEvents+ProcessRequestContext was successfully processed by OpenIddict.Server.AspNetCore.OpenIddictServerAspNetCoreHandlers+ValidateHostHeader.
2024-07-07 20:36:25.375 +01:00 [DBG] The event OpenIddict.Validation.OpenIddictValidationEvents+ProcessRequestContext was successfully processed by OpenIddict.Validation.AspNetCore.OpenIddictValidationAspNetCoreHandlers+ResolveRequestUri.
2024-07-07 20:36:25.389 +01:00 [DBG] AuthenticationScheme: Identity.Application was not authenticated.
2024-07-07 20:36:25.411 +01:00 [WRN] Unable to identify tenant from query string. Falling back to default.
2024-07-07 20:36:25.422 +01:00 [DBG] The event OpenIddict.Server.OpenIddictServerEvents+ProcessRequestContext was successfully processed by OpenIddict.Server.AspNetCore.OpenIddictServerAspNetCoreHandlers+ResolveRequestUri.
2024-07-07 20:36:25.425 +01:00 [DBG] The event OpenIddict.Server.OpenIddictServerEvents+ProcessRequestContext was successfully processed by OpenIddict.Server.OpenIddictServerHandlers+InferEndpointType.
2024-07-07 20:36:25.429 +01:00 [DBG] The event OpenIddict.Server.OpenIddictServerEvents+ProcessRequestContext was successfully processed by OpenIddict.Server.AspNetCore.OpenIddictServerAspNetCoreHandlers+ValidateHostHeader.
2024-07-07 20:36:25.432 +01:00 [DBG] The event OpenIddict.Validation.OpenIddictValidationEvents+ProcessRequestContext was successfully processed by OpenIddict.Validation.AspNetCore.OpenIddictValidationAspNetCoreHandlers+ResolveRequestUri.
2024-07-07 20:36:25.433 +01:00 [DBG] AuthenticationScheme: Identity.Application was not authenticated.
2024-07-07 20:36:25.500 +01:00 [WRN] Unable to identify tenant from query string. Falling back to default.
2024-07-07 20:36:25.502 +01:00 [DBG] The event OpenIddict.Server.OpenIddictServerEvents+ProcessRequestContext was successfully processed by OpenIddict.Server.AspNetCore.OpenIddictServerAspNetCoreHandlers+ResolveRequestUri.
2024-07-07 20:36:25.505 +01:00 [DBG] The event OpenIddict.Server.OpenIddictServerEvents+ProcessRequestContext was successfully processed by OpenIddict.Server.OpenIddictServerHandlers+InferEndpointType.
2024-07-07 20:36:25.507 +01:00 [DBG] The event OpenIddict.Server.OpenIddictServerEvents+ProcessRequestContext was successfully processed by OpenIddict.Server.AspNetCore.OpenIddictServerAspNetCoreHandlers+ValidateHostHeader.
2024-07-07 20:36:25.509 +01:00 [DBG] The event OpenIddict.Validation.OpenIddictValidationEvents+ProcessRequestContext was successfully processed by OpenIddict.Validation.AspNetCore.OpenIddictValidationAspNetCoreHandlers+ResolveRequestUri.
2024-07-07 20:36:25.511 +01:00 [DBG] AuthenticationScheme: Identity.Application was not authenticated.
2024-07-07 20:36:25.515 +01:00 [WRN] Unable to identify tenant from query string. Falling back to default.
2024-07-07 20:36:25.517 +01:00 [DBG] The event OpenIddict.Server.OpenIddictServerEvents+ProcessRequestContext was successfully processed by OpenIddict.Server.AspNetCore.OpenIddictServerAspNetCoreHandlers+ResolveRequestUri.
2024-07-07 20:36:25.519 +01:00 [DBG] The event OpenIddict.Server.OpenIddictServerEvents+ProcessRequestContext was successfully processed by OpenIddict.Server.OpenIddictServerHandlers+InferEndpointType.
2024-07-07 20:36:25.521 +01:00 [DBG] The event OpenIddict.Server.OpenIddictServerEvents+ProcessRequestContext was successfully processed by OpenIddict.Server.AspNetCore.OpenIddictServerAspNetCoreHandlers+ValidateHostHeader.
2024-07-07 20:36:25.523 +01:00 [DBG] The event OpenIddict.Validation.OpenIddictValidationEvents+ProcessRequestContext was successfully processed by OpenIddict.Validation.AspNetCore.OpenIddictValidationAspNetCoreHandlers+ResolveRequestUri.
2024-07-07 20:36:25.525 +01:00 [DBG] AuthenticationScheme: Identity.Application was not authenticated.
2024-07-07 20:36:25.589 +01:00 [WRN] Unable to identify tenant from query string. Falling back to default.
2024-07-07 20:36:53.643 +01:00 [WRN] Unable to identify tenant from query string. Falling back to default.
2024-07-07 20:36:53.650 +01:00 [DBG] The event OpenIddict.Server.OpenIddictServerEvents+ProcessRequestContext was successfully processed by OpenIddict.Server.AspNetCore.OpenIddictServerAspNetCoreHandlers+ResolveRequestUri.
2024-07-07 20:36:53.651 +01:00 [DBG] The event OpenIddict.Server.OpenIddictServerEvents+ProcessRequestContext was successfully processed by OpenIddict.Server.OpenIddictServerHandlers+InferEndpointType.
2024-07-07 20:36:53.652 +01:00 [DBG] The event OpenIddict.Server.OpenIddictServerEvents+ProcessRequestContext was successfully processed by OpenIddict.Server.AspNetCore.OpenIddictServerAspNetCoreHandlers+ValidateHostHeader.
2024-07-07 20:36:53.654 +01:00 [DBG] The event OpenIddict.Validation.OpenIddictValidationEvents+ProcessRequestContext was successfully processed by OpenIddict.Validation.AspNetCore.OpenIddictValidationAspNetCoreHandlers+ResolveRequestUri.
2024-07-07 20:36:53.655 +01:00 [DBG] AuthenticationScheme: Identity.Application was not authenticated.
2024-07-07 20:36:53.660 +01:00 [DBG] The event OpenIddict.Validation.OpenIddictValidationEvents+ProcessAuthenticationContext was successfully processed by OpenIddict.Validation.AspNetCore.OpenIddictValidationAspNetCoreHandlers+ValidateHostHeader.
2024-07-07 20:36:53.662 +01:00 [DBG] The event OpenIddict.Validation.OpenIddictValidationEvents+ProcessAuthenticationContext was successfully processed by OpenIddict.Validation.OpenIddictValidationHandlers+EvaluateValidatedTokens.
2024-07-07 20:36:53.663 +01:00 [DBG] The event OpenIddict.Validation.OpenIddictValidationEvents+ProcessAuthenticationContext was successfully processed by OpenIddict.Validation.AspNetCore.OpenIddictValidationAspNetCoreHandlers+ExtractAccessTokenFromAuthorizationHeader.
2024-07-07 20:36:53.665 +01:00 [DBG] The event OpenIddict.Validation.OpenIddictValidationEvents+ProcessAuthenticationContext was successfully processed by OpenIddict.Validation.AspNetCore.OpenIddictValidationAspNetCoreHandlers+ExtractAccessTokenFromBodyForm.
2024-07-07 20:36:53.667 +01:00 [DBG] The event OpenIddict.Validation.OpenIddictValidationEvents+ProcessAuthenticationContext was successfully processed by OpenIddict.Validation.AspNetCore.OpenIddictValidationAspNetCoreHandlers+ExtractAccessTokenFromQueryString.
2024-07-07 20:36:53.668 +01:00 [DBG] The event OpenIddict.Validation.OpenIddictValidationEvents+ProcessAuthenticationContext was successfully processed by OpenIddict.Validation.OpenIddictValidationHandlers+ValidateRequiredTokens.
2024-07-07 20:36:53.669 +01:00 [DBG] The event OpenIddict.Validation.OpenIddictValidationEvents+ProcessAuthenticationContext was marked as rejected by OpenIddict.Validation.OpenIddictValidationHandlers+ValidateRequiredTokens.
2024-07-07 20:36:53.671 +01:00 [DBG] AuthenticationScheme: OpenIddict.Validation.AspNetCore was not authenticated.
2024-07-07 20:36:53.739 +01:00 [INF] SchoolSaas Request: ResetPasswordRequestCommand  
2024-07-07 20:36:54.309 +01:00 [WRN] SchoolSaas Long Running Request: ResetPasswordRequestCommand (559 milliseconds)  
2024-07-07 20:37:26.295 +01:00 [WRN] Unable to identify tenant from query string. Falling back to default.
2024-07-07 20:37:26.302 +01:00 [DBG] The event OpenIddict.Server.OpenIddictServerEvents+ProcessRequestContext was successfully processed by OpenIddict.Server.AspNetCore.OpenIddictServerAspNetCoreHandlers+ResolveRequestUri.
2024-07-07 20:37:26.305 +01:00 [INF] The request URI matched a server endpoint: "Token".
2024-07-07 20:37:26.306 +01:00 [DBG] The event OpenIddict.Server.OpenIddictServerEvents+ProcessRequestContext was successfully processed by OpenIddict.Server.OpenIddictServerHandlers+InferEndpointType.
2024-07-07 20:37:26.307 +01:00 [DBG] The event OpenIddict.Server.OpenIddictServerEvents+ProcessRequestContext was successfully processed by OpenIddict.Server.AspNetCore.OpenIddictServerAspNetCoreHandlers+ValidateHostHeader.
2024-07-07 20:37:26.318 +01:00 [DBG] The event OpenIddict.Server.OpenIddictServerEvents+ExtractTokenRequestContext was successfully processed by OpenIddict.Server.AspNetCore.OpenIddictServerAspNetCoreHandlers+ExtractPostRequest`1[[OpenIddict.Server.OpenIddictServerEvents+ExtractTokenRequestContext, OpenIddict.Server, Version=5.2.0.0, Culture=neutral, PublicKeyToken=35a561290d20de2f]].
2024-07-07 20:37:26.321 +01:00 [DBG] The event OpenIddict.Server.OpenIddictServerEvents+ExtractTokenRequestContext was successfully processed by OpenIddict.Server.AspNetCore.OpenIddictServerAspNetCoreHandlers+ValidateClientAuthenticationMethod`1[[OpenIddict.Server.OpenIddictServerEvents+ExtractTokenRequestContext, OpenIddict.Server, Version=5.2.0.0, Culture=neutral, PublicKeyToken=35a561290d20de2f]].
2024-07-07 20:37:26.322 +01:00 [DBG] The event OpenIddict.Server.OpenIddictServerEvents+ExtractTokenRequestContext was successfully processed by OpenIddict.Server.AspNetCore.OpenIddictServerAspNetCoreHandlers+ExtractBasicAuthenticationCredentials`1[[OpenIddict.Server.OpenIddictServerEvents+ExtractTokenRequestContext, OpenIddict.Server, Version=5.2.0.0, Culture=neutral, PublicKeyToken=35a561290d20de2f]].
2024-07-07 20:37:26.327 +01:00 [INF] The token request was successfully extracted: {
  "client_id": "m2m.SchoolSaas.Frontoffice",
  "grant_type": "password",
  "scope": "EConculsatMA",
  "client_secret": "[redacted]",
  "username": "charaf eddine.moujahid",
  "password": "[redacted]"
}.
2024-07-07 20:37:26.328 +01:00 [DBG] The event OpenIddict.Server.OpenIddictServerEvents+ProcessRequestContext was successfully processed by OpenIddict.Server.OpenIddictServerHandlers+Exchange+ExtractTokenRequest.
2024-07-07 20:37:26.332 +01:00 [DBG] The event OpenIddict.Server.OpenIddictServerEvents+ValidateTokenRequestContext was successfully processed by OpenIddict.Server.OpenIddictServerHandlers+Exchange+ValidateGrantType.
2024-07-07 20:37:26.333 +01:00 [DBG] The event OpenIddict.Server.OpenIddictServerEvents+ValidateTokenRequestContext was successfully processed by OpenIddict.Server.OpenIddictServerHandlers+Exchange+ValidateClientIdParameter.
2024-07-07 20:37:26.334 +01:00 [DBG] The event OpenIddict.Server.OpenIddictServerEvents+ValidateTokenRequestContext was successfully processed by OpenIddict.Server.OpenIddictServerHandlers+Exchange+ValidateAuthorizationCodeParameter.
2024-07-07 20:37:26.336 +01:00 [DBG] The event OpenIddict.Server.OpenIddictServerEvents+ValidateTokenRequestContext was successfully processed by OpenIddict.Server.OpenIddictServerHandlers+Exchange+ValidateClientCredentialsParameters.
2024-07-07 20:37:26.337 +01:00 [DBG] The event OpenIddict.Server.OpenIddictServerEvents+ValidateTokenRequestContext was successfully processed by OpenIddict.Server.OpenIddictServerHandlers+Exchange+ValidateDeviceCodeParameter.
2024-07-07 20:37:26.339 +01:00 [DBG] The event OpenIddict.Server.OpenIddictServerEvents+ValidateTokenRequestContext was successfully processed by OpenIddict.Server.OpenIddictServerHandlers+Exchange+ValidateRefreshTokenParameter.
2024-07-07 20:37:26.340 +01:00 [DBG] The event OpenIddict.Server.OpenIddictServerEvents+ValidateTokenRequestContext was successfully processed by OpenIddict.Server.OpenIddictServerHandlers+Exchange+ValidateResourceOwnerCredentialsParameters.
2024-07-07 20:37:26.341 +01:00 [DBG] The event OpenIddict.Server.OpenIddictServerEvents+ValidateTokenRequestContext was successfully processed by OpenIddict.Server.OpenIddictServerHandlers+Exchange+ValidateScopeParameter.
2024-07-07 20:37:26.342 +01:00 [DBG] The event OpenIddict.Server.OpenIddictServerEvents+ValidateTokenRequestContext was successfully processed by OpenIddict.Server.OpenIddictServerHandlers+Exchange+ValidateProofKeyForCodeExchangeParameters.
2024-07-07 20:37:26.346 +01:00 [DBG] The event OpenIddict.Server.OpenIddictServerEvents+ProcessAuthenticationContext was successfully processed by OpenIddict.Server.OpenIddictServerHandlers+ValidateAuthenticationDemand.
2024-07-07 20:37:26.348 +01:00 [DBG] The event OpenIddict.Server.OpenIddictServerEvents+ProcessAuthenticationContext was successfully processed by OpenIddict.Server.OpenIddictServerHandlers+EvaluateValidatedTokens.
2024-07-07 20:37:26.350 +01:00 [DBG] The event OpenIddict.Server.OpenIddictServerEvents+ProcessAuthenticationContext was successfully processed by OpenIddict.Server.OpenIddictServerHandlers+ResolveValidatedTokens.
2024-07-07 20:37:26.351 +01:00 [DBG] The event OpenIddict.Server.OpenIddictServerEvents+ProcessAuthenticationContext was successfully processed by OpenIddict.Server.OpenIddictServerHandlers+ValidateRequiredTokens.
2024-07-07 20:37:26.353 +01:00 [DBG] The event OpenIddict.Server.OpenIddictServerEvents+ProcessAuthenticationContext was successfully processed by OpenIddict.Server.OpenIddictServerHandlers+ValidateClientAssertion.
2024-07-07 20:37:26.412 +01:00 [DBG] The event OpenIddict.Server.OpenIddictServerEvents+ProcessAuthenticationContext was successfully processed by OpenIddict.Server.OpenIddictServerHandlers+ValidateClientId.
2024-07-07 20:37:26.416 +01:00 [DBG] The event OpenIddict.Server.OpenIddictServerEvents+ProcessAuthenticationContext was successfully processed by OpenIddict.Server.OpenIddictServerHandlers+ValidateClientType.
2024-07-07 20:37:26.431 +01:00 [DBG] The event OpenIddict.Server.OpenIddictServerEvents+ProcessAuthenticationContext was successfully processed by OpenIddict.Server.OpenIddictServerHandlers+ValidateClientSecret.
2024-07-07 20:37:26.433 +01:00 [DBG] The event OpenIddict.Server.OpenIddictServerEvents+ProcessAuthenticationContext was successfully processed by OpenIddict.Server.OpenIddictServerHandlers+ResolveHostAuthenticationProperties.
2024-07-07 20:37:26.435 +01:00 [DBG] The event OpenIddict.Server.OpenIddictServerEvents+ValidateTokenRequestContext was successfully processed by OpenIddict.Server.OpenIddictServerHandlers+Exchange+ValidateAuthentication.
2024-07-07 20:37:26.441 +01:00 [DBG] The event OpenIddict.Server.OpenIddictServerEvents+ValidateTokenRequestContext was successfully processed by OpenIddict.Server.OpenIddictServerHandlers+Exchange+ValidateEndpointPermissions.
2024-07-07 20:37:26.446 +01:00 [DBG] The event OpenIddict.Server.OpenIddictServerEvents+ValidateTokenRequestContext was successfully processed by OpenIddict.Server.OpenIddictServerHandlers+Exchange+ValidateGrantTypePermissions.
2024-07-07 20:37:26.449 +01:00 [DBG] The event OpenIddict.Server.OpenIddictServerEvents+ValidateTokenRequestContext was successfully processed by OpenIddict.Server.OpenIddictServerHandlers+Exchange+ValidateScopePermissions.
2024-07-07 20:37:26.451 +01:00 [DBG] The event OpenIddict.Server.OpenIddictServerEvents+ValidateTokenRequestContext was successfully processed by OpenIddict.Server.OpenIddictServerHandlers+Exchange+ValidateProofKeyForCodeExchangeRequirement.
2024-07-07 20:37:26.453 +01:00 [DBG] The event OpenIddict.Server.OpenIddictServerEvents+ValidateTokenRequestContext was successfully processed by OpenIddict.Server.OpenIddictServerHandlers+Exchange+ValidatePresenters.
2024-07-07 20:37:26.454 +01:00 [DBG] The event OpenIddict.Server.OpenIddictServerEvents+ValidateTokenRequestContext was successfully processed by OpenIddict.Server.OpenIddictServerHandlers+Exchange+ValidateRedirectUri.
2024-07-07 20:37:26.456 +01:00 [DBG] The event OpenIddict.Server.OpenIddictServerEvents+ValidateTokenRequestContext was successfully processed by OpenIddict.Server.OpenIddictServerHandlers+Exchange+ValidateCodeVerifier.
2024-07-07 20:37:26.457 +01:00 [DBG] The event OpenIddict.Server.OpenIddictServerEvents+ValidateTokenRequestContext was successfully processed by OpenIddict.Server.OpenIddictServerHandlers+Exchange+ValidateGrantedScopes.
2024-07-07 20:37:26.459 +01:00 [INF] The token request was successfully validated.
2024-07-07 20:37:26.461 +01:00 [DBG] The event OpenIddict.Server.OpenIddictServerEvents+ProcessRequestContext was successfully processed by OpenIddict.Server.OpenIddictServerHandlers+Exchange+ValidateTokenRequest.
2024-07-07 20:37:26.465 +01:00 [DBG] The event OpenIddict.Server.OpenIddictServerEvents+HandleTokenRequestContext was successfully processed by OpenIddict.Server.OpenIddictServerHandlers+Exchange+AttachPrincipal.
2024-07-07 20:37:26.467 +01:00 [DBG] The event OpenIddict.Server.OpenIddictServerEvents+HandleTokenRequestContext was successfully processed by OpenIddict.Server.AspNetCore.OpenIddictServerAspNetCoreHandlers+EnablePassthroughMode`2[[OpenIddict.Server.OpenIddictServerEvents+HandleTokenRequestContext, OpenIddict.Server, Version=5.2.0.0, Culture=neutral, PublicKeyToken=35a561290d20de2f],[OpenIddict.Server.AspNetCore.OpenIddictServerAspNetCoreHandlerFilters+RequireTokenEndpointPassthroughEnabled, OpenIddict.Server.AspNetCore, Version=5.2.0.0, Culture=neutral, PublicKeyToken=35a561290d20de2f]].
2024-07-07 20:37:26.469 +01:00 [DBG] The event OpenIddict.Server.OpenIddictServerEvents+HandleTokenRequestContext was marked as skipped by OpenIddict.Server.AspNetCore.OpenIddictServerAspNetCoreHandlers+EnablePassthroughMode`2[[OpenIddict.Server.OpenIddictServerEvents+HandleTokenRequestContext, OpenIddict.Server, Version=5.2.0.0, Culture=neutral, PublicKeyToken=35a561290d20de2f],[OpenIddict.Server.AspNetCore.OpenIddictServerAspNetCoreHandlerFilters+RequireTokenEndpointPassthroughEnabled, OpenIddict.Server.AspNetCore, Version=5.2.0.0, Culture=neutral, PublicKeyToken=35a561290d20de2f]].
2024-07-07 20:37:26.471 +01:00 [DBG] The event OpenIddict.Server.OpenIddictServerEvents+ProcessRequestContext was successfully processed by OpenIddict.Server.OpenIddictServerHandlers+Exchange+HandleTokenRequest.
2024-07-07 20:37:26.472 +01:00 [DBG] The event OpenIddict.Server.OpenIddictServerEvents+ProcessRequestContext was marked as skipped by OpenIddict.Server.OpenIddictServerHandlers+Exchange+HandleTokenRequest.
2024-07-07 20:37:26.474 +01:00 [DBG] The event OpenIddict.Validation.OpenIddictValidationEvents+ProcessRequestContext was successfully processed by OpenIddict.Validation.AspNetCore.OpenIddictValidationAspNetCoreHandlers+ResolveRequestUri.
2024-07-07 20:37:26.478 +01:00 [DBG] AuthenticationScheme: Identity.Application was not authenticated.
2024-07-07 20:37:27.018 +01:00 [INF] SchoolSaas Request: GetFoPermissionsQuery  
2024-07-07 20:37:27.270 +01:00 [DBG] The event OpenIddict.Server.OpenIddictServerEvents+ProcessSignInContext was successfully processed by OpenIddict.Server.AspNetCore.OpenIddictServerAspNetCoreHandlers+ResolveHostSignInProperties.
2024-07-07 20:37:27.275 +01:00 [DBG] The event OpenIddict.Server.OpenIddictServerEvents+ProcessSignInContext was successfully processed by OpenIddict.Server.OpenIddictServerHandlers+ValidateSignInDemand.
2024-07-07 20:37:27.281 +01:00 [DBG] The event OpenIddict.Server.OpenIddictServerEvents+ProcessSignInContext was successfully processed by OpenIddict.Server.OpenIddictServerHandlers+RedeemTokenEntry.
2024-07-07 20:37:27.284 +01:00 [DBG] The event OpenIddict.Server.OpenIddictServerEvents+ProcessSignInContext was successfully processed by OpenIddict.Server.OpenIddictServerHandlers+RestoreInternalClaims.
2024-07-07 20:37:27.286 +01:00 [DBG] The event OpenIddict.Server.OpenIddictServerEvents+ProcessSignInContext was successfully processed by OpenIddict.Server.OpenIddictServerHandlers+AttachHostProperties.
2024-07-07 20:37:27.287 +01:00 [DBG] The event OpenIddict.Server.OpenIddictServerEvents+ProcessSignInContext was successfully processed by OpenIddict.Server.OpenIddictServerHandlers+AttachDefaultScopes.
2024-07-07 20:37:27.289 +01:00 [DBG] The event OpenIddict.Server.OpenIddictServerEvents+ProcessSignInContext was successfully processed by OpenIddict.Server.OpenIddictServerHandlers+AttachDefaultPresenters.
2024-07-07 20:37:27.291 +01:00 [DBG] The event OpenIddict.Server.OpenIddictServerEvents+ProcessSignInContext was successfully processed by OpenIddict.Server.OpenIddictServerHandlers+InferResources.
2024-07-07 20:37:27.293 +01:00 [DBG] The event OpenIddict.Server.OpenIddictServerEvents+ProcessSignInContext was successfully processed by OpenIddict.Server.OpenIddictServerHandlers+EvaluateGeneratedTokens.
2024-07-07 20:37:27.296 +01:00 [DBG] The event OpenIddict.Server.OpenIddictServerEvents+ProcessSignInContext was successfully processed by OpenIddict.Server.OpenIddictServerHandlers+AttachAuthorization.
2024-07-07 20:37:27.302 +01:00 [DBG] The event OpenIddict.Server.OpenIddictServerEvents+ProcessSignInContext was successfully processed by OpenIddict.Server.OpenIddictServerHandlers+PrepareAccessTokenPrincipal.
2024-07-07 20:37:27.306 +01:00 [DBG] The event OpenIddict.Server.OpenIddictServerEvents+GenerateTokenContext was successfully processed by OpenIddict.Server.OpenIddictServerHandlers+Protection+AttachSecurityCredentials.
2024-07-07 20:37:27.470 +01:00 [DBG] The event OpenIddict.Server.OpenIddictServerEvents+GenerateTokenContext was successfully processed by OpenIddict.Server.OpenIddictServerHandlers+Protection+CreateTokenEntry.
2024-07-07 20:37:27.509 +01:00 [DBG] The event OpenIddict.Server.OpenIddictServerEvents+GenerateTokenContext was successfully processed by OpenIddict.Server.OpenIddictServerHandlers+Protection+GenerateIdentityModelToken.
2024-07-07 20:37:27.511 +01:00 [DBG] The event OpenIddict.Server.OpenIddictServerEvents+GenerateTokenContext was successfully processed by OpenIddict.Server.OpenIddictServerHandlers+Protection+BeautifyToken.
2024-07-07 20:37:27.513 +01:00 [DBG] The event OpenIddict.Server.OpenIddictServerEvents+ProcessSignInContext was successfully processed by OpenIddict.Server.OpenIddictServerHandlers+GenerateAccessToken.
2024-07-07 20:37:27.515 +01:00 [DBG] The event OpenIddict.Server.OpenIddictServerEvents+ProcessSignInContext was successfully processed by OpenIddict.Server.OpenIddictServerHandlers+AttachCustomSignInParameters.
2024-07-07 20:37:27.519 +01:00 [DBG] The event OpenIddict.Server.OpenIddictServerEvents+ProcessSignInContext was successfully processed by OpenIddict.Server.OpenIddictServerHandlers+AttachSignInParameters.
2024-07-07 20:37:27.521 +01:00 [DBG] The event OpenIddict.Server.OpenIddictServerEvents+ApplyTokenResponseContext was successfully processed by OpenIddict.Server.OpenIddictServerHandlers+Exchange+NormalizeErrorResponse.
2024-07-07 20:37:27.523 +01:00 [DBG] The event OpenIddict.Server.OpenIddictServerEvents+ApplyTokenResponseContext was successfully processed by OpenIddict.Server.AspNetCore.OpenIddictServerAspNetCoreHandlers+AttachHttpResponseCode`1[[OpenIddict.Server.OpenIddictServerEvents+ApplyTokenResponseContext, OpenIddict.Server, Version=5.2.0.0, Culture=neutral, PublicKeyToken=35a561290d20de2f]].
2024-07-07 20:37:27.525 +01:00 [DBG] The event OpenIddict.Server.OpenIddictServerEvents+ApplyTokenResponseContext was successfully processed by OpenIddict.Server.AspNetCore.OpenIddictServerAspNetCoreHandlers+AttachCacheControlHeader`1[[OpenIddict.Server.OpenIddictServerEvents+ApplyTokenResponseContext, OpenIddict.Server, Version=5.2.0.0, Culture=neutral, PublicKeyToken=35a561290d20de2f]].
2024-07-07 20:37:27.528 +01:00 [DBG] The event OpenIddict.Server.OpenIddictServerEvents+ApplyTokenResponseContext was successfully processed by OpenIddict.Server.AspNetCore.OpenIddictServerAspNetCoreHandlers+AttachWwwAuthenticateHeader`1[[OpenIddict.Server.OpenIddictServerEvents+ApplyTokenResponseContext, OpenIddict.Server, Version=5.2.0.0, Culture=neutral, PublicKeyToken=35a561290d20de2f]].
2024-07-07 20:37:27.533 +01:00 [INF] The response was successfully returned as a JSON document: {
  "access_token": "[redacted]",
  "token_type": "Bearer",
  "expires_in": 431999
}.
2024-07-07 20:37:27.534 +01:00 [DBG] The event OpenIddict.Server.OpenIddictServerEvents+ApplyTokenResponseContext was successfully processed by OpenIddict.Server.AspNetCore.OpenIddictServerAspNetCoreHandlers+ProcessJsonResponse`1[[OpenIddict.Server.OpenIddictServerEvents+ApplyTokenResponseContext, OpenIddict.Server, Version=5.2.0.0, Culture=neutral, PublicKeyToken=35a561290d20de2f]].
2024-07-07 20:37:27.536 +01:00 [DBG] The event OpenIddict.Server.OpenIddictServerEvents+ApplyTokenResponseContext was marked as handled by OpenIddict.Server.AspNetCore.OpenIddictServerAspNetCoreHandlers+ProcessJsonResponse`1[[OpenIddict.Server.OpenIddictServerEvents+ApplyTokenResponseContext, OpenIddict.Server, Version=5.2.0.0, Culture=neutral, PublicKeyToken=35a561290d20de2f]].
2024-07-07 20:37:27.537 +01:00 [DBG] The event OpenIddict.Server.OpenIddictServerEvents+ProcessSignInContext was successfully processed by OpenIddict.Server.OpenIddictServerHandlers+Exchange+ApplyTokenResponse`1[[OpenIddict.Server.OpenIddictServerEvents+ProcessSignInContext, OpenIddict.Server, Version=5.2.0.0, Culture=neutral, PublicKeyToken=35a561290d20de2f]].
2024-07-07 20:37:27.538 +01:00 [DBG] The event OpenIddict.Server.OpenIddictServerEvents+ProcessSignInContext was marked as handled by OpenIddict.Server.OpenIddictServerHandlers+Exchange+ApplyTokenResponse`1[[OpenIddict.Server.OpenIddictServerEvents+ProcessSignInContext, OpenIddict.Server, Version=5.2.0.0, Culture=neutral, PublicKeyToken=35a561290d20de2f]].
