2024-06-13 11:57:19.710 +01:00 [INF] Seeding database...
2024-06-13 11:57:19.742 +01:00 [INF] Done seeding database. Exiting.
2024-06-13 11:57:20.624 +01:00 [WRN] Entity 'ApplicationUser' has a global query filter defined and is the required end of a relationship with the entity 'ApplicationUserClaim'. This may lead to unexpected results when the required entity is filtered out. Either configure the navigation as optional, or define matching query filters for both entities in the navigation. See https://go.microsoft.com/fwlink/?linkid=2131316 for more information.
2024-06-13 11:57:20.626 +01:00 [WRN] Entity 'ApplicationUser' has a global query filter defined and is the required end of a relationship with the entity 'ApplicationUserLogin'. This may lead to unexpected results when the required entity is filtered out. Either configure the navigation as optional, or define matching query filters for both entities in the navigation. See https://go.microsoft.com/fwlink/?linkid=2131316 for more information.
2024-06-13 11:57:20.629 +01:00 [WRN] Entity 'ApplicationUser' has a global query filter defined and is the required end of a relationship with the entity 'ApplicationUserRole'. This may lead to unexpected results when the required entity is filtered out. Either configure the navigation as optional, or define matching query filters for both entities in the navigation. See https://go.microsoft.com/fwlink/?linkid=2131316 for more information.
2024-06-13 11:57:20.630 +01:00 [WRN] Entity 'ApplicationUser' has a global query filter defined and is the required end of a relationship with the entity 'ApplicationUserToken'. This may lead to unexpected results when the required entity is filtered out. Either configure the navigation as optional, or define matching query filters for both entities in the navigation. See https://go.microsoft.com/fwlink/?linkid=2131316 for more information.
2024-06-13 12:32:44.381 +01:00 [INF] Seeding database...
2024-06-13 12:32:44.407 +01:00 [INF] Done seeding database. Exiting.
2024-06-13 12:32:45.043 +01:00 [WRN] Entity 'ApplicationUser' has a global query filter defined and is the required end of a relationship with the entity 'ApplicationUserClaim'. This may lead to unexpected results when the required entity is filtered out. Either configure the navigation as optional, or define matching query filters for both entities in the navigation. See https://go.microsoft.com/fwlink/?linkid=2131316 for more information.
2024-06-13 12:32:45.045 +01:00 [WRN] Entity 'ApplicationUser' has a global query filter defined and is the required end of a relationship with the entity 'ApplicationUserLogin'. This may lead to unexpected results when the required entity is filtered out. Either configure the navigation as optional, or define matching query filters for both entities in the navigation. See https://go.microsoft.com/fwlink/?linkid=2131316 for more information.
2024-06-13 12:32:45.045 +01:00 [WRN] Entity 'ApplicationUser' has a global query filter defined and is the required end of a relationship with the entity 'ApplicationUserRole'. This may lead to unexpected results when the required entity is filtered out. Either configure the navigation as optional, or define matching query filters for both entities in the navigation. See https://go.microsoft.com/fwlink/?linkid=2131316 for more information.
2024-06-13 12:32:45.045 +01:00 [WRN] Entity 'ApplicationUser' has a global query filter defined and is the required end of a relationship with the entity 'ApplicationUserToken'. This may lead to unexpected results when the required entity is filtered out. Either configure the navigation as optional, or define matching query filters for both entities in the navigation. See https://go.microsoft.com/fwlink/?linkid=2131316 for more information.
2024-06-13 12:41:27.466 +01:00 [INF] Seeding database...
2024-06-13 12:41:27.498 +01:00 [INF] Done seeding database. Exiting.
2024-06-13 12:41:28.047 +01:00 [WRN] Entity 'ApplicationUser' has a global query filter defined and is the required end of a relationship with the entity 'ApplicationUserClaim'. This may lead to unexpected results when the required entity is filtered out. Either configure the navigation as optional, or define matching query filters for both entities in the navigation. See https://go.microsoft.com/fwlink/?linkid=2131316 for more information.
2024-06-13 12:41:28.049 +01:00 [WRN] Entity 'ApplicationUser' has a global query filter defined and is the required end of a relationship with the entity 'ApplicationUserLogin'. This may lead to unexpected results when the required entity is filtered out. Either configure the navigation as optional, or define matching query filters for both entities in the navigation. See https://go.microsoft.com/fwlink/?linkid=2131316 for more information.
2024-06-13 12:41:28.049 +01:00 [WRN] Entity 'ApplicationUser' has a global query filter defined and is the required end of a relationship with the entity 'ApplicationUserRole'. This may lead to unexpected results when the required entity is filtered out. Either configure the navigation as optional, or define matching query filters for both entities in the navigation. See https://go.microsoft.com/fwlink/?linkid=2131316 for more information.
2024-06-13 12:41:28.049 +01:00 [WRN] Entity 'ApplicationUser' has a global query filter defined and is the required end of a relationship with the entity 'ApplicationUserToken'. This may lead to unexpected results when the required entity is filtered out. Either configure the navigation as optional, or define matching query filters for both entities in the navigation. See https://go.microsoft.com/fwlink/?linkid=2131316 for more information.
2024-06-13 12:49:33.930 +01:00 [INF] Seeding database...
2024-06-13 12:49:33.959 +01:00 [INF] Done seeding database. Exiting.
2024-06-13 12:49:34.516 +01:00 [WRN] Entity 'ApplicationUser' has a global query filter defined and is the required end of a relationship with the entity 'ApplicationUserClaim'. This may lead to unexpected results when the required entity is filtered out. Either configure the navigation as optional, or define matching query filters for both entities in the navigation. See https://go.microsoft.com/fwlink/?linkid=2131316 for more information.
2024-06-13 12:49:34.517 +01:00 [WRN] Entity 'ApplicationUser' has a global query filter defined and is the required end of a relationship with the entity 'ApplicationUserLogin'. This may lead to unexpected results when the required entity is filtered out. Either configure the navigation as optional, or define matching query filters for both entities in the navigation. See https://go.microsoft.com/fwlink/?linkid=2131316 for more information.
2024-06-13 12:49:34.517 +01:00 [WRN] Entity 'ApplicationUser' has a global query filter defined and is the required end of a relationship with the entity 'ApplicationUserRole'. This may lead to unexpected results when the required entity is filtered out. Either configure the navigation as optional, or define matching query filters for both entities in the navigation. See https://go.microsoft.com/fwlink/?linkid=2131316 for more information.
2024-06-13 12:49:34.517 +01:00 [WRN] Entity 'ApplicationUser' has a global query filter defined and is the required end of a relationship with the entity 'ApplicationUserToken'. This may lead to unexpected results when the required entity is filtered out. Either configure the navigation as optional, or define matching query filters for both entities in the navigation. See https://go.microsoft.com/fwlink/?linkid=2131316 for more information.
2024-06-13 12:59:12.159 +01:00 [INF] Seeding database...
2024-06-13 12:59:12.186 +01:00 [INF] Done seeding database. Exiting.
2024-06-13 12:59:12.759 +01:00 [WRN] Entity 'ApplicationUser' has a global query filter defined and is the required end of a relationship with the entity 'ApplicationUserClaim'. This may lead to unexpected results when the required entity is filtered out. Either configure the navigation as optional, or define matching query filters for both entities in the navigation. See https://go.microsoft.com/fwlink/?linkid=2131316 for more information.
2024-06-13 12:59:12.760 +01:00 [WRN] Entity 'ApplicationUser' has a global query filter defined and is the required end of a relationship with the entity 'ApplicationUserLogin'. This may lead to unexpected results when the required entity is filtered out. Either configure the navigation as optional, or define matching query filters for both entities in the navigation. See https://go.microsoft.com/fwlink/?linkid=2131316 for more information.
2024-06-13 12:59:12.760 +01:00 [WRN] Entity 'ApplicationUser' has a global query filter defined and is the required end of a relationship with the entity 'ApplicationUserRole'. This may lead to unexpected results when the required entity is filtered out. Either configure the navigation as optional, or define matching query filters for both entities in the navigation. See https://go.microsoft.com/fwlink/?linkid=2131316 for more information.
2024-06-13 12:59:12.761 +01:00 [WRN] Entity 'ApplicationUser' has a global query filter defined and is the required end of a relationship with the entity 'ApplicationUserToken'. This may lead to unexpected results when the required entity is filtered out. Either configure the navigation as optional, or define matching query filters for both entities in the navigation. See https://go.microsoft.com/fwlink/?linkid=2131316 for more information.
2024-06-13 16:22:14.914 +01:00 [INF] Seeding database...
2024-06-13 16:22:14.944 +01:00 [INF] Done seeding database. Exiting.
2024-06-13 16:22:15.707 +01:00 [WRN] Entity 'ApplicationUser' has a global query filter defined and is the required end of a relationship with the entity 'ApplicationUserClaim'. This may lead to unexpected results when the required entity is filtered out. Either configure the navigation as optional, or define matching query filters for both entities in the navigation. See https://go.microsoft.com/fwlink/?linkid=2131316 for more information.
2024-06-13 16:22:15.709 +01:00 [WRN] Entity 'ApplicationUser' has a global query filter defined and is the required end of a relationship with the entity 'ApplicationUserLogin'. This may lead to unexpected results when the required entity is filtered out. Either configure the navigation as optional, or define matching query filters for both entities in the navigation. See https://go.microsoft.com/fwlink/?linkid=2131316 for more information.
2024-06-13 16:22:15.709 +01:00 [WRN] Entity 'ApplicationUser' has a global query filter defined and is the required end of a relationship with the entity 'ApplicationUserRole'. This may lead to unexpected results when the required entity is filtered out. Either configure the navigation as optional, or define matching query filters for both entities in the navigation. See https://go.microsoft.com/fwlink/?linkid=2131316 for more information.
2024-06-13 16:22:15.709 +01:00 [WRN] Entity 'ApplicationUser' has a global query filter defined and is the required end of a relationship with the entity 'ApplicationUserToken'. This may lead to unexpected results when the required entity is filtered out. Either configure the navigation as optional, or define matching query filters for both entities in the navigation. See https://go.microsoft.com/fwlink/?linkid=2131316 for more information.
2024-06-13 16:22:18.618 +01:00 [FTL] Unhandled exception
System.Reflection.ReflectionTypeLoadException: Unable to load one or more of the requested types.
Method 'AddNotificationAsync' in type 'SchoolSaas.Infrastructure.Frontoffice.Services.FrontofficeService' from assembly 'SchoolSaas.Infrastructure.Frontoffice, Version=1.0.0.0, Culture=neutral, PublicKeyToken=null' does not have an implementation.
   at System.Reflection.RuntimeModule.GetTypes(RuntimeModule module)
   at Microsoft.AspNetCore.Mvc.Controllers.ControllerFeatureProvider.PopulateFeature(IEnumerable`1 parts, ControllerFeature feature)
   at Microsoft.AspNetCore.Mvc.ApplicationParts.ApplicationPartManager.PopulateFeature[TFeature](TFeature feature)
   at Microsoft.AspNetCore.Mvc.ApplicationModels.ControllerActionDescriptorProvider.GetControllerTypes()
   at Microsoft.AspNetCore.Mvc.ApplicationModels.ControllerActionDescriptorProvider.GetDescriptors()
   at Microsoft.AspNetCore.Mvc.ApplicationModels.ControllerActionDescriptorProvider.OnProvidersExecuting(ActionDescriptorProviderContext context)
   at Microsoft.AspNetCore.Mvc.Infrastructure.DefaultActionDescriptorCollectionProvider.UpdateCollection()
   at Microsoft.AspNetCore.Mvc.Infrastructure.DefaultActionDescriptorCollectionProvider.Initialize()
   at Microsoft.AspNetCore.Mvc.Infrastructure.DefaultActionDescriptorCollectionProvider.GetChangeToken()
   at Microsoft.Extensions.Primitives.ChangeToken.ChangeTokenRegistration`1..ctor(Func`1 changeTokenProducer, Action`1 changeTokenConsumer, TState state)
   at Microsoft.Extensions.Primitives.ChangeToken.OnChange(Func`1 changeTokenProducer, Action changeTokenConsumer)
   at Microsoft.AspNetCore.Mvc.Routing.ActionEndpointDataSourceBase.Subscribe()
   at Microsoft.AspNetCore.Builder.ControllerEndpointRouteBuilderExtensions.GetOrCreateDataSource(IEndpointRouteBuilder endpoints)
   at Microsoft.AspNetCore.Builder.ControllerEndpointRouteBuilderExtensions.MapControllerRoute(IEndpointRouteBuilder endpoints, String name, String pattern, Object defaults, Object constraints, Object dataTokens)
   at Program.<Main>$(String[] args) in C:\Users\chara\source\repos\SchoolSaas\src\SchoolSaas.Web.IdentityService\Program.cs:line 87
System.TypeLoadException: Method 'AddNotificationAsync' in type 'SchoolSaas.Infrastructure.Frontoffice.Services.FrontofficeService' from assembly 'SchoolSaas.Infrastructure.Frontoffice, Version=1.0.0.0, Culture=neutral, PublicKeyToken=null' does not have an implementation.
2024-06-13 16:22:18.622 +01:00 [INF] Shut down complete
2024-06-13 16:26:14.992 +01:00 [INF] Seeding database...
2024-06-13 16:26:15.022 +01:00 [INF] Done seeding database. Exiting.
2024-06-13 16:26:15.715 +01:00 [WRN] Entity 'ApplicationUser' has a global query filter defined and is the required end of a relationship with the entity 'ApplicationUserClaim'. This may lead to unexpected results when the required entity is filtered out. Either configure the navigation as optional, or define matching query filters for both entities in the navigation. See https://go.microsoft.com/fwlink/?linkid=2131316 for more information.
2024-06-13 16:26:15.717 +01:00 [WRN] Entity 'ApplicationUser' has a global query filter defined and is the required end of a relationship with the entity 'ApplicationUserLogin'. This may lead to unexpected results when the required entity is filtered out. Either configure the navigation as optional, or define matching query filters for both entities in the navigation. See https://go.microsoft.com/fwlink/?linkid=2131316 for more information.
2024-06-13 16:26:15.717 +01:00 [WRN] Entity 'ApplicationUser' has a global query filter defined and is the required end of a relationship with the entity 'ApplicationUserRole'. This may lead to unexpected results when the required entity is filtered out. Either configure the navigation as optional, or define matching query filters for both entities in the navigation. See https://go.microsoft.com/fwlink/?linkid=2131316 for more information.
2024-06-13 16:26:15.717 +01:00 [WRN] Entity 'ApplicationUser' has a global query filter defined and is the required end of a relationship with the entity 'ApplicationUserToken'. This may lead to unexpected results when the required entity is filtered out. Either configure the navigation as optional, or define matching query filters for both entities in the navigation. See https://go.microsoft.com/fwlink/?linkid=2131316 for more information.
2024-06-13 16:37:31.049 +01:00 [INF] Seeding database...
2024-06-13 16:37:31.078 +01:00 [INF] Done seeding database. Exiting.
2024-06-13 16:37:31.644 +01:00 [WRN] Entity 'ApplicationUser' has a global query filter defined and is the required end of a relationship with the entity 'ApplicationUserClaim'. This may lead to unexpected results when the required entity is filtered out. Either configure the navigation as optional, or define matching query filters for both entities in the navigation. See https://go.microsoft.com/fwlink/?linkid=2131316 for more information.
2024-06-13 16:37:31.646 +01:00 [WRN] Entity 'ApplicationUser' has a global query filter defined and is the required end of a relationship with the entity 'ApplicationUserLogin'. This may lead to unexpected results when the required entity is filtered out. Either configure the navigation as optional, or define matching query filters for both entities in the navigation. See https://go.microsoft.com/fwlink/?linkid=2131316 for more information.
2024-06-13 16:37:31.646 +01:00 [WRN] Entity 'ApplicationUser' has a global query filter defined and is the required end of a relationship with the entity 'ApplicationUserRole'. This may lead to unexpected results when the required entity is filtered out. Either configure the navigation as optional, or define matching query filters for both entities in the navigation. See https://go.microsoft.com/fwlink/?linkid=2131316 for more information.
2024-06-13 16:37:31.646 +01:00 [WRN] Entity 'ApplicationUser' has a global query filter defined and is the required end of a relationship with the entity 'ApplicationUserToken'. This may lead to unexpected results when the required entity is filtered out. Either configure the navigation as optional, or define matching query filters for both entities in the navigation. See https://go.microsoft.com/fwlink/?linkid=2131316 for more information.
2024-06-13 16:37:33.796 +01:00 [FTL] Unhandled exception
System.Reflection.ReflectionTypeLoadException: Unable to load one or more of the requested types.
Method 'GetRulesConfigurationByCriteriaAsync' in type 'SchoolSaas.Infrastructure.Backoffice.Services.ConfigurationService' from assembly 'SchoolSaas.Infrastructure.Backoffice, Version=1.0.0.0, Culture=neutral, PublicKeyToken=null' does not have an implementation.
   at System.Reflection.RuntimeModule.GetTypes(RuntimeModule module)
   at Microsoft.AspNetCore.Mvc.Controllers.ControllerFeatureProvider.PopulateFeature(IEnumerable`1 parts, ControllerFeature feature)
   at Microsoft.AspNetCore.Mvc.ApplicationParts.ApplicationPartManager.PopulateFeature[TFeature](TFeature feature)
   at Microsoft.AspNetCore.Mvc.ApplicationModels.ControllerActionDescriptorProvider.GetControllerTypes()
   at Microsoft.AspNetCore.Mvc.ApplicationModels.ControllerActionDescriptorProvider.GetDescriptors()
   at Microsoft.AspNetCore.Mvc.ApplicationModels.ControllerActionDescriptorProvider.OnProvidersExecuting(ActionDescriptorProviderContext context)
   at Microsoft.AspNetCore.Mvc.Infrastructure.DefaultActionDescriptorCollectionProvider.UpdateCollection()
   at Microsoft.AspNetCore.Mvc.Infrastructure.DefaultActionDescriptorCollectionProvider.Initialize()
   at Microsoft.AspNetCore.Mvc.Infrastructure.DefaultActionDescriptorCollectionProvider.GetChangeToken()
   at Microsoft.Extensions.Primitives.ChangeToken.ChangeTokenRegistration`1..ctor(Func`1 changeTokenProducer, Action`1 changeTokenConsumer, TState state)
   at Microsoft.Extensions.Primitives.ChangeToken.OnChange(Func`1 changeTokenProducer, Action changeTokenConsumer)
   at Microsoft.AspNetCore.Mvc.Routing.ActionEndpointDataSourceBase.Subscribe()
   at Microsoft.AspNetCore.Builder.ControllerEndpointRouteBuilderExtensions.GetOrCreateDataSource(IEndpointRouteBuilder endpoints)
   at Microsoft.AspNetCore.Builder.ControllerEndpointRouteBuilderExtensions.MapControllerRoute(IEndpointRouteBuilder endpoints, String name, String pattern, Object defaults, Object constraints, Object dataTokens)
   at Program.<Main>$(String[] args) in C:\Users\chara\source\repos\SchoolSaas\src\SchoolSaas.Web.IdentityService\Program.cs:line 87
System.TypeLoadException: Method 'GetRulesConfigurationByCriteriaAsync' in type 'SchoolSaas.Infrastructure.Backoffice.Services.ConfigurationService' from assembly 'SchoolSaas.Infrastructure.Backoffice, Version=1.0.0.0, Culture=neutral, PublicKeyToken=null' does not have an implementation.
2024-06-13 16:37:33.801 +01:00 [INF] Shut down complete
2024-06-13 16:39:06.850 +01:00 [INF] Seeding database...
2024-06-13 16:39:06.878 +01:00 [INF] Done seeding database. Exiting.
2024-06-13 16:39:07.352 +01:00 [WRN] Entity 'ApplicationUser' has a global query filter defined and is the required end of a relationship with the entity 'ApplicationUserClaim'. This may lead to unexpected results when the required entity is filtered out. Either configure the navigation as optional, or define matching query filters for both entities in the navigation. See https://go.microsoft.com/fwlink/?linkid=2131316 for more information.
2024-06-13 16:39:07.353 +01:00 [WRN] Entity 'ApplicationUser' has a global query filter defined and is the required end of a relationship with the entity 'ApplicationUserLogin'. This may lead to unexpected results when the required entity is filtered out. Either configure the navigation as optional, or define matching query filters for both entities in the navigation. See https://go.microsoft.com/fwlink/?linkid=2131316 for more information.
2024-06-13 16:39:07.353 +01:00 [WRN] Entity 'ApplicationUser' has a global query filter defined and is the required end of a relationship with the entity 'ApplicationUserRole'. This may lead to unexpected results when the required entity is filtered out. Either configure the navigation as optional, or define matching query filters for both entities in the navigation. See https://go.microsoft.com/fwlink/?linkid=2131316 for more information.
2024-06-13 16:39:07.353 +01:00 [WRN] Entity 'ApplicationUser' has a global query filter defined and is the required end of a relationship with the entity 'ApplicationUserToken'. This may lead to unexpected results when the required entity is filtered out. Either configure the navigation as optional, or define matching query filters for both entities in the navigation. See https://go.microsoft.com/fwlink/?linkid=2131316 for more information.
2024-06-13 16:39:09.701 +01:00 [FTL] Unhandled exception
System.Reflection.ReflectionTypeLoadException: Unable to load one or more of the requested types.
Method 'GetRulesConfigurationByCriteriaAsync' in type 'SchoolSaas.Infrastructure.Backoffice.Services.ConfigurationService' from assembly 'SchoolSaas.Infrastructure.Backoffice, Version=1.0.0.0, Culture=neutral, PublicKeyToken=null' does not have an implementation.
   at System.Reflection.RuntimeModule.GetTypes(RuntimeModule module)
   at Microsoft.AspNetCore.Mvc.Controllers.ControllerFeatureProvider.PopulateFeature(IEnumerable`1 parts, ControllerFeature feature)
   at Microsoft.AspNetCore.Mvc.ApplicationParts.ApplicationPartManager.PopulateFeature[TFeature](TFeature feature)
   at Microsoft.AspNetCore.Mvc.ApplicationModels.ControllerActionDescriptorProvider.GetControllerTypes()
   at Microsoft.AspNetCore.Mvc.ApplicationModels.ControllerActionDescriptorProvider.GetDescriptors()
   at Microsoft.AspNetCore.Mvc.ApplicationModels.ControllerActionDescriptorProvider.OnProvidersExecuting(ActionDescriptorProviderContext context)
   at Microsoft.AspNetCore.Mvc.Infrastructure.DefaultActionDescriptorCollectionProvider.UpdateCollection()
   at Microsoft.AspNetCore.Mvc.Infrastructure.DefaultActionDescriptorCollectionProvider.Initialize()
   at Microsoft.AspNetCore.Mvc.Infrastructure.DefaultActionDescriptorCollectionProvider.GetChangeToken()
   at Microsoft.Extensions.Primitives.ChangeToken.ChangeTokenRegistration`1..ctor(Func`1 changeTokenProducer, Action`1 changeTokenConsumer, TState state)
   at Microsoft.Extensions.Primitives.ChangeToken.OnChange(Func`1 changeTokenProducer, Action changeTokenConsumer)
   at Microsoft.AspNetCore.Mvc.Routing.ActionEndpointDataSourceBase.Subscribe()
   at Microsoft.AspNetCore.Builder.ControllerEndpointRouteBuilderExtensions.GetOrCreateDataSource(IEndpointRouteBuilder endpoints)
   at Microsoft.AspNetCore.Builder.ControllerEndpointRouteBuilderExtensions.MapControllerRoute(IEndpointRouteBuilder endpoints, String name, String pattern, Object defaults, Object constraints, Object dataTokens)
   at Program.<Main>$(String[] args) in C:\Users\chara\source\repos\SchoolSaas\src\SchoolSaas.Web.IdentityService\Program.cs:line 87
System.TypeLoadException: Method 'GetRulesConfigurationByCriteriaAsync' in type 'SchoolSaas.Infrastructure.Backoffice.Services.ConfigurationService' from assembly 'SchoolSaas.Infrastructure.Backoffice, Version=1.0.0.0, Culture=neutral, PublicKeyToken=null' does not have an implementation.
2024-06-13 16:39:09.705 +01:00 [INF] Shut down complete
2024-06-13 17:11:32.072 +01:00 [INF] Seeding database...
2024-06-13 17:11:32.110 +01:00 [INF] Done seeding database. Exiting.
2024-06-13 17:11:32.849 +01:00 [WRN] Entity 'ApplicationUser' has a global query filter defined and is the required end of a relationship with the entity 'ApplicationUserClaim'. This may lead to unexpected results when the required entity is filtered out. Either configure the navigation as optional, or define matching query filters for both entities in the navigation. See https://go.microsoft.com/fwlink/?linkid=2131316 for more information.
2024-06-13 17:11:32.850 +01:00 [WRN] Entity 'ApplicationUser' has a global query filter defined and is the required end of a relationship with the entity 'ApplicationUserLogin'. This may lead to unexpected results when the required entity is filtered out. Either configure the navigation as optional, or define matching query filters for both entities in the navigation. See https://go.microsoft.com/fwlink/?linkid=2131316 for more information.
2024-06-13 17:11:32.850 +01:00 [WRN] Entity 'ApplicationUser' has a global query filter defined and is the required end of a relationship with the entity 'ApplicationUserRole'. This may lead to unexpected results when the required entity is filtered out. Either configure the navigation as optional, or define matching query filters for both entities in the navigation. See https://go.microsoft.com/fwlink/?linkid=2131316 for more information.
2024-06-13 17:11:32.850 +01:00 [WRN] Entity 'ApplicationUser' has a global query filter defined and is the required end of a relationship with the entity 'ApplicationUserToken'. This may lead to unexpected results when the required entity is filtered out. Either configure the navigation as optional, or define matching query filters for both entities in the navigation. See https://go.microsoft.com/fwlink/?linkid=2131316 for more information.
2024-06-13 17:18:33.865 +01:00 [INF] Seeding database...
2024-06-13 17:18:33.901 +01:00 [INF] Done seeding database. Exiting.
2024-06-13 17:18:34.453 +01:00 [WRN] Entity 'ApplicationUser' has a global query filter defined and is the required end of a relationship with the entity 'ApplicationUserClaim'. This may lead to unexpected results when the required entity is filtered out. Either configure the navigation as optional, or define matching query filters for both entities in the navigation. See https://go.microsoft.com/fwlink/?linkid=2131316 for more information.
2024-06-13 17:18:34.454 +01:00 [WRN] Entity 'ApplicationUser' has a global query filter defined and is the required end of a relationship with the entity 'ApplicationUserLogin'. This may lead to unexpected results when the required entity is filtered out. Either configure the navigation as optional, or define matching query filters for both entities in the navigation. See https://go.microsoft.com/fwlink/?linkid=2131316 for more information.
2024-06-13 17:18:34.454 +01:00 [WRN] Entity 'ApplicationUser' has a global query filter defined and is the required end of a relationship with the entity 'ApplicationUserRole'. This may lead to unexpected results when the required entity is filtered out. Either configure the navigation as optional, or define matching query filters for both entities in the navigation. See https://go.microsoft.com/fwlink/?linkid=2131316 for more information.
2024-06-13 17:18:34.454 +01:00 [WRN] Entity 'ApplicationUser' has a global query filter defined and is the required end of a relationship with the entity 'ApplicationUserToken'. This may lead to unexpected results when the required entity is filtered out. Either configure the navigation as optional, or define matching query filters for both entities in the navigation. See https://go.microsoft.com/fwlink/?linkid=2131316 for more information.
