2024-06-11 10:08:59.366 +01:00 [INF] Seeding database...
2024-06-11 10:08:59.412 +01:00 [INF] Done seeding database. Exiting.
2024-06-11 10:09:00.402 +01:00 [WRN] Entity 'ApplicationUser' has a global query filter defined and is the required end of a relationship with the entity 'ApplicationUserClaim'. This may lead to unexpected results when the required entity is filtered out. Either configure the navigation as optional, or define matching query filters for both entities in the navigation. See https://go.microsoft.com/fwlink/?linkid=2131316 for more information.
2024-06-11 10:09:00.407 +01:00 [WRN] Entity 'ApplicationUser' has a global query filter defined and is the required end of a relationship with the entity 'ApplicationUserLogin'. This may lead to unexpected results when the required entity is filtered out. Either configure the navigation as optional, or define matching query filters for both entities in the navigation. See https://go.microsoft.com/fwlink/?linkid=2131316 for more information.
2024-06-11 10:09:00.409 +01:00 [WRN] Entity 'ApplicationUser' has a global query filter defined and is the required end of a relationship with the entity 'ApplicationUserRole'. This may lead to unexpected results when the required entity is filtered out. Either configure the navigation as optional, or define matching query filters for both entities in the navigation. See https://go.microsoft.com/fwlink/?linkid=2131316 for more information.
2024-06-11 10:09:00.410 +01:00 [WRN] Entity 'ApplicationUser' has a global query filter defined and is the required end of a relationship with the entity 'ApplicationUserToken'. This may lead to unexpected results when the required entity is filtered out. Either configure the navigation as optional, or define matching query filters for both entities in the navigation. See https://go.microsoft.com/fwlink/?linkid=2131316 for more information.
2024-06-11 10:09:09.495 +01:00 [INF] Now listening on: http://localhost:4480
2024-06-11 10:09:09.500 +01:00 [INF] Application started. Press Ctrl+C to shut down.
2024-06-11 10:09:09.503 +01:00 [INF] Hosting environment: Development
2024-06-11 10:09:09.504 +01:00 [INF] Content root path: C:\Users\chara\source\repos\SchoolSaas\src\SchoolSaas.Web.IdentityService
2024-06-11 10:09:13.172 +01:00 [WRN] Unable to identify tenant from query string. Falling back to default.
2024-06-11 10:09:13.484 +01:00 [WRN] Unable to identify tenant from query string. Falling back to default.
2024-06-11 10:09:13.661 +01:00 [WRN] Unable to identify tenant from query string. Falling back to default.
2024-06-11 10:09:13.666 +01:00 [WRN] Unable to identify tenant from query string. Falling back to default.
2024-06-11 10:09:13.668 +01:00 [WRN] Unable to identify tenant from query string. Falling back to default.
2024-06-11 10:09:13.668 +01:00 [WRN] Unable to identify tenant from query string. Falling back to default.
2024-06-11 10:09:13.680 +01:00 [WRN] Unable to identify tenant from query string. Falling back to default.
2024-06-11 10:09:13.767 +01:00 [WRN] Unable to identify tenant from query string. Falling back to default.
2024-06-11 10:09:13.927 +01:00 [WRN] Unable to identify tenant from query string. Falling back to default.
2024-06-11 10:09:13.935 +01:00 [WRN] Failed to determine the https port for redirect.
2024-06-11 10:09:14.193 +01:00 [DBG] The event OpenIddict.Server.OpenIddictServerEvents+ProcessRequestContext was successfully processed by OpenIddict.Server.AspNetCore.OpenIddictServerAspNetCoreHandlers+ResolveRequestUri.
2024-06-11 10:09:14.197 +01:00 [DBG] The event OpenIddict.Server.OpenIddictServerEvents+ProcessRequestContext was successfully processed by OpenIddict.Server.OpenIddictServerHandlers+InferEndpointType.
2024-06-11 10:09:14.199 +01:00 [DBG] The event OpenIddict.Server.OpenIddictServerEvents+ProcessRequestContext was successfully processed by OpenIddict.Server.AspNetCore.OpenIddictServerAspNetCoreHandlers+ValidateHostHeader.
2024-06-11 10:09:14.245 +01:00 [DBG] The event OpenIddict.Validation.OpenIddictValidationEvents+ProcessRequestContext was successfully processed by OpenIddict.Validation.AspNetCore.OpenIddictValidationAspNetCoreHandlers+ResolveRequestUri.
2024-06-11 10:09:14.256 +01:00 [DBG] AuthenticationScheme: Identity.Application was not authenticated.
2024-06-11 10:09:14.270 +01:00 [WRN] Unable to identify tenant from query string. Falling back to default.
2024-06-11 10:09:14.277 +01:00 [DBG] The event OpenIddict.Server.OpenIddictServerEvents+ProcessRequestContext was successfully processed by OpenIddict.Server.AspNetCore.OpenIddictServerAspNetCoreHandlers+ResolveRequestUri.
2024-06-11 10:09:14.279 +01:00 [DBG] The event OpenIddict.Server.OpenIddictServerEvents+ProcessRequestContext was successfully processed by OpenIddict.Server.OpenIddictServerHandlers+InferEndpointType.
2024-06-11 10:09:14.280 +01:00 [DBG] The event OpenIddict.Server.OpenIddictServerEvents+ProcessRequestContext was successfully processed by OpenIddict.Server.AspNetCore.OpenIddictServerAspNetCoreHandlers+ValidateHostHeader.
2024-06-11 10:09:14.282 +01:00 [DBG] The event OpenIddict.Validation.OpenIddictValidationEvents+ProcessRequestContext was successfully processed by OpenIddict.Validation.AspNetCore.OpenIddictValidationAspNetCoreHandlers+ResolveRequestUri.
2024-06-11 10:09:14.283 +01:00 [DBG] AuthenticationScheme: Identity.Application was not authenticated.
2024-06-11 10:09:14.439 +01:00 [WRN] Unable to identify tenant from query string. Falling back to default.
2024-06-11 10:09:14.441 +01:00 [DBG] The event OpenIddict.Server.OpenIddictServerEvents+ProcessRequestContext was successfully processed by OpenIddict.Server.AspNetCore.OpenIddictServerAspNetCoreHandlers+ResolveRequestUri.
2024-06-11 10:09:14.443 +01:00 [DBG] The event OpenIddict.Server.OpenIddictServerEvents+ProcessRequestContext was successfully processed by OpenIddict.Server.OpenIddictServerHandlers+InferEndpointType.
2024-06-11 10:09:14.445 +01:00 [DBG] The event OpenIddict.Server.OpenIddictServerEvents+ProcessRequestContext was successfully processed by OpenIddict.Server.AspNetCore.OpenIddictServerAspNetCoreHandlers+ValidateHostHeader.
2024-06-11 10:09:14.447 +01:00 [DBG] The event OpenIddict.Validation.OpenIddictValidationEvents+ProcessRequestContext was successfully processed by OpenIddict.Validation.AspNetCore.OpenIddictValidationAspNetCoreHandlers+ResolveRequestUri.
2024-06-11 10:09:14.451 +01:00 [DBG] AuthenticationScheme: Identity.Application was not authenticated.
2024-06-11 10:09:14.464 +01:00 [WRN] Unable to identify tenant from query string. Falling back to default.
2024-06-11 10:09:14.466 +01:00 [DBG] The event OpenIddict.Server.OpenIddictServerEvents+ProcessRequestContext was successfully processed by OpenIddict.Server.AspNetCore.OpenIddictServerAspNetCoreHandlers+ResolveRequestUri.
2024-06-11 10:09:14.467 +01:00 [DBG] The event OpenIddict.Server.OpenIddictServerEvents+ProcessRequestContext was successfully processed by OpenIddict.Server.OpenIddictServerHandlers+InferEndpointType.
2024-06-11 10:09:14.469 +01:00 [DBG] The event OpenIddict.Server.OpenIddictServerEvents+ProcessRequestContext was successfully processed by OpenIddict.Server.AspNetCore.OpenIddictServerAspNetCoreHandlers+ValidateHostHeader.
2024-06-11 10:09:14.470 +01:00 [DBG] The event OpenIddict.Validation.OpenIddictValidationEvents+ProcessRequestContext was successfully processed by OpenIddict.Validation.AspNetCore.OpenIddictValidationAspNetCoreHandlers+ResolveRequestUri.
2024-06-11 10:09:14.472 +01:00 [DBG] AuthenticationScheme: Identity.Application was not authenticated.
2024-06-11 10:09:14.558 +01:00 [WRN] Unable to identify tenant from query string. Falling back to default.
2024-06-11 10:09:18.836 +01:00 [WRN] Unable to identify tenant from query string. Falling back to default.
2024-06-11 10:09:18.845 +01:00 [DBG] The event OpenIddict.Server.OpenIddictServerEvents+ProcessRequestContext was successfully processed by OpenIddict.Server.AspNetCore.OpenIddictServerAspNetCoreHandlers+ResolveRequestUri.
2024-06-11 10:09:18.848 +01:00 [INF] The request URI matched a server endpoint: "Token".
2024-06-11 10:09:18.852 +01:00 [DBG] The event OpenIddict.Server.OpenIddictServerEvents+ProcessRequestContext was successfully processed by OpenIddict.Server.OpenIddictServerHandlers+InferEndpointType.
2024-06-11 10:09:18.854 +01:00 [DBG] The event OpenIddict.Server.OpenIddictServerEvents+ProcessRequestContext was successfully processed by OpenIddict.Server.AspNetCore.OpenIddictServerAspNetCoreHandlers+ValidateHostHeader.
2024-06-11 10:09:18.870 +01:00 [DBG] The event OpenIddict.Server.OpenIddictServerEvents+ExtractTokenRequestContext was successfully processed by OpenIddict.Server.AspNetCore.OpenIddictServerAspNetCoreHandlers+ExtractPostRequest`1[[OpenIddict.Server.OpenIddictServerEvents+ExtractTokenRequestContext, OpenIddict.Server, Version=5.2.0.0, Culture=neutral, PublicKeyToken=35a561290d20de2f]].
2024-06-11 10:09:18.874 +01:00 [DBG] The event OpenIddict.Server.OpenIddictServerEvents+ExtractTokenRequestContext was successfully processed by OpenIddict.Server.AspNetCore.OpenIddictServerAspNetCoreHandlers+ValidateClientAuthenticationMethod`1[[OpenIddict.Server.OpenIddictServerEvents+ExtractTokenRequestContext, OpenIddict.Server, Version=5.2.0.0, Culture=neutral, PublicKeyToken=35a561290d20de2f]].
2024-06-11 10:09:18.877 +01:00 [DBG] The event OpenIddict.Server.OpenIddictServerEvents+ExtractTokenRequestContext was successfully processed by OpenIddict.Server.AspNetCore.OpenIddictServerAspNetCoreHandlers+ExtractBasicAuthenticationCredentials`1[[OpenIddict.Server.OpenIddictServerEvents+ExtractTokenRequestContext, OpenIddict.Server, Version=5.2.0.0, Culture=neutral, PublicKeyToken=35a561290d20de2f]].
2024-06-11 10:09:18.883 +01:00 [INF] The token request was successfully extracted: {
  "scope": "EConculsatMA",
  "grant_type": "password",
  "client_id": "m2m.SchoolSaas.Backoffice",
  "client_secret": "[redacted]",
  "username": "SuperAdmin@eConsulatMA",
  "password": "[redacted]"
}.
2024-06-11 10:09:18.884 +01:00 [DBG] The event OpenIddict.Server.OpenIddictServerEvents+ProcessRequestContext was successfully processed by OpenIddict.Server.OpenIddictServerHandlers+Exchange+ExtractTokenRequest.
2024-06-11 10:09:18.888 +01:00 [DBG] The event OpenIddict.Server.OpenIddictServerEvents+ValidateTokenRequestContext was successfully processed by OpenIddict.Server.OpenIddictServerHandlers+Exchange+ValidateGrantType.
2024-06-11 10:09:18.892 +01:00 [DBG] The event OpenIddict.Server.OpenIddictServerEvents+ValidateTokenRequestContext was successfully processed by OpenIddict.Server.OpenIddictServerHandlers+Exchange+ValidateClientIdParameter.
2024-06-11 10:09:18.893 +01:00 [DBG] The event OpenIddict.Server.OpenIddictServerEvents+ValidateTokenRequestContext was successfully processed by OpenIddict.Server.OpenIddictServerHandlers+Exchange+ValidateAuthorizationCodeParameter.
2024-06-11 10:09:18.896 +01:00 [DBG] The event OpenIddict.Server.OpenIddictServerEvents+ValidateTokenRequestContext was successfully processed by OpenIddict.Server.OpenIddictServerHandlers+Exchange+ValidateClientCredentialsParameters.
2024-06-11 10:09:18.897 +01:00 [DBG] The event OpenIddict.Server.OpenIddictServerEvents+ValidateTokenRequestContext was successfully processed by OpenIddict.Server.OpenIddictServerHandlers+Exchange+ValidateDeviceCodeParameter.
2024-06-11 10:09:18.899 +01:00 [DBG] The event OpenIddict.Server.OpenIddictServerEvents+ValidateTokenRequestContext was successfully processed by OpenIddict.Server.OpenIddictServerHandlers+Exchange+ValidateRefreshTokenParameter.
2024-06-11 10:09:18.901 +01:00 [DBG] The event OpenIddict.Server.OpenIddictServerEvents+ValidateTokenRequestContext was successfully processed by OpenIddict.Server.OpenIddictServerHandlers+Exchange+ValidateResourceOwnerCredentialsParameters.
2024-06-11 10:09:18.903 +01:00 [DBG] The event OpenIddict.Server.OpenIddictServerEvents+ValidateTokenRequestContext was successfully processed by OpenIddict.Server.OpenIddictServerHandlers+Exchange+ValidateScopeParameter.
2024-06-11 10:09:18.905 +01:00 [DBG] The event OpenIddict.Server.OpenIddictServerEvents+ValidateTokenRequestContext was successfully processed by OpenIddict.Server.OpenIddictServerHandlers+Exchange+ValidateProofKeyForCodeExchangeParameters.
2024-06-11 10:09:18.912 +01:00 [DBG] The event OpenIddict.Server.OpenIddictServerEvents+ProcessAuthenticationContext was successfully processed by OpenIddict.Server.OpenIddictServerHandlers+ValidateAuthenticationDemand.
2024-06-11 10:09:18.916 +01:00 [DBG] The event OpenIddict.Server.OpenIddictServerEvents+ProcessAuthenticationContext was successfully processed by OpenIddict.Server.OpenIddictServerHandlers+EvaluateValidatedTokens.
2024-06-11 10:09:18.919 +01:00 [DBG] The event OpenIddict.Server.OpenIddictServerEvents+ProcessAuthenticationContext was successfully processed by OpenIddict.Server.OpenIddictServerHandlers+ResolveValidatedTokens.
2024-06-11 10:09:18.922 +01:00 [DBG] The event OpenIddict.Server.OpenIddictServerEvents+ProcessAuthenticationContext was successfully processed by OpenIddict.Server.OpenIddictServerHandlers+ValidateRequiredTokens.
2024-06-11 10:09:18.926 +01:00 [DBG] The event OpenIddict.Server.OpenIddictServerEvents+ProcessAuthenticationContext was successfully processed by OpenIddict.Server.OpenIddictServerHandlers+ValidateClientAssertion.
2024-06-11 10:09:19.019 +01:00 [DBG] The event OpenIddict.Server.OpenIddictServerEvents+ProcessAuthenticationContext was successfully processed by OpenIddict.Server.OpenIddictServerHandlers+ValidateClientId.
2024-06-11 10:09:19.035 +01:00 [DBG] The event OpenIddict.Server.OpenIddictServerEvents+ProcessAuthenticationContext was successfully processed by OpenIddict.Server.OpenIddictServerHandlers+ValidateClientType.
2024-06-11 10:09:19.058 +01:00 [DBG] The event OpenIddict.Server.OpenIddictServerEvents+ProcessAuthenticationContext was successfully processed by OpenIddict.Server.OpenIddictServerHandlers+ValidateClientSecret.
2024-06-11 10:09:19.062 +01:00 [DBG] The event OpenIddict.Server.OpenIddictServerEvents+ProcessAuthenticationContext was successfully processed by OpenIddict.Server.OpenIddictServerHandlers+ResolveHostAuthenticationProperties.
2024-06-11 10:09:19.064 +01:00 [DBG] The event OpenIddict.Server.OpenIddictServerEvents+ValidateTokenRequestContext was successfully processed by OpenIddict.Server.OpenIddictServerHandlers+Exchange+ValidateAuthentication.
2024-06-11 10:09:19.069 +01:00 [DBG] The event OpenIddict.Server.OpenIddictServerEvents+ValidateTokenRequestContext was successfully processed by OpenIddict.Server.OpenIddictServerHandlers+Exchange+ValidateEndpointPermissions.
2024-06-11 10:09:19.072 +01:00 [DBG] The event OpenIddict.Server.OpenIddictServerEvents+ValidateTokenRequestContext was successfully processed by OpenIddict.Server.OpenIddictServerHandlers+Exchange+ValidateGrantTypePermissions.
2024-06-11 10:09:19.076 +01:00 [DBG] The event OpenIddict.Server.OpenIddictServerEvents+ValidateTokenRequestContext was successfully processed by OpenIddict.Server.OpenIddictServerHandlers+Exchange+ValidateScopePermissions.
2024-06-11 10:09:19.079 +01:00 [DBG] The event OpenIddict.Server.OpenIddictServerEvents+ValidateTokenRequestContext was successfully processed by OpenIddict.Server.OpenIddictServerHandlers+Exchange+ValidateProofKeyForCodeExchangeRequirement.
2024-06-11 10:09:19.080 +01:00 [DBG] The event OpenIddict.Server.OpenIddictServerEvents+ValidateTokenRequestContext was successfully processed by OpenIddict.Server.OpenIddictServerHandlers+Exchange+ValidatePresenters.
2024-06-11 10:09:19.081 +01:00 [DBG] The event OpenIddict.Server.OpenIddictServerEvents+ValidateTokenRequestContext was successfully processed by OpenIddict.Server.OpenIddictServerHandlers+Exchange+ValidateRedirectUri.
2024-06-11 10:09:19.083 +01:00 [DBG] The event OpenIddict.Server.OpenIddictServerEvents+ValidateTokenRequestContext was successfully processed by OpenIddict.Server.OpenIddictServerHandlers+Exchange+ValidateCodeVerifier.
2024-06-11 10:09:19.084 +01:00 [DBG] The event OpenIddict.Server.OpenIddictServerEvents+ValidateTokenRequestContext was successfully processed by OpenIddict.Server.OpenIddictServerHandlers+Exchange+ValidateGrantedScopes.
2024-06-11 10:09:19.085 +01:00 [INF] The token request was successfully validated.
2024-06-11 10:09:19.086 +01:00 [DBG] The event OpenIddict.Server.OpenIddictServerEvents+ProcessRequestContext was successfully processed by OpenIddict.Server.OpenIddictServerHandlers+Exchange+ValidateTokenRequest.
2024-06-11 10:09:19.089 +01:00 [DBG] The event OpenIddict.Server.OpenIddictServerEvents+HandleTokenRequestContext was successfully processed by OpenIddict.Server.OpenIddictServerHandlers+Exchange+AttachPrincipal.
2024-06-11 10:09:19.091 +01:00 [DBG] The event OpenIddict.Server.OpenIddictServerEvents+HandleTokenRequestContext was successfully processed by OpenIddict.Server.AspNetCore.OpenIddictServerAspNetCoreHandlers+EnablePassthroughMode`2[[OpenIddict.Server.OpenIddictServerEvents+HandleTokenRequestContext, OpenIddict.Server, Version=5.2.0.0, Culture=neutral, PublicKeyToken=35a561290d20de2f],[OpenIddict.Server.AspNetCore.OpenIddictServerAspNetCoreHandlerFilters+RequireTokenEndpointPassthroughEnabled, OpenIddict.Server.AspNetCore, Version=5.2.0.0, Culture=neutral, PublicKeyToken=35a561290d20de2f]].
2024-06-11 10:09:19.092 +01:00 [DBG] The event OpenIddict.Server.OpenIddictServerEvents+HandleTokenRequestContext was marked as skipped by OpenIddict.Server.AspNetCore.OpenIddictServerAspNetCoreHandlers+EnablePassthroughMode`2[[OpenIddict.Server.OpenIddictServerEvents+HandleTokenRequestContext, OpenIddict.Server, Version=5.2.0.0, Culture=neutral, PublicKeyToken=35a561290d20de2f],[OpenIddict.Server.AspNetCore.OpenIddictServerAspNetCoreHandlerFilters+RequireTokenEndpointPassthroughEnabled, OpenIddict.Server.AspNetCore, Version=5.2.0.0, Culture=neutral, PublicKeyToken=35a561290d20de2f]].
2024-06-11 10:09:19.094 +01:00 [DBG] The event OpenIddict.Server.OpenIddictServerEvents+ProcessRequestContext was successfully processed by OpenIddict.Server.OpenIddictServerHandlers+Exchange+HandleTokenRequest.
2024-06-11 10:09:19.095 +01:00 [DBG] The event OpenIddict.Server.OpenIddictServerEvents+ProcessRequestContext was marked as skipped by OpenIddict.Server.OpenIddictServerHandlers+Exchange+HandleTokenRequest.
2024-06-11 10:09:19.097 +01:00 [DBG] The event OpenIddict.Validation.OpenIddictValidationEvents+ProcessRequestContext was successfully processed by OpenIddict.Validation.AspNetCore.OpenIddictValidationAspNetCoreHandlers+ResolveRequestUri.
2024-06-11 10:09:19.098 +01:00 [DBG] AuthenticationScheme: Identity.Application was not authenticated.
2024-06-11 10:09:19.233 +01:00 [WRN] Compiling a query which loads related collections for more than one collection navigation, either via 'Include' or through projection, but no 'QuerySplittingBehavior' has been configured. By default, Entity Framework will use 'QuerySplittingBehavior.SingleQuery', which can potentially result in slow query performance. See https://go.microsoft.com/fwlink/?linkid=2134277 for more information. To identify the query that's triggering this warning call 'ConfigureWarnings(w => w.Throw(RelationalEventId.MultipleCollectionIncludeWarning))'.
2024-06-11 10:09:19.877 +01:00 [WRN] Compiling a query which loads related collections for more than one collection navigation, either via 'Include' or through projection, but no 'QuerySplittingBehavior' has been configured. By default, Entity Framework will use 'QuerySplittingBehavior.SingleQuery', which can potentially result in slow query performance. See https://go.microsoft.com/fwlink/?linkid=2134277 for more information. To identify the query that's triggering this warning call 'ConfigureWarnings(w => w.Throw(RelationalEventId.MultipleCollectionIncludeWarning))'.
2024-06-11 10:09:20.146 +01:00 [DBG] The event OpenIddict.Server.OpenIddictServerEvents+ProcessSignInContext was successfully processed by OpenIddict.Server.AspNetCore.OpenIddictServerAspNetCoreHandlers+ResolveHostSignInProperties.
2024-06-11 10:09:20.151 +01:00 [DBG] The event OpenIddict.Server.OpenIddictServerEvents+ProcessSignInContext was successfully processed by OpenIddict.Server.OpenIddictServerHandlers+ValidateSignInDemand.
2024-06-11 10:09:20.156 +01:00 [DBG] The event OpenIddict.Server.OpenIddictServerEvents+ProcessSignInContext was successfully processed by OpenIddict.Server.OpenIddictServerHandlers+RedeemTokenEntry.
2024-06-11 10:09:20.158 +01:00 [DBG] The event OpenIddict.Server.OpenIddictServerEvents+ProcessSignInContext was successfully processed by OpenIddict.Server.OpenIddictServerHandlers+RestoreInternalClaims.
2024-06-11 10:09:20.160 +01:00 [DBG] The event OpenIddict.Server.OpenIddictServerEvents+ProcessSignInContext was successfully processed by OpenIddict.Server.OpenIddictServerHandlers+AttachHostProperties.
2024-06-11 10:09:20.161 +01:00 [DBG] The event OpenIddict.Server.OpenIddictServerEvents+ProcessSignInContext was successfully processed by OpenIddict.Server.OpenIddictServerHandlers+AttachDefaultScopes.
2024-06-11 10:09:20.163 +01:00 [DBG] The event OpenIddict.Server.OpenIddictServerEvents+ProcessSignInContext was successfully processed by OpenIddict.Server.OpenIddictServerHandlers+AttachDefaultPresenters.
2024-06-11 10:09:20.164 +01:00 [DBG] The event OpenIddict.Server.OpenIddictServerEvents+ProcessSignInContext was successfully processed by OpenIddict.Server.OpenIddictServerHandlers+InferResources.
2024-06-11 10:09:20.166 +01:00 [DBG] The event OpenIddict.Server.OpenIddictServerEvents+ProcessSignInContext was successfully processed by OpenIddict.Server.OpenIddictServerHandlers+EvaluateGeneratedTokens.
2024-06-11 10:09:20.168 +01:00 [DBG] The event OpenIddict.Server.OpenIddictServerEvents+ProcessSignInContext was successfully processed by OpenIddict.Server.OpenIddictServerHandlers+AttachAuthorization.
2024-06-11 10:09:20.184 +01:00 [DBG] The event OpenIddict.Server.OpenIddictServerEvents+ProcessSignInContext was successfully processed by OpenIddict.Server.OpenIddictServerHandlers+PrepareAccessTokenPrincipal.
2024-06-11 10:09:20.189 +01:00 [DBG] The event OpenIddict.Server.OpenIddictServerEvents+GenerateTokenContext was successfully processed by OpenIddict.Server.OpenIddictServerHandlers+Protection+AttachSecurityCredentials.
2024-06-11 10:09:20.439 +01:00 [DBG] The event OpenIddict.Server.OpenIddictServerEvents+GenerateTokenContext was successfully processed by OpenIddict.Server.OpenIddictServerHandlers+Protection+CreateTokenEntry.
2024-06-11 10:09:20.492 +01:00 [DBG] The event OpenIddict.Server.OpenIddictServerEvents+GenerateTokenContext was successfully processed by OpenIddict.Server.OpenIddictServerHandlers+Protection+GenerateIdentityModelToken.
2024-06-11 10:09:20.495 +01:00 [DBG] The event OpenIddict.Server.OpenIddictServerEvents+GenerateTokenContext was successfully processed by OpenIddict.Server.OpenIddictServerHandlers+Protection+BeautifyToken.
2024-06-11 10:09:20.496 +01:00 [DBG] The event OpenIddict.Server.OpenIddictServerEvents+ProcessSignInContext was successfully processed by OpenIddict.Server.OpenIddictServerHandlers+GenerateAccessToken.
2024-06-11 10:09:20.498 +01:00 [DBG] The event OpenIddict.Server.OpenIddictServerEvents+ProcessSignInContext was successfully processed by OpenIddict.Server.OpenIddictServerHandlers+AttachCustomSignInParameters.
2024-06-11 10:09:20.501 +01:00 [DBG] The event OpenIddict.Server.OpenIddictServerEvents+ProcessSignInContext was successfully processed by OpenIddict.Server.OpenIddictServerHandlers+AttachSignInParameters.
2024-06-11 10:09:20.517 +01:00 [DBG] The event OpenIddict.Server.OpenIddictServerEvents+ApplyTokenResponseContext was successfully processed by OpenIddict.Server.OpenIddictServerHandlers+Exchange+NormalizeErrorResponse.
2024-06-11 10:09:20.519 +01:00 [DBG] The event OpenIddict.Server.OpenIddictServerEvents+ApplyTokenResponseContext was successfully processed by OpenIddict.Server.AspNetCore.OpenIddictServerAspNetCoreHandlers+AttachHttpResponseCode`1[[OpenIddict.Server.OpenIddictServerEvents+ApplyTokenResponseContext, OpenIddict.Server, Version=5.2.0.0, Culture=neutral, PublicKeyToken=35a561290d20de2f]].
2024-06-11 10:09:20.520 +01:00 [DBG] The event OpenIddict.Server.OpenIddictServerEvents+ApplyTokenResponseContext was successfully processed by OpenIddict.Server.AspNetCore.OpenIddictServerAspNetCoreHandlers+AttachCacheControlHeader`1[[OpenIddict.Server.OpenIddictServerEvents+ApplyTokenResponseContext, OpenIddict.Server, Version=5.2.0.0, Culture=neutral, PublicKeyToken=35a561290d20de2f]].
2024-06-11 10:09:20.522 +01:00 [DBG] The event OpenIddict.Server.OpenIddictServerEvents+ApplyTokenResponseContext was successfully processed by OpenIddict.Server.AspNetCore.OpenIddictServerAspNetCoreHandlers+AttachWwwAuthenticateHeader`1[[OpenIddict.Server.OpenIddictServerEvents+ApplyTokenResponseContext, OpenIddict.Server, Version=5.2.0.0, Culture=neutral, PublicKeyToken=35a561290d20de2f]].
2024-06-11 10:09:20.525 +01:00 [INF] The response was successfully returned as a JSON document: {
  "access_token": "[redacted]",
  "token_type": "Bearer",
  "expires_in": 431999
}.
2024-06-11 10:09:20.527 +01:00 [DBG] The event OpenIddict.Server.OpenIddictServerEvents+ApplyTokenResponseContext was successfully processed by OpenIddict.Server.AspNetCore.OpenIddictServerAspNetCoreHandlers+ProcessJsonResponse`1[[OpenIddict.Server.OpenIddictServerEvents+ApplyTokenResponseContext, OpenIddict.Server, Version=5.2.0.0, Culture=neutral, PublicKeyToken=35a561290d20de2f]].
2024-06-11 10:09:20.528 +01:00 [DBG] The event OpenIddict.Server.OpenIddictServerEvents+ApplyTokenResponseContext was marked as handled by OpenIddict.Server.AspNetCore.OpenIddictServerAspNetCoreHandlers+ProcessJsonResponse`1[[OpenIddict.Server.OpenIddictServerEvents+ApplyTokenResponseContext, OpenIddict.Server, Version=5.2.0.0, Culture=neutral, PublicKeyToken=35a561290d20de2f]].
2024-06-11 10:09:20.530 +01:00 [DBG] The event OpenIddict.Server.OpenIddictServerEvents+ProcessSignInContext was successfully processed by OpenIddict.Server.OpenIddictServerHandlers+Exchange+ApplyTokenResponse`1[[OpenIddict.Server.OpenIddictServerEvents+ProcessSignInContext, OpenIddict.Server, Version=5.2.0.0, Culture=neutral, PublicKeyToken=35a561290d20de2f]].
2024-06-11 10:09:20.531 +01:00 [DBG] The event OpenIddict.Server.OpenIddictServerEvents+ProcessSignInContext was marked as handled by OpenIddict.Server.OpenIddictServerHandlers+Exchange+ApplyTokenResponse`1[[OpenIddict.Server.OpenIddictServerEvents+ProcessSignInContext, OpenIddict.Server, Version=5.2.0.0, Culture=neutral, PublicKeyToken=35a561290d20de2f]].
2024-06-11 10:09:45.759 +01:00 [WRN] Unable to identify tenant from query string. Falling back to default.
2024-06-11 10:09:45.762 +01:00 [DBG] The event OpenIddict.Server.OpenIddictServerEvents+ProcessRequestContext was successfully processed by OpenIddict.Server.AspNetCore.OpenIddictServerAspNetCoreHandlers+ResolveRequestUri.
2024-06-11 10:09:45.764 +01:00 [DBG] The event OpenIddict.Server.OpenIddictServerEvents+ProcessRequestContext was successfully processed by OpenIddict.Server.OpenIddictServerHandlers+InferEndpointType.
2024-06-11 10:09:45.765 +01:00 [DBG] The event OpenIddict.Server.OpenIddictServerEvents+ProcessRequestContext was successfully processed by OpenIddict.Server.AspNetCore.OpenIddictServerAspNetCoreHandlers+ValidateHostHeader.
2024-06-11 10:09:45.767 +01:00 [DBG] The event OpenIddict.Validation.OpenIddictValidationEvents+ProcessRequestContext was successfully processed by OpenIddict.Validation.AspNetCore.OpenIddictValidationAspNetCoreHandlers+ResolveRequestUri.
2024-06-11 10:09:45.768 +01:00 [DBG] AuthenticationScheme: Identity.Application was not authenticated.
2024-06-11 10:09:45.776 +01:00 [DBG] The event OpenIddict.Validation.OpenIddictValidationEvents+ProcessAuthenticationContext was successfully processed by OpenIddict.Validation.AspNetCore.OpenIddictValidationAspNetCoreHandlers+ValidateHostHeader.
2024-06-11 10:09:45.777 +01:00 [DBG] The event OpenIddict.Validation.OpenIddictValidationEvents+ProcessAuthenticationContext was successfully processed by OpenIddict.Validation.OpenIddictValidationHandlers+EvaluateValidatedTokens.
2024-06-11 10:09:45.779 +01:00 [DBG] The event OpenIddict.Validation.OpenIddictValidationEvents+ProcessAuthenticationContext was successfully processed by OpenIddict.Validation.AspNetCore.OpenIddictValidationAspNetCoreHandlers+ExtractAccessTokenFromAuthorizationHeader.
2024-06-11 10:09:45.781 +01:00 [DBG] The event OpenIddict.Validation.OpenIddictValidationEvents+ProcessAuthenticationContext was successfully processed by OpenIddict.Validation.AspNetCore.OpenIddictValidationAspNetCoreHandlers+ExtractAccessTokenFromBodyForm.
2024-06-11 10:09:45.782 +01:00 [DBG] The event OpenIddict.Validation.OpenIddictValidationEvents+ProcessAuthenticationContext was successfully processed by OpenIddict.Validation.AspNetCore.OpenIddictValidationAspNetCoreHandlers+ExtractAccessTokenFromQueryString.
2024-06-11 10:09:45.784 +01:00 [DBG] The event OpenIddict.Validation.OpenIddictValidationEvents+ProcessAuthenticationContext was successfully processed by OpenIddict.Validation.OpenIddictValidationHandlers+ValidateRequiredTokens.
2024-06-11 10:09:45.786 +01:00 [DBG] The event OpenIddict.Validation.OpenIddictValidationEvents+ProcessAuthenticationContext was successfully processed by OpenIddict.Validation.OpenIddictValidationHandlers+ResolveServerConfiguration.
2024-06-11 10:09:45.788 +01:00 [DBG] The event OpenIddict.Validation.OpenIddictValidationEvents+ProcessAuthenticationContext was successfully processed by OpenIddict.Validation.OpenIddictValidationHandlers+ResolveIntrospectionEndpoint.
2024-06-11 10:09:45.789 +01:00 [DBG] The event OpenIddict.Validation.OpenIddictValidationEvents+ProcessAuthenticationContext was successfully processed by OpenIddict.Validation.OpenIddictValidationHandlers+EvaluateIntrospectionRequest.
2024-06-11 10:09:45.796 +01:00 [DBG] The event OpenIddict.Validation.OpenIddictValidationEvents+ValidateTokenContext was successfully processed by OpenIddict.Validation.OpenIddictValidationHandlers+Protection+ResolveTokenValidationParameters.
2024-06-11 10:09:45.836 +01:00 [DBG] The event OpenIddict.Validation.OpenIddictValidationEvents+ValidateTokenContext was successfully processed by OpenIddict.Validation.OpenIddictValidationHandlers+Protection+ValidateIdentityModelToken.
2024-06-11 10:09:45.838 +01:00 [DBG] The event OpenIddict.Validation.OpenIddictValidationEvents+ValidateTokenContext was successfully processed by OpenIddict.Validation.OpenIddictValidationHandlers+Protection+NormalizeScopeClaims.
2024-06-11 10:09:45.841 +01:00 [DBG] The event OpenIddict.Validation.OpenIddictValidationEvents+ValidateTokenContext was successfully processed by OpenIddict.Validation.OpenIddictValidationHandlers+Protection+MapInternalClaims.
2024-06-11 10:09:45.842 +01:00 [DBG] The event OpenIddict.Validation.OpenIddictValidationEvents+ValidateTokenContext was successfully processed by OpenIddict.Validation.OpenIddictValidationHandlers+Protection+ValidatePrincipal.
2024-06-11 10:09:45.844 +01:00 [DBG] The event OpenIddict.Validation.OpenIddictValidationEvents+ValidateTokenContext was successfully processed by OpenIddict.Validation.OpenIddictValidationHandlers+Protection+ValidateExpirationDate.
2024-06-11 10:09:45.845 +01:00 [DBG] The event OpenIddict.Validation.OpenIddictValidationEvents+ValidateTokenContext was successfully processed by OpenIddict.Validation.OpenIddictValidationHandlers+Protection+ValidateAudience.
2024-06-11 10:09:45.846 +01:00 [DBG] The event OpenIddict.Validation.OpenIddictValidationEvents+ProcessAuthenticationContext was successfully processed by OpenIddict.Validation.OpenIddictValidationHandlers+ValidateAccessToken.
2024-06-11 10:09:45.848 +01:00 [DBG] AuthenticationScheme: OpenIddict.Validation.AspNetCore was successfully authenticated.
2024-06-11 10:09:45.871 +01:00 [INF] SchoolSaas Request: GetAllUtilityScopesQuery 1605fdee-1f66-4892-aea3-b8d0614474b2 superadmin@eConsulatMA
2024-06-11 10:10:18.471 +01:00 [WRN] Unable to identify tenant from query string. Falling back to default.
2024-06-11 10:10:18.482 +01:00 [DBG] The event OpenIddict.Server.OpenIddictServerEvents+ProcessRequestContext was successfully processed by OpenIddict.Server.AspNetCore.OpenIddictServerAspNetCoreHandlers+ResolveRequestUri.
2024-06-11 10:10:18.484 +01:00 [DBG] The event OpenIddict.Server.OpenIddictServerEvents+ProcessRequestContext was successfully processed by OpenIddict.Server.OpenIddictServerHandlers+InferEndpointType.
2024-06-11 10:10:18.486 +01:00 [DBG] The event OpenIddict.Server.OpenIddictServerEvents+ProcessRequestContext was successfully processed by OpenIddict.Server.AspNetCore.OpenIddictServerAspNetCoreHandlers+ValidateHostHeader.
2024-06-11 10:10:18.487 +01:00 [DBG] The event OpenIddict.Validation.OpenIddictValidationEvents+ProcessRequestContext was successfully processed by OpenIddict.Validation.AspNetCore.OpenIddictValidationAspNetCoreHandlers+ResolveRequestUri.
2024-06-11 10:10:18.488 +01:00 [DBG] AuthenticationScheme: Identity.Application was not authenticated.
2024-06-11 10:10:18.489 +01:00 [DBG] The event OpenIddict.Validation.OpenIddictValidationEvents+ProcessAuthenticationContext was successfully processed by OpenIddict.Validation.AspNetCore.OpenIddictValidationAspNetCoreHandlers+ValidateHostHeader.
2024-06-11 10:10:18.491 +01:00 [DBG] The event OpenIddict.Validation.OpenIddictValidationEvents+ProcessAuthenticationContext was successfully processed by OpenIddict.Validation.OpenIddictValidationHandlers+EvaluateValidatedTokens.
2024-06-11 10:10:18.492 +01:00 [DBG] The event OpenIddict.Validation.OpenIddictValidationEvents+ProcessAuthenticationContext was successfully processed by OpenIddict.Validation.AspNetCore.OpenIddictValidationAspNetCoreHandlers+ExtractAccessTokenFromAuthorizationHeader.
2024-06-11 10:10:18.493 +01:00 [DBG] The event OpenIddict.Validation.OpenIddictValidationEvents+ProcessAuthenticationContext was successfully processed by OpenIddict.Validation.AspNetCore.OpenIddictValidationAspNetCoreHandlers+ExtractAccessTokenFromBodyForm.
2024-06-11 10:10:18.495 +01:00 [DBG] The event OpenIddict.Validation.OpenIddictValidationEvents+ProcessAuthenticationContext was successfully processed by OpenIddict.Validation.AspNetCore.OpenIddictValidationAspNetCoreHandlers+ExtractAccessTokenFromQueryString.
2024-06-11 10:10:18.496 +01:00 [DBG] The event OpenIddict.Validation.OpenIddictValidationEvents+ProcessAuthenticationContext was successfully processed by OpenIddict.Validation.OpenIddictValidationHandlers+ValidateRequiredTokens.
2024-06-11 10:10:18.498 +01:00 [DBG] The event OpenIddict.Validation.OpenIddictValidationEvents+ProcessAuthenticationContext was successfully processed by OpenIddict.Validation.OpenIddictValidationHandlers+ResolveServerConfiguration.
2024-06-11 10:10:18.500 +01:00 [DBG] The event OpenIddict.Validation.OpenIddictValidationEvents+ProcessAuthenticationContext was successfully processed by OpenIddict.Validation.OpenIddictValidationHandlers+ResolveIntrospectionEndpoint.
2024-06-11 10:10:18.501 +01:00 [DBG] The event OpenIddict.Validation.OpenIddictValidationEvents+ProcessAuthenticationContext was successfully processed by OpenIddict.Validation.OpenIddictValidationHandlers+EvaluateIntrospectionRequest.
2024-06-11 10:10:18.503 +01:00 [DBG] The event OpenIddict.Validation.OpenIddictValidationEvents+ValidateTokenContext was successfully processed by OpenIddict.Validation.OpenIddictValidationHandlers+Protection+ResolveTokenValidationParameters.
2024-06-11 10:10:18.504 +01:00 [DBG] The event OpenIddict.Validation.OpenIddictValidationEvents+ValidateTokenContext was successfully processed by OpenIddict.Validation.OpenIddictValidationHandlers+Protection+ValidateIdentityModelToken.
2024-06-11 10:10:18.505 +01:00 [DBG] The event OpenIddict.Validation.OpenIddictValidationEvents+ValidateTokenContext was successfully processed by OpenIddict.Validation.OpenIddictValidationHandlers+Protection+NormalizeScopeClaims.
2024-06-11 10:10:18.507 +01:00 [DBG] The event OpenIddict.Validation.OpenIddictValidationEvents+ValidateTokenContext was successfully processed by OpenIddict.Validation.OpenIddictValidationHandlers+Protection+MapInternalClaims.
2024-06-11 10:10:18.508 +01:00 [DBG] The event OpenIddict.Validation.OpenIddictValidationEvents+ValidateTokenContext was successfully processed by OpenIddict.Validation.OpenIddictValidationHandlers+Protection+ValidatePrincipal.
2024-06-11 10:10:18.509 +01:00 [DBG] The event OpenIddict.Validation.OpenIddictValidationEvents+ValidateTokenContext was successfully processed by OpenIddict.Validation.OpenIddictValidationHandlers+Protection+ValidateExpirationDate.
2024-06-11 10:10:18.510 +01:00 [DBG] The event OpenIddict.Validation.OpenIddictValidationEvents+ValidateTokenContext was successfully processed by OpenIddict.Validation.OpenIddictValidationHandlers+Protection+ValidateAudience.
2024-06-11 10:10:18.511 +01:00 [DBG] The event OpenIddict.Validation.OpenIddictValidationEvents+ProcessAuthenticationContext was successfully processed by OpenIddict.Validation.OpenIddictValidationHandlers+ValidateAccessToken.
2024-06-11 10:10:18.512 +01:00 [DBG] AuthenticationScheme: OpenIddict.Validation.AspNetCore was successfully authenticated.
2024-06-11 10:10:18.514 +01:00 [INF] SchoolSaas Request: GetAllUtilityScopesQuery 1605fdee-1f66-4892-aea3-b8d0614474b2 superadmin@eConsulatMA
2024-06-11 10:10:27.390 +01:00 [WRN] Unable to identify tenant from query string. Falling back to default.
2024-06-11 10:10:27.397 +01:00 [DBG] The event OpenIddict.Server.OpenIddictServerEvents+ProcessRequestContext was successfully processed by OpenIddict.Server.AspNetCore.OpenIddictServerAspNetCoreHandlers+ResolveRequestUri.
2024-06-11 10:10:27.399 +01:00 [DBG] The event OpenIddict.Server.OpenIddictServerEvents+ProcessRequestContext was successfully processed by OpenIddict.Server.OpenIddictServerHandlers+InferEndpointType.
2024-06-11 10:10:27.401 +01:00 [DBG] The event OpenIddict.Server.OpenIddictServerEvents+ProcessRequestContext was successfully processed by OpenIddict.Server.AspNetCore.OpenIddictServerAspNetCoreHandlers+ValidateHostHeader.
2024-06-11 10:10:27.402 +01:00 [DBG] The event OpenIddict.Validation.OpenIddictValidationEvents+ProcessRequestContext was successfully processed by OpenIddict.Validation.AspNetCore.OpenIddictValidationAspNetCoreHandlers+ResolveRequestUri.
2024-06-11 10:10:27.403 +01:00 [DBG] AuthenticationScheme: Identity.Application was not authenticated.
2024-06-11 10:10:27.405 +01:00 [DBG] The event OpenIddict.Validation.OpenIddictValidationEvents+ProcessAuthenticationContext was successfully processed by OpenIddict.Validation.AspNetCore.OpenIddictValidationAspNetCoreHandlers+ValidateHostHeader.
2024-06-11 10:10:27.406 +01:00 [DBG] The event OpenIddict.Validation.OpenIddictValidationEvents+ProcessAuthenticationContext was successfully processed by OpenIddict.Validation.OpenIddictValidationHandlers+EvaluateValidatedTokens.
2024-06-11 10:10:27.407 +01:00 [DBG] The event OpenIddict.Validation.OpenIddictValidationEvents+ProcessAuthenticationContext was successfully processed by OpenIddict.Validation.AspNetCore.OpenIddictValidationAspNetCoreHandlers+ExtractAccessTokenFromAuthorizationHeader.
2024-06-11 10:10:27.408 +01:00 [DBG] The event OpenIddict.Validation.OpenIddictValidationEvents+ProcessAuthenticationContext was successfully processed by OpenIddict.Validation.AspNetCore.OpenIddictValidationAspNetCoreHandlers+ExtractAccessTokenFromBodyForm.
2024-06-11 10:10:27.409 +01:00 [DBG] The event OpenIddict.Validation.OpenIddictValidationEvents+ProcessAuthenticationContext was successfully processed by OpenIddict.Validation.AspNetCore.OpenIddictValidationAspNetCoreHandlers+ExtractAccessTokenFromQueryString.
2024-06-11 10:10:27.411 +01:00 [DBG] The event OpenIddict.Validation.OpenIddictValidationEvents+ProcessAuthenticationContext was successfully processed by OpenIddict.Validation.OpenIddictValidationHandlers+ValidateRequiredTokens.
2024-06-11 10:10:27.412 +01:00 [DBG] The event OpenIddict.Validation.OpenIddictValidationEvents+ProcessAuthenticationContext was successfully processed by OpenIddict.Validation.OpenIddictValidationHandlers+ResolveServerConfiguration.
2024-06-11 10:10:27.413 +01:00 [DBG] The event OpenIddict.Validation.OpenIddictValidationEvents+ProcessAuthenticationContext was successfully processed by OpenIddict.Validation.OpenIddictValidationHandlers+ResolveIntrospectionEndpoint.
2024-06-11 10:10:27.414 +01:00 [DBG] The event OpenIddict.Validation.OpenIddictValidationEvents+ProcessAuthenticationContext was successfully processed by OpenIddict.Validation.OpenIddictValidationHandlers+EvaluateIntrospectionRequest.
2024-06-11 10:10:27.415 +01:00 [DBG] The event OpenIddict.Validation.OpenIddictValidationEvents+ValidateTokenContext was successfully processed by OpenIddict.Validation.OpenIddictValidationHandlers+Protection+ResolveTokenValidationParameters.
2024-06-11 10:10:27.417 +01:00 [DBG] The event OpenIddict.Validation.OpenIddictValidationEvents+ValidateTokenContext was successfully processed by OpenIddict.Validation.OpenIddictValidationHandlers+Protection+ValidateIdentityModelToken.
2024-06-11 10:10:27.418 +01:00 [DBG] The event OpenIddict.Validation.OpenIddictValidationEvents+ValidateTokenContext was successfully processed by OpenIddict.Validation.OpenIddictValidationHandlers+Protection+NormalizeScopeClaims.
2024-06-11 10:10:27.420 +01:00 [DBG] The event OpenIddict.Validation.OpenIddictValidationEvents+ValidateTokenContext was successfully processed by OpenIddict.Validation.OpenIddictValidationHandlers+Protection+MapInternalClaims.
2024-06-11 10:10:27.422 +01:00 [DBG] The event OpenIddict.Validation.OpenIddictValidationEvents+ValidateTokenContext was successfully processed by OpenIddict.Validation.OpenIddictValidationHandlers+Protection+ValidatePrincipal.
2024-06-11 10:10:27.423 +01:00 [DBG] The event OpenIddict.Validation.OpenIddictValidationEvents+ValidateTokenContext was successfully processed by OpenIddict.Validation.OpenIddictValidationHandlers+Protection+ValidateExpirationDate.
2024-06-11 10:10:27.425 +01:00 [DBG] The event OpenIddict.Validation.OpenIddictValidationEvents+ValidateTokenContext was successfully processed by OpenIddict.Validation.OpenIddictValidationHandlers+Protection+ValidateAudience.
2024-06-11 10:10:27.427 +01:00 [DBG] The event OpenIddict.Validation.OpenIddictValidationEvents+ProcessAuthenticationContext was successfully processed by OpenIddict.Validation.OpenIddictValidationHandlers+ValidateAccessToken.
2024-06-11 10:10:27.428 +01:00 [DBG] AuthenticationScheme: OpenIddict.Validation.AspNetCore was successfully authenticated.
2024-06-11 10:10:27.453 +01:00 [INF] SchoolSaas Request: GetUtilityScopePermissionsQuery 1605fdee-1f66-4892-aea3-b8d0614474b2 superadmin@eConsulatMA
2024-06-11 10:11:22.912 +01:00 [WRN] Unable to identify tenant from query string. Falling back to default.
2024-06-11 10:11:22.920 +01:00 [WRN] Unable to identify tenant from query string. Falling back to default.
2024-06-11 10:11:22.922 +01:00 [DBG] The event OpenIddict.Server.OpenIddictServerEvents+ProcessRequestContext was successfully processed by OpenIddict.Server.AspNetCore.OpenIddictServerAspNetCoreHandlers+ResolveRequestUri.
2024-06-11 10:11:22.923 +01:00 [INF] The request URI matched a server endpoint: "Configuration".
2024-06-11 10:11:22.924 +01:00 [DBG] The event OpenIddict.Server.OpenIddictServerEvents+ProcessRequestContext was successfully processed by OpenIddict.Server.OpenIddictServerHandlers+InferEndpointType.
2024-06-11 10:11:22.926 +01:00 [DBG] The event OpenIddict.Server.OpenIddictServerEvents+ProcessRequestContext was successfully processed by OpenIddict.Server.AspNetCore.OpenIddictServerAspNetCoreHandlers+ValidateHostHeader.
2024-06-11 10:11:22.945 +01:00 [DBG] The event OpenIddict.Server.OpenIddictServerEvents+ExtractConfigurationRequestContext was successfully processed by OpenIddict.Server.AspNetCore.OpenIddictServerAspNetCoreHandlers+ExtractGetRequest`1[[OpenIddict.Server.OpenIddictServerEvents+ExtractConfigurationRequestContext, OpenIddict.Server, Version=5.2.0.0, Culture=neutral, PublicKeyToken=35a561290d20de2f]].
2024-06-11 10:11:22.946 +01:00 [INF] The configuration request was successfully extracted: {}.
2024-06-11 10:11:22.947 +01:00 [DBG] The event OpenIddict.Server.OpenIddictServerEvents+ProcessRequestContext was successfully processed by OpenIddict.Server.OpenIddictServerHandlers+Discovery+ExtractConfigurationRequest.
2024-06-11 10:11:22.949 +01:00 [INF] The configuration request was successfully validated.
2024-06-11 10:11:22.950 +01:00 [DBG] The event OpenIddict.Server.OpenIddictServerEvents+ProcessRequestContext was successfully processed by OpenIddict.Server.OpenIddictServerHandlers+Discovery+ValidateConfigurationRequest.
2024-06-11 10:11:22.954 +01:00 [DBG] The event OpenIddict.Server.OpenIddictServerEvents+HandleConfigurationRequestContext was successfully processed by OpenIddict.Server.OpenIddictServerHandlers+Discovery+AttachIssuer.
2024-06-11 10:11:22.956 +01:00 [DBG] The event OpenIddict.Server.OpenIddictServerEvents+HandleConfigurationRequestContext was successfully processed by OpenIddict.Server.OpenIddictServerHandlers+Discovery+AttachEndpoints.
2024-06-11 10:11:22.957 +01:00 [DBG] The event OpenIddict.Server.OpenIddictServerEvents+HandleConfigurationRequestContext was successfully processed by OpenIddict.Server.OpenIddictServerHandlers+Discovery+AttachGrantTypes.
2024-06-11 10:11:22.959 +01:00 [DBG] The event OpenIddict.Server.OpenIddictServerEvents+HandleConfigurationRequestContext was successfully processed by OpenIddict.Server.OpenIddictServerHandlers+Discovery+AttachResponseModes.
2024-06-11 10:11:22.960 +01:00 [DBG] The event OpenIddict.Server.OpenIddictServerEvents+HandleConfigurationRequestContext was successfully processed by OpenIddict.Server.OpenIddictServerHandlers+Discovery+AttachResponseTypes.
2024-06-11 10:11:22.962 +01:00 [DBG] The event OpenIddict.Server.OpenIddictServerEvents+HandleConfigurationRequestContext was successfully processed by OpenIddict.Server.OpenIddictServerHandlers+Discovery+AttachClientAuthenticationMethods.
2024-06-11 10:11:22.963 +01:00 [DBG] The event OpenIddict.Server.OpenIddictServerEvents+HandleConfigurationRequestContext was successfully processed by OpenIddict.Server.OpenIddictServerHandlers+Discovery+AttachCodeChallengeMethods.
2024-06-11 10:11:22.965 +01:00 [DBG] The event OpenIddict.Server.OpenIddictServerEvents+HandleConfigurationRequestContext was successfully processed by OpenIddict.Server.OpenIddictServerHandlers+Discovery+AttachScopes.
2024-06-11 10:11:22.966 +01:00 [DBG] The event OpenIddict.Server.OpenIddictServerEvents+HandleConfigurationRequestContext was successfully processed by OpenIddict.Server.OpenIddictServerHandlers+Discovery+AttachClaims.
2024-06-11 10:11:22.968 +01:00 [DBG] The event OpenIddict.Server.OpenIddictServerEvents+HandleConfigurationRequestContext was successfully processed by OpenIddict.Server.OpenIddictServerHandlers+Discovery+AttachSubjectTypes.
2024-06-11 10:11:22.970 +01:00 [DBG] The event OpenIddict.Server.OpenIddictServerEvents+HandleConfigurationRequestContext was successfully processed by OpenIddict.Server.OpenIddictServerHandlers+Discovery+AttachSigningAlgorithms.
2024-06-11 10:11:22.972 +01:00 [DBG] The event OpenIddict.Server.OpenIddictServerEvents+HandleConfigurationRequestContext was successfully processed by OpenIddict.Server.OpenIddictServerHandlers+Discovery+AttachAdditionalMetadata.
2024-06-11 10:11:22.974 +01:00 [DBG] The event OpenIddict.Server.OpenIddictServerEvents+ProcessRequestContext was successfully processed by OpenIddict.Server.OpenIddictServerHandlers+Discovery+HandleConfigurationRequest.
2024-06-11 10:11:22.977 +01:00 [DBG] The event OpenIddict.Server.OpenIddictServerEvents+ApplyConfigurationResponseContext was successfully processed by OpenIddict.Server.AspNetCore.OpenIddictServerAspNetCoreHandlers+AttachHttpResponseCode`1[[OpenIddict.Server.OpenIddictServerEvents+ApplyConfigurationResponseContext, OpenIddict.Server, Version=5.2.0.0, Culture=neutral, PublicKeyToken=35a561290d20de2f]].
2024-06-11 10:11:22.978 +01:00 [DBG] The event OpenIddict.Server.OpenIddictServerEvents+ApplyConfigurationResponseContext was successfully processed by OpenIddict.Server.AspNetCore.OpenIddictServerAspNetCoreHandlers+AttachWwwAuthenticateHeader`1[[OpenIddict.Server.OpenIddictServerEvents+ApplyConfigurationResponseContext, OpenIddict.Server, Version=5.2.0.0, Culture=neutral, PublicKeyToken=35a561290d20de2f]].
2024-06-11 10:11:22.979 +01:00 [INF] The response was successfully returned as a JSON document: {
  "issuer": "http://localhost:4480/",
  "authorization_endpoint": "http://localhost:4480/connect/authorize",
  "token_endpoint": "http://localhost:4480/connect/token",
  "introspection_endpoint": "http://localhost:4480/connect/introspect",
  "end_session_endpoint": "http://localhost:4480/connect/logout",
  "userinfo_endpoint": "http://localhost:4480/connect/userinfo",
  "device_authorization_endpoint": "http://localhost:4480/connect/device",
  "jwks_uri": "http://localhost:4480/.well-known/jwks",
  "grant_types_supported": [
    "authorization_code",
    "urn:ietf:params:oauth:grant-type:device_code",
    "implicit",
    "refresh_token",
    "password"
  ],
  "response_types_supported": [
    "code",
    "code id_token",
    "code id_token token",
    "code token"
  ],
  "response_modes_supported": [
    "form_post",
    "fragment",
    "query"
  ],
  "scopes_supported": [
    "openid",
    "offline_access",
    "email",
    "profile",
    "roles",
    "EConculsatMA",
    "BackOffice"
  ],
  "claims_supported": [
    "aud",
    "exp",
    "iat",
    "iss",
    "sub"
  ],
  "id_token_signing_alg_values_supported": [
    "RS256"
  ],
  "code_challenge_methods_supported": [
    "plain",
    "S256"
  ],
  "subject_types_supported": [
    "public"
  ],
  "token_endpoint_auth_methods_supported": [
    "client_secret_post",
    "private_key_jwt",
    "client_secret_basic"
  ],
  "introspection_endpoint_auth_methods_supported": [
    "client_secret_post",
    "private_key_jwt",
    "client_secret_basic"
  ],
  "device_authorization_endpoint_auth_methods_supported": [
    "client_secret_post",
    "private_key_jwt",
    "client_secret_basic"
  ],
  "claims_parameter_supported": false,
  "request_parameter_supported": false,
  "request_uri_parameter_supported": false,
  "authorization_response_iss_parameter_supported": true
}.
2024-06-11 10:11:22.981 +01:00 [DBG] The event OpenIddict.Server.OpenIddictServerEvents+ApplyConfigurationResponseContext was successfully processed by OpenIddict.Server.AspNetCore.OpenIddictServerAspNetCoreHandlers+ProcessJsonResponse`1[[OpenIddict.Server.OpenIddictServerEvents+ApplyConfigurationResponseContext, OpenIddict.Server, Version=5.2.0.0, Culture=neutral, PublicKeyToken=35a561290d20de2f]].
2024-06-11 10:11:22.982 +01:00 [DBG] The event OpenIddict.Server.OpenIddictServerEvents+ApplyConfigurationResponseContext was marked as handled by OpenIddict.Server.AspNetCore.OpenIddictServerAspNetCoreHandlers+ProcessJsonResponse`1[[OpenIddict.Server.OpenIddictServerEvents+ApplyConfigurationResponseContext, OpenIddict.Server, Version=5.2.0.0, Culture=neutral, PublicKeyToken=35a561290d20de2f]].
2024-06-11 10:11:22.983 +01:00 [DBG] The event OpenIddict.Server.OpenIddictServerEvents+ProcessRequestContext was successfully processed by OpenIddict.Server.OpenIddictServerHandlers+Discovery+ApplyConfigurationResponse`1[[OpenIddict.Server.OpenIddictServerEvents+ProcessRequestContext, OpenIddict.Server, Version=5.2.0.0, Culture=neutral, PublicKeyToken=35a561290d20de2f]].
2024-06-11 10:11:22.984 +01:00 [DBG] The event OpenIddict.Server.OpenIddictServerEvents+ProcessRequestContext was marked as handled by OpenIddict.Server.OpenIddictServerHandlers+Discovery+ApplyConfigurationResponse`1[[OpenIddict.Server.OpenIddictServerEvents+ProcessRequestContext, OpenIddict.Server, Version=5.2.0.0, Culture=neutral, PublicKeyToken=35a561290d20de2f]].
